<?xml version="1.0" encoding="utf-8"?>
<rss xmlns:content="http://purl.org/rss/1.0/modules/content/" version="2.0">
  <channel>
    <title><![CDATA[Android Weekly Archive Feed]]></title>
    <link>https://us2.campaign-archive.com/feed?u=887caf4f48db76fd91e20a06d&amp;id=4eb677ad19</link>
    <description><![CDATA[]]></description>
    <pubDate>Sat, 25 Apr 2020 11:29:37 +0000</pubDate>
    <generator>Zend_Feed</generator>
    <docs>http://blogs.law.harvard.edu/tech/rss</docs>
    <item>
      <title><![CDATA[Android Weekly #410 ☕️]]></title>
      <link>https://mailchi.mp/androidweekly/android-weekly-410</link>
      <guid>https://mailchi.mp/androidweekly/android-weekly-410</guid>
      <description><![CDATA[<!DOCTYPE html PUBLIC "-//W3C//DTD XHTML 1.0 Transitional//EN" "http://www.w3.org/TR/xhtml1/DTD/xhtml1-transitional.dtd">
<html xmlns="http://www.w3.org/1999/xhtml">
  <head>
    <meta http-equiv="Content-Type" content="text/html; charset=UTF-8">
    <meta name="viewport" content="width=device-width, initial-scale=1">
    <meta name="format-detection" content="telephone=no">
    <title>Android Weekly #410 ☕️</title>
	  
<style type="text/css">
		#outlook a{
			padding:0;
		}
		body{
			width:100% !important;
			margin:0;
			padding:0;
		}
		body *{
			-ms-text-size-adjust:none!important;
			-webkit-text-size-adjust:none!important;
		}
		body,.wrapper{
			background:#ffffff;
			color:#505050;
			font-family:Arial, sans-serif;
			font-size:12px;
		}
		table,table td{
			border-collapse:collapse;
		}
		h1,span.date{
			font-weight:normal;
			margin:0;
			padding:0;
		}
		h2{
			text-transform:uppercase
        border-bottom: 1px solid #CCCCCC;
			display:block;
			font-size:18px;
			font-weight:400;
			line-height:100%;
			margin:2% 0 1%;
			padding:4px;
			text-align:left;
		}
		img{
			outline:none;
			text-decoration:none;
			border:0;
			height:auto;
			line-height:100%;
		}
		a img{
			border:none;
		}
		a:hover{
			text-decoration:underline!important;
		}
		h1 a:hover{
			text-decoration:none!important;
		}
		.header span{
			font-size:36px;
			font-weight:bold;
			margin-left:15px;
			padding-top:9px;
		}
	@media only screen and (max-width: 540px){
		body[yahoo]{
			width:100%!important;
		}

}	@media only screen and (max-width: 540px){
		body[yahoo] .wrapper{
			margin:0 2%;
			width:96%!important;
		}

}	@media only screen and (max-width: 540px){
		body[yahoo] .wrapper tr,body[yahoo] .wrapper td{
			display:block;
			width:auto!important;
		}

}	@media only screen and (max-width: 540px){
		body[yahoo] .mobile-hidden{
			display:none!important;
		}

}	@media only screen and (max-width: 540px){
		body[yahoo] .wrapper td h1{
			display:block!important;
		}

}	@media only screen and (max-width: 540px){
		body[yahoo] .wrapper td h1 img{
			display:block!important;
			height:auto!important;
			margin-left:auto!important;
			margin-right:auto!important;
		}

}	@media only screen and (max-width: 540px){
		body[yahoo] .wrapper td h1 img:first-child{
			width:90%!important;
			margin-bottom:5px!important;
		}

}	@media only screen and (max-width: 540px){
		body[yahoo] .wrapper td h1 img:last-child{
			width:75%!important;
		}

}	@media only screen and (max-width: 540px){
		body[yahoo] .wrapper td h1 span{
			visibility:visible!important;
			opacity:1!important;
			display:block!important;
			overflow:visible!important;
			height:auto!important;
			width:100%!important;
		}

}	@media only screen and (max-width: 540px){
		body[yahoo] .wrapper td p{
			text-align:justify!important;
		}

}	@media only screen and (max-width: 540px){
		body[yahoo] .wrapper td span.issue-number{
			text-align:center!important;
			display:block!important;
			margin:10px 0 10px 0!important;
			font-size:30px!important;
		}

}	@media only screen and (max-width: 540px){
		body[yahoo] .wrapper td span.date{
			text-align:center!important;
		}

}	@media only screen and (max-width: 540px){
		body[yahoo] .wrapper td h2{
			text-align:center!important;
			font-size:32px!important;
			border:none!important;
			margin-bottom:15px!important;
		}

}	@media only screen and (max-width: 540px){
		body[yahoo] .wrapper td a{
			display:block;
			text-align:center;
			margin:0 auto 5px;
		}

}	@media only screen and (max-width: 540px){
		body[yahoo] .wrapper td span.main-url{
			display:none!important;
		}

}	@media only screen and (max-width: 540px){
		body[yahoo] .wrapper td a.article-headline{
			font-size:20px!important;
		}

}	@media only screen and (max-width: 540px){
		body[yahoo] .wrapper td p{
			font-size:18px!important;
			font-weight:100!important;
		}

}</style></head>
  <body bgcolor="#ffffff" text="#505050" style="background-color: #ffffff;font-family: Arial, sans-serif;font-size: 12px;margin: 0;padding: 0;text-align: center;background: #ffffff;color: #505050;width: 100% !important;" yahoo="fix">
  	<center style="-ms-text-size-adjust: none!important;-webkit-text-size-adjust: none!important;">
      <!-- Pre Header -->
      <table align="center" cellpadding="0" cellspacing="0" class="wrapper" width="510" style="border-collapse: collapse;text-align: center;width: 510px;background: #ffffff;color: #505050;font-family: Arial, sans-serif;font-size: 12px;-ms-text-size-adjust: none!important;-webkit-text-size-adjust: none!important;">
        <!-- whitespace -->
        <tr style="-ms-text-size-adjust: none!important;-webkit-text-size-adjust: none!important;">
            <td class="whitespace" height="20" style="font-size: 0;height: 20px;border-collapse: collapse;-ms-text-size-adjust: none!important;-webkit-text-size-adjust: none!important;">&nbsp;</td>
        </tr>
        <!-- whitespace - end -->
        <tr class="mobile-hidden" style="-ms-text-size-adjust: none!important;-webkit-text-size-adjust: none!important;">
          <td valign="middle" align="center" style="font-family: Arial, sans-serif;font-size: 10px;vertical-align: middle;text-align: center;border-collapse: collapse;-ms-text-size-adjust: none!important;-webkit-text-size-adjust: none!important;">
              <div style="-ms-text-size-adjust: none!important;-webkit-text-size-adjust: none!important;"><a href="https://mailchi.mp/androidweekly/android-weekly-410?e=[UNIQID]" style="border-radius: 4px;background-color: #DDDDDD;padding: 3px;color: white !important;text-decoration: none;-ms-text-size-adjust: none!important;-webkit-text-size-adjust: none!important;">View in browser</a><br style="-ms-text-size-adjust: none!important;-webkit-text-size-adjust: none!important;"></div>
          </td>
        </tr>
        <!-- whitespace -->
        <tr class="mobile-hidden" style="-ms-text-size-adjust: none!important;-webkit-text-size-adjust: none!important;">
            <td class="whitespace" height="20" style="font-size: 0;height: 20px;border-collapse: collapse;-ms-text-size-adjust: none!important;-webkit-text-size-adjust: none!important;">&nbsp;</td>
        </tr>
      </table>
      <!-- Pre Header - End -->

      <!-- Header -->
      <table align="center" cellpadding="0" cellspacing="0" class="wrapper" width="540" style="border-collapse: collapse;text-align: left;width: 540px;background: #ffffff;color: #505050;font-family: Arial, sans-serif;font-size: 12px;-ms-text-size-adjust: none!important;-webkit-text-size-adjust: none!important;">
        <tr style="-ms-text-size-adjust: none!important;-webkit-text-size-adjust: none!important;">
          <td valign="middle" align="left" style="font-family: Arial, sans-serif;vertical-align: middle;text-align: left;border-collapse: collapse;-ms-text-size-adjust: none!important;-webkit-text-size-adjust: none!important;">
            <div style="-ms-text-size-adjust: none!important;-webkit-text-size-adjust: none!important;"><h1 style="display: inline;font-family: Arial;font-size: 36px;font-weight: bold;line-height: 100%;text-align: left;color: #333333;margin: 0;padding: 0;-ms-text-size-adjust: none!important;-webkit-text-size-adjust: none!important;"><a href="http://androidweekly.net" style="text-decoration: none;-ms-text-size-adjust: none!important;-webkit-text-size-adjust: none!important;"><img alt="Android" height="28" src="http://androidweekly.net/assets/newsletter/font-android.jpg" style="border: none;line-height: 100%;outline: none;text-decoration: none;height: 28px;width: auto;-ms-text-size-adjust: none!important;-webkit-text-size-adjust: none!important;" width="auto"> <img alt="Weekly" height="27" src="http://androidweekly.net/assets/newsletter/font-weekly.jpg" style="border: none;line-height: 100%;outline: none;text-decoration: none;height: 27px;width: auto;-ms-text-size-adjust: none!important;-webkit-text-size-adjust: none!important;" width="auto"> </a></h1>
<strong class="issue-number" style="color: #333333;font-size: 36px;font-weight: bold;margin-left: 15px;-ms-text-size-adjust: none!important;-webkit-text-size-adjust: none!important;">#410</strong></div>
          </td>
        </tr>
        <tr style="-ms-text-size-adjust: none!important;-webkit-text-size-adjust: none!important;">
          <td valign="middle" align="left" style="font-family: Arial, sans-serif;vertical-align: middle;text-align: left;border-collapse: collapse;-ms-text-size-adjust: none!important;-webkit-text-size-adjust: none!important;">
            <div style="-ms-text-size-adjust: none!important;-webkit-text-size-adjust: none!important;"><span class="date" style="color: #333333;display: block;font-size: 12px;font-weight: normal;margin: 0;padding: 0;-ms-text-size-adjust: none!important;-webkit-text-size-adjust: none!important;">April 19, 2020</span></div>
          </td>
        </tr>
        <!-- whitespace -->
        <tr style="-ms-text-size-adjust: none!important;-webkit-text-size-adjust: none!important;">
            <td class="whitespace" height="10" style="font-size: 0;height: 10px;border-collapse: collapse;-ms-text-size-adjust: none!important;-webkit-text-size-adjust: none!important;">&nbsp;</td>
        </tr>
        <!-- whitespace - end -->
      </table>
      <!-- Header - End -->

      <!-- separator -->
      <table align="center" cellpadding="0" cellspacing="0" class="wrapper" width="570" style="border-collapse: collapse;text-align: center;width: 570px;background: #ffffff;color: #505050;font-family: Arial, sans-serif;font-size: 12px;-ms-text-size-adjust: none!important;-webkit-text-size-adjust: none!important;">
        <tr style="-ms-text-size-adjust: none!important;-webkit-text-size-adjust: none!important;">
            <td width="570" class="whitespace" height="5" style="background-color: #505050;font-size: 0;height: 5px;width: 570px;border-collapse: collapse;-ms-text-size-adjust: none!important;-webkit-text-size-adjust: none!important;">&nbsp;</td>
        </tr>
        <!-- whitespace -->
        <tr style="-ms-text-size-adjust: none!important;-webkit-text-size-adjust: none!important;">
            <td class="whitespace" height="15" style="font-size: 0;height: 15px;border-collapse: collapse;-ms-text-size-adjust: none!important;-webkit-text-size-adjust: none!important;">&nbsp;</td>
        </tr>
        <!-- whitespace - end -->
      </table>
      <!-- separator - end -->

      <div style="-ms-text-size-adjust: none!important;-webkit-text-size-adjust: none!important;"><table align="center" cellpadding="0" cellspacing="0" class="wrapper" style="border-collapse: collapse;text-align: left;width: 510px;background: #ffffff;color: #505050;font-family: Arial, sans-serif;font-size: 12px;-ms-text-size-adjust: none!important;-webkit-text-size-adjust: none!important;" width="510">
	<tbody style="-ms-text-size-adjust: none!important;-webkit-text-size-adjust: none!important;">
		<tr style="-ms-text-size-adjust: none!important;-webkit-text-size-adjust: none!important;">
			<td align="left" style="font-family: Arial, sans-serif;vertical-align: middle;text-align: left;width: 510px;border-collapse: collapse;-ms-text-size-adjust: none!important;-webkit-text-size-adjust: none!important;" valign="middle" width="510">
			<h2 style="font-size: 18px;text-transform: uppercase;border-bottom: 1px solid #CCCCCC;display: block;font-weight: 400;line-height: 100%;margin: 2% 0 1%;padding: 4px;text-align: left;-ms-text-size-adjust: none!important;-webkit-text-size-adjust: none!important;">Patreon</h2>
			</td>
		</tr>
		<tr style="-ms-text-size-adjust: none!important;-webkit-text-size-adjust: none!important;">
			<td class="whitespace" colspan="2" height="10" style="font-size: 0;height: 10px;border-collapse: collapse;-ms-text-size-adjust: none!important;-webkit-text-size-adjust: none!important;">&nbsp;</td>
		</tr>
	</tbody>
</table>

<table align="center" cellpadding="0" cellspacing="0" class="wrapper" style="border-collapse: collapse;text-align: left;width: 510px;background: #ffffff;color: #505050;font-family: Arial, sans-serif;font-size: 12px;-ms-text-size-adjust: none!important;-webkit-text-size-adjust: none!important;" width="510">
	<tbody style="-ms-text-size-adjust: none!important;-webkit-text-size-adjust: none!important;">
		<tr style="-ms-text-size-adjust: none!important;-webkit-text-size-adjust: none!important;">
			<td align="left" style="font-family: Arial, sans-serif;vertical-align: middle;text-align: left;width: 18%;border-collapse: collapse;-ms-text-size-adjust: none!important;-webkit-text-size-adjust: none!important;" valign="middle" width="18%"><a href="https://www.patreon.com/androidweekly" style="-ms-text-size-adjust: none!important;-webkit-text-size-adjust: none!important;"><img alt="link image" src="https://androidweekly.net/system/images/5e9327/873c93bc382900491a/square_Bildschirmfoto_2020-04-12_um_16.36.44.png" style="border: 1px solid #333333;height: auto;line-height: 100%;outline: none;text-decoration: none;display: inline;-ms-text-size-adjust: none!important;-webkit-text-size-adjust: none!important;"> </a></td>
			<td class="vertical-whitespace" height="20" style="height: 20px;width: 2%;border-collapse: collapse;-ms-text-size-adjust: none!important;-webkit-text-size-adjust: none!important;" valign="top" width="2%">&nbsp;</td>
			<td align="left" style="font-family: Arial, sans-serif;vertical-align: top;font-size: 14px;text-align: left;width: 80%;border-collapse: collapse;-ms-text-size-adjust: none!important;-webkit-text-size-adjust: none!important;" valign="top" width="80%"><a class="article-headline" href="https://www.patreon.com/androidweekly" style="color: #0099CC;text-decoration: none;font-weight: bold;-ms-text-size-adjust: none!important;-webkit-text-size-adjust: none!important;">Android Weekly on Patreon </a>
			<p style="margin: 0;line-height: 1.5em;font-size: 12px;-ms-text-size-adjust: none!important;-webkit-text-size-adjust: none!important;">Your biggest support is to subscribe to our weekly Android development newsletter. But if you want to support us a little bit more, then take a look at our new Patreon page. In the next upcoming weeks, we'll post updates and introduce you to some new benefits for being a Patreeon supporter!</p>
			</td>
		</tr>
		<tr style="-ms-text-size-adjust: none!important;-webkit-text-size-adjust: none!important;">
			<td class="whitespace" colspan="2" height="17" style="font-size: 0;height: 17px;border-collapse: collapse;-ms-text-size-adjust: none!important;-webkit-text-size-adjust: none!important;">&nbsp;</td>
		</tr>
	</tbody>
</table>


<table align="center" cellpadding="0" cellspacing="0" class="wrapper" style="border-collapse: collapse;text-align: left;width: 510px;background: #ffffff;color: #505050;font-family: Arial, sans-serif;font-size: 12px;-ms-text-size-adjust: none!important;-webkit-text-size-adjust: none!important;" width="510">
	<tbody style="-ms-text-size-adjust: none!important;-webkit-text-size-adjust: none!important;">
		<tr style="-ms-text-size-adjust: none!important;-webkit-text-size-adjust: none!important;">
			<td align="left" style="font-family: Arial, sans-serif;vertical-align: middle;text-align: left;width: 510px;border-collapse: collapse;-ms-text-size-adjust: none!important;-webkit-text-size-adjust: none!important;" valign="middle" width="510">
			<h2 style="font-size: 18px;text-transform: uppercase;border-bottom: 1px solid #CCCCCC;display: block;font-weight: 400;line-height: 100%;margin: 2% 0 1%;padding: 4px;text-align: left;-ms-text-size-adjust: none!important;-webkit-text-size-adjust: none!important;">Articles &amp; Tutorials</h2>
			</td>
		</tr>
		<tr style="-ms-text-size-adjust: none!important;-webkit-text-size-adjust: none!important;">
			<td class="whitespace" colspan="2" height="10" style="font-size: 0;height: 10px;border-collapse: collapse;-ms-text-size-adjust: none!important;-webkit-text-size-adjust: none!important;">&nbsp;</td>
		</tr>
	</tbody>
</table>

<table align="center" cellpadding="0" cellspacing="0" class="wrapper" style="border-collapse: collapse;text-align: left;width: 510px;background: #ffffff;color: #505050;font-family: Arial, sans-serif;font-size: 12px;-ms-text-size-adjust: none!important;-webkit-text-size-adjust: none!important;" width="510">
	<tbody style="-ms-text-size-adjust: none!important;-webkit-text-size-adjust: none!important;">
		<tr style="-ms-text-size-adjust: none!important;-webkit-text-size-adjust: none!important;">
			<td align="left" style="font-family: Arial, sans-serif;vertical-align: middle;text-align: left;width: 18%;border-collapse: collapse;-ms-text-size-adjust: none!important;-webkit-text-size-adjust: none!important;" valign="middle" width="18%"><a href="https://adambennett.dev/2020/04/adventures-in-compose-the-doom-fire-effect/" style="-ms-text-size-adjust: none!important;-webkit-text-size-adjust: none!important;"><img alt="link image" src="https://androidweekly.net/system/images/5e9bab/353c93bc382900b400/square_Bildschirmfoto_2020-04-19_um_12.44.44.png" style="border: 1px solid #333333;height: auto;line-height: 100%;outline: none;text-decoration: none;display: inline;-ms-text-size-adjust: none!important;-webkit-text-size-adjust: none!important;"> </a></td>
			<td class="vertical-whitespace" height="20" style="height: 20px;width: 2%;border-collapse: collapse;-ms-text-size-adjust: none!important;-webkit-text-size-adjust: none!important;" valign="top" width="2%">&nbsp;</td>
			<td align="left" style="font-family: Arial, sans-serif;vertical-align: top;font-size: 14px;text-align: left;width: 80%;border-collapse: collapse;-ms-text-size-adjust: none!important;-webkit-text-size-adjust: none!important;" valign="top" width="80%"><a class="article-headline" href="https://adambennett.dev/2020/04/adventures-in-compose-the-doom-fire-effect/" style="color: #0099CC;text-decoration: none;font-weight: bold;-ms-text-size-adjust: none!important;-webkit-text-size-adjust: none!important;">Adventures in Compose - The Doom fire effect </a> <span class="main-url" style="color: #333333;font-size: 10px;-ms-text-size-adjust: none!important;-webkit-text-size-adjust: none!important;"> (adambennett.dev) </span>
			<p style="margin: 0;line-height: 1.5em;font-size: 12px;-ms-text-size-adjust: none!important;-webkit-text-size-adjust: none!important;">Adam Bennett takes the fire effect from the iconic game Doom and implements it using Jetpack Compose.</p>
			</td>
		</tr>
		<tr style="-ms-text-size-adjust: none!important;-webkit-text-size-adjust: none!important;">
			<td class="whitespace" colspan="2" height="17" style="font-size: 0;height: 17px;border-collapse: collapse;-ms-text-size-adjust: none!important;-webkit-text-size-adjust: none!important;">&nbsp;</td>
		</tr>
	</tbody>
</table>

<table align="center" cellpadding="0" cellspacing="0" class="wrapper" style="border-collapse: collapse;text-align: left;width: 510px;background: #ffffff;color: #505050;font-family: Arial, sans-serif;font-size: 12px;-ms-text-size-adjust: none!important;-webkit-text-size-adjust: none!important;" width="510">
	<tbody style="-ms-text-size-adjust: none!important;-webkit-text-size-adjust: none!important;">
		<tr style="-ms-text-size-adjust: none!important;-webkit-text-size-adjust: none!important;">
			<td align="left" style="font-family: Arial, sans-serif;vertical-align: middle;text-align: left;width: 510px;border-collapse: collapse;-ms-text-size-adjust: none!important;-webkit-text-size-adjust: none!important;" valign="middle" width="510">
			<h5 style="font-size: 10px;text-transform: uppercase;border-bottom: 1px dashed #CCCCCC;display: block;font-weight: 400;line-height: 100%;margin: 0 0 5px;text-align: left;-ms-text-size-adjust: none!important;-webkit-text-size-adjust: none!important;">Sponsored</h5>
			</td>
		</tr>
	</tbody>
</table>

<table align="center" cellpadding="0" cellspacing="0" class="wrapper" style="border-collapse: collapse;text-align: left;width: 510px;background: #ffffff;color: #505050;font-family: Arial, sans-serif;font-size: 12px;-ms-text-size-adjust: none!important;-webkit-text-size-adjust: none!important;" width="510">
	<tbody style="-ms-text-size-adjust: none!important;-webkit-text-size-adjust: none!important;">
		<tr style="-ms-text-size-adjust: none!important;-webkit-text-size-adjust: none!important;">
			<td align="left" style="font-family: Arial, sans-serif;vertical-align: middle;text-align: left;width: 18%;border-collapse: collapse;-ms-text-size-adjust: none!important;-webkit-text-size-adjust: none!important;" valign="middle" width="18%"><a href="https://instabug.com/crashlytics-alternative?utm_source=androidweekly&amp;utm_medium=newsletters&amp;utm_campaign=androidweekly-newsletters-q220-april" style="-ms-text-size-adjust: none!important;-webkit-text-size-adjust: none!important;"><img alt="link image" src="https://androidweekly.net/system/images/5e9c2a/223c93bc382900ba50/square_Instabug-Logo-v_color.png" style="border: 1px solid #333333;height: auto;line-height: 100%;outline: none;text-decoration: none;display: inline;-ms-text-size-adjust: none!important;-webkit-text-size-adjust: none!important;"> </a></td>
			<td class="vertical-whitespace" height="20" style="height: 20px;width: 2%;border-collapse: collapse;-ms-text-size-adjust: none!important;-webkit-text-size-adjust: none!important;" valign="top" width="2%">&nbsp;</td>
			<td align="left" style="font-family: Arial, sans-serif;vertical-align: top;font-size: 14px;text-align: left;width: 80%;border-collapse: collapse;-ms-text-size-adjust: none!important;-webkit-text-size-adjust: none!important;" valign="top" width="80%"><a class="article-headline" href="https://instabug.com/crashlytics-alternative?utm_source=androidweekly&amp;utm_medium=newsletters&amp;utm_campaign=androidweekly-newsletters-q220-april" style="color: #0099CC;text-decoration: none;font-weight: bold;-ms-text-size-adjust: none!important;-webkit-text-size-adjust: none!important;">Why The Top Apps Rely on Instabug over Crashlytics </a> <span class="main-url" style="color: #333333;font-size: 10px;-ms-text-size-adjust: none!important;-webkit-text-size-adjust: none!important;"> (instabug.com) </span>
			<p style="margin: 0;line-height: 1.5em;font-size: 12px;-ms-text-size-adjust: none!important;-webkit-text-size-adjust: none!important;">Catch bugs as soon as they happen and know exactly why a crash occurred. With Instabug you will automatically receive device data, network logs, and reproduction steps with every bug and crash report. It only takes a line of code to integrate. See more detailed features comparison and try Instabug for free here.</p>
			</td>
		</tr>
		<tr style="-ms-text-size-adjust: none!important;-webkit-text-size-adjust: none!important;">
			<td class="whitespace" colspan="2" height="17" style="font-size: 0;height: 17px;border-collapse: collapse;-ms-text-size-adjust: none!important;-webkit-text-size-adjust: none!important;">&nbsp;</td>
		</tr>
	</tbody>
</table>

<table align="center" cellpadding="0" cellspacing="0" class="wrapper" style="border-collapse: collapse;text-align: left;width: 510px;background: #ffffff;color: #505050;font-family: Arial, sans-serif;font-size: 12px;-ms-text-size-adjust: none!important;-webkit-text-size-adjust: none!important;" width="510">
	<tbody style="-ms-text-size-adjust: none!important;-webkit-text-size-adjust: none!important;">
		<tr style="-ms-text-size-adjust: none!important;-webkit-text-size-adjust: none!important;">
			<td align="left" style="font-family: Arial, sans-serif;vertical-align: middle;text-align: left;width: 510px;border-collapse: collapse;-ms-text-size-adjust: none!important;-webkit-text-size-adjust: none!important;" valign="middle" width="510">
			<h2 style="font-size: 18px;text-transform: uppercase;border-bottom: 1px solid #CCCCCC;display: block;font-weight: 400;line-height: 100%;margin: 2% 0 1%;padding: 4px;text-align: left;-ms-text-size-adjust: none!important;-webkit-text-size-adjust: none!important;">Jobs</h2>
			</td>
		</tr>
		<tr style="-ms-text-size-adjust: none!important;-webkit-text-size-adjust: none!important;">
			<td class="whitespace" colspan="2" height="10" style="font-size: 0;height: 10px;border-collapse: collapse;-ms-text-size-adjust: none!important;-webkit-text-size-adjust: none!important;">&nbsp;</td>
		</tr>
	</tbody>
</table>

<table align="center" cellpadding="0" cellspacing="0" class="wrapper" style="border-collapse: collapse;text-align: left;width: 510px;background: #ffffff;color: #505050;font-family: Arial, sans-serif;font-size: 12px;-ms-text-size-adjust: none!important;-webkit-text-size-adjust: none!important;" width="510">
	<tbody style="-ms-text-size-adjust: none!important;-webkit-text-size-adjust: none!important;">
		<tr style="-ms-text-size-adjust: none!important;-webkit-text-size-adjust: none!important;">
			<td align="left" style="font-family: Arial, sans-serif;vertical-align: top;font-size: 14px;text-align: left;border-collapse: collapse;-ms-text-size-adjust: none!important;-webkit-text-size-adjust: none!important;" valign="top"><a class="article-headline" href="https://www.linkedin.com/jobs/view/1792210202/" style="color: #0099CC;text-decoration: none;font-weight: bold;-ms-text-size-adjust: none!important;-webkit-text-size-adjust: none!important;">Lead Android Developer </a> <span class="main-url" style="color: #333333;font-size: 10px;-ms-text-size-adjust: none!important;-webkit-text-size-adjust: none!important;"> (Toulouse, France) </span>

			<p style="margin: 0;line-height: 1.5em;font-size: 12px;-ms-text-size-adjust: none!important;-webkit-text-size-adjust: none!important;">Pictarine is looking for their future Lead Android Developer. Our app is noted 4.8 on the Play Store with 220K ratings. In 2019 alone, we printed more than 50 million pictures in the U.S. Become the 18th member of our passionate team. Stack: Kotlin, Java, AndroidX, Glide, Retrofit, Gson, OkHttp</p>
			</td>
		</tr>
		<tr style="-ms-text-size-adjust: none!important;-webkit-text-size-adjust: none!important;">
			<td class="whitespace" colspan="2" height="17" style="font-size: 0;height: 17px;border-collapse: collapse;-ms-text-size-adjust: none!important;-webkit-text-size-adjust: none!important;">&nbsp;</td>
		</tr>
	</tbody>
</table>

<table align="center" cellpadding="0" cellspacing="0" class="wrapper" style="border-collapse: collapse;text-align: left;width: 510px;background: #ffffff;color: #505050;font-family: Arial, sans-serif;font-size: 12px;-ms-text-size-adjust: none!important;-webkit-text-size-adjust: none!important;" width="510">
	<tbody style="-ms-text-size-adjust: none!important;-webkit-text-size-adjust: none!important;">
		<tr style="-ms-text-size-adjust: none!important;-webkit-text-size-adjust: none!important;">
			<td align="left" style="font-family: Arial, sans-serif;vertical-align: middle;text-align: left;width: 510px;border-collapse: collapse;-ms-text-size-adjust: none!important;-webkit-text-size-adjust: none!important;" valign="middle" width="510">
			<h2 style="font-size: 18px;text-transform: uppercase;border-bottom: 1px solid #CCCCCC;display: block;font-weight: 400;line-height: 100%;margin: 2% 0 1%;padding: 4px;text-align: left;-ms-text-size-adjust: none!important;-webkit-text-size-adjust: none!important;">Libraries &amp; Code</h2>
			</td>
		</tr>
		<tr style="-ms-text-size-adjust: none!important;-webkit-text-size-adjust: none!important;">
			<td class="whitespace" colspan="2" height="10" style="font-size: 0;height: 10px;border-collapse: collapse;-ms-text-size-adjust: none!important;-webkit-text-size-adjust: none!important;">&nbsp;</td>
		</tr>
	</tbody>
</table>

<table align="center" cellpadding="0" cellspacing="0" class="wrapper" style="border-collapse: collapse;text-align: left;width: 510px;background: #ffffff;color: #505050;font-family: Arial, sans-serif;font-size: 12px;-ms-text-size-adjust: none!important;-webkit-text-size-adjust: none!important;" width="510">
	<tbody style="-ms-text-size-adjust: none!important;-webkit-text-size-adjust: none!important;">
		<tr style="-ms-text-size-adjust: none!important;-webkit-text-size-adjust: none!important;">
			<td align="left" style="font-family: Arial, sans-serif;vertical-align: middle;text-align: left;width: 18%;border-collapse: collapse;-ms-text-size-adjust: none!important;-webkit-text-size-adjust: none!important;" valign="middle" width="18%"><a href="https://github.com/VladimirWrites/BLTaxi" style="-ms-text-size-adjust: none!important;-webkit-text-size-adjust: none!important;"><img alt="link image" src="https://androidweekly.net/system/images/5e99c0/ef3c93bc3829009a4a/square_Bildschirmfoto_2020-04-19_um_12.45.27.png" style="border: 1px solid #333333;height: auto;line-height: 100%;outline: none;text-decoration: none;display: inline;-ms-text-size-adjust: none!important;-webkit-text-size-adjust: none!important;"> </a></td>
			<td class="vertical-whitespace" height="20" style="height: 20px;width: 2%;border-collapse: collapse;-ms-text-size-adjust: none!important;-webkit-text-size-adjust: none!important;" valign="top" width="2%">&nbsp;</td>
			<td align="left" style="font-family: Arial, sans-serif;vertical-align: top;font-size: 14px;text-align: left;width: 80%;border-collapse: collapse;-ms-text-size-adjust: none!important;-webkit-text-size-adjust: none!important;" valign="top" width="80%"><a class="article-headline" href="https://github.com/VladimirWrites/BLTaxi" style="color: #0099CC;text-decoration: none;font-weight: bold;-ms-text-size-adjust: none!important;-webkit-text-size-adjust: none!important;">BLTaxi </a> <span class="main-url" style="color: #333333;font-size: 10px;-ms-text-size-adjust: none!important;-webkit-text-size-adjust: none!important;"> (github.com) </span>
			<p style="margin: 0;line-height: 1.5em;font-size: 12px;-ms-text-size-adjust: none!important;-webkit-text-size-adjust: none!important;">BL Taxi is a simple app for calling a taxi in the city Banja Luka built using modern Android development tools (100% Kotlin, Android Jetpack, CI pipeline and much more).</p>
			</td>
		</tr>
		<tr style="-ms-text-size-adjust: none!important;-webkit-text-size-adjust: none!important;">
			<td class="whitespace" colspan="2" height="17" style="font-size: 0;height: 17px;border-collapse: collapse;-ms-text-size-adjust: none!important;-webkit-text-size-adjust: none!important;">&nbsp;</td>
		</tr>
	</tbody>
</table>

<table align="center" cellpadding="0" cellspacing="0" class="wrapper" style="border-collapse: collapse;text-align: left;width: 510px;background: #ffffff;color: #505050;font-family: Arial, sans-serif;font-size: 12px;-ms-text-size-adjust: none!important;-webkit-text-size-adjust: none!important;" width="510">
	<tbody style="-ms-text-size-adjust: none!important;-webkit-text-size-adjust: none!important;">
		<tr style="-ms-text-size-adjust: none!important;-webkit-text-size-adjust: none!important;">
			<td align="left" style="font-family: Arial, sans-serif;vertical-align: middle;text-align: left;width: 510px;border-collapse: collapse;-ms-text-size-adjust: none!important;-webkit-text-size-adjust: none!important;" valign="middle" width="510">
			<h2 style="font-size: 18px;text-transform: uppercase;border-bottom: 1px solid #CCCCCC;display: block;font-weight: 400;line-height: 100%;margin: 2% 0 1%;padding: 4px;text-align: left;-ms-text-size-adjust: none!important;-webkit-text-size-adjust: none!important;">Videos &amp; Podcasts</h2>
			</td>
		</tr>
		<tr style="-ms-text-size-adjust: none!important;-webkit-text-size-adjust: none!important;">
			<td class="whitespace" colspan="2" height="10" style="font-size: 0;height: 10px;border-collapse: collapse;-ms-text-size-adjust: none!important;-webkit-text-size-adjust: none!important;">&nbsp;</td>
		</tr>
	</tbody>
</table>

<table align="center" cellpadding="0" cellspacing="0" class="wrapper" style="border-collapse: collapse;text-align: left;width: 510px;background: #ffffff;color: #505050;font-family: Arial, sans-serif;font-size: 12px;-ms-text-size-adjust: none!important;-webkit-text-size-adjust: none!important;" width="510">
	<tbody style="-ms-text-size-adjust: none!important;-webkit-text-size-adjust: none!important;">
		<tr style="-ms-text-size-adjust: none!important;-webkit-text-size-adjust: none!important;">
			<td align="left" style="font-family: Arial, sans-serif;vertical-align: middle;text-align: left;width: 18%;border-collapse: collapse;-ms-text-size-adjust: none!important;-webkit-text-size-adjust: none!important;" valign="middle" width="18%"><a href="https://www.youtube.com/watch?v=b3RXWiBxrz8&amp;feature=youtu.be" style="-ms-text-size-adjust: none!important;-webkit-text-size-adjust: none!important;"><img alt="link image" src="https://androidweekly.net/system/images/5e9bbb/603c93bc382900b46a/square_Bildschirmfoto_2020-04-19_um_12.46.16.png" style="border: 1px solid #333333;height: auto;line-height: 100%;outline: none;text-decoration: none;display: inline;-ms-text-size-adjust: none!important;-webkit-text-size-adjust: none!important;"> </a></td>
			<td class="vertical-whitespace" height="20" style="height: 20px;width: 2%;border-collapse: collapse;-ms-text-size-adjust: none!important;-webkit-text-size-adjust: none!important;" valign="top" width="2%">&nbsp;</td>
			<td align="left" style="font-family: Arial, sans-serif;vertical-align: top;font-size: 14px;text-align: left;width: 80%;border-collapse: collapse;-ms-text-size-adjust: none!important;-webkit-text-size-adjust: none!important;" valign="top" width="80%"><a class="article-headline" href="https://www.youtube.com/watch?v=b3RXWiBxrz8&amp;feature=youtu.be" style="color: #0099CC;text-decoration: none;font-weight: bold;-ms-text-size-adjust: none!important;-webkit-text-size-adjust: none!important;">How we&#39;ve used Kotlin to build a Mobile Design App </a> <span class="main-url" style="color: #333333;font-size: 10px;-ms-text-size-adjust: none!important;-webkit-text-size-adjust: none!important;"> (www.youtube.com) </span>
			<p style="margin: 0;line-height: 1.5em;font-size: 12px;-ms-text-size-adjust: none!important;-webkit-text-size-adjust: none!important;">Rebecca Franks describes her experience working on a Kotlin codebase. She covers some of the features in Kotlin used the most, some features eagerly overused and some of the mistakes made along the way.</p>
			</td>
		</tr>
		<tr style="-ms-text-size-adjust: none!important;-webkit-text-size-adjust: none!important;">
			<td class="whitespace" colspan="2" height="17" style="font-size: 0;height: 17px;border-collapse: collapse;-ms-text-size-adjust: none!important;-webkit-text-size-adjust: none!important;">&nbsp;</td>
		</tr>
	</tbody>
</table>
</div>

      <!-- separator -->
      <table align="center" cellpadding="0" cellspacing="0" class="wrapper" width="570" style="border-collapse: collapse;text-align: center;width: 570px;background: #ffffff;color: #505050;font-family: Arial, sans-serif;font-size: 12px;-ms-text-size-adjust: none!important;-webkit-text-size-adjust: none!important;">
        <!-- whitespace -->
        <tr style="-ms-text-size-adjust: none!important;-webkit-text-size-adjust: none!important;">
            <td class="whitespace" height="10" style="font-size: 0;height: 10px;border-collapse: collapse;-ms-text-size-adjust: none!important;-webkit-text-size-adjust: none!important;">&nbsp;</td>
        </tr>
        <!-- whitespace - end -->
        <tr style="-ms-text-size-adjust: none!important;-webkit-text-size-adjust: none!important;">
            <td width="570" class="whitespace" height="3" style="background-color: #909090;font-size: 0;height: 3px;width: 570px;border-collapse: collapse;-ms-text-size-adjust: none!important;-webkit-text-size-adjust: none!important;">&nbsp;</td>
        </tr>
        <!-- whitespace -->
        <tr style="-ms-text-size-adjust: none!important;-webkit-text-size-adjust: none!important;">
            <td class="whitespace" height="30" style="font-size: 0;height: 30px;border-collapse: collapse;-ms-text-size-adjust: none!important;-webkit-text-size-adjust: none!important;">&nbsp;</td>
        </tr>
        <!-- whitespace - end -->
      </table>
      <!-- separator - end -->

      <!-- Mailchimp Footer -->
      <table align="center" cellpadding="0" cellspacing="0" class="wrapper" width="510" style="border-collapse: collapse;text-align: center;width: 510px;background: #ffffff;color: #505050;font-family: Arial, sans-serif;font-size: 12px;-ms-text-size-adjust: none!important;-webkit-text-size-adjust: none!important;">
        <tr style="-ms-text-size-adjust: none!important;-webkit-text-size-adjust: none!important;">
          <td colspan="3" valign="top" align="center" style="font-family: Arial, sans-serif;vertical-align: top;font-size: 12px;text-align: center;border-collapse: collapse;-ms-text-size-adjust: none!important;-webkit-text-size-adjust: none!important;">
            <div style="-ms-text-size-adjust: none!important;-webkit-text-size-adjust: none!important;">
              <em style="-ms-text-size-adjust: none!important;-webkit-text-size-adjust: none!important;">Copyright &copy; 2020 Android Weekly, All rights reserved.</em>
              <br style="-ms-text-size-adjust: none!important;-webkit-text-size-adjust: none!important;">
              You came here because you want all the new stuff in the android dev world!
              <br style="-ms-text-size-adjust: none!important;-webkit-text-size-adjust: none!important;">
              <br style="-ms-text-size-adjust: none!important;-webkit-text-size-adjust: none!important;">
              <strong style="-ms-text-size-adjust: none!important;-webkit-text-size-adjust: none!important;">Our mailing address is:</strong>
              <br style="-ms-text-size-adjust: none!important;-webkit-text-size-adjust: none!important;">
              <div class="vcard"><span class="org fn">Android Weekly</span><div class="adr"><div class="street-address">Kortumstr. 19-21</div><span class="locality">Bochum</span> <span class="postal-code">44787</span> <div class="country-name">Germany</div></div><br><a href="https://androidweekly.us2.list-manage.com/vcard?u=887caf4f48db76fd91e20a06d&id=4eb677ad19" class="hcard-download">Add us to your address book</a></div>
            </div>
          </td>
        </tr>
        <!-- whitespace -->
        <tr style="-ms-text-size-adjust: none!important;-webkit-text-size-adjust: none!important;">
            <td colspan="3" class="whitespace" height="15" style="font-size: 0;height: 15px;border-collapse: collapse;-ms-text-size-adjust: none!important;-webkit-text-size-adjust: none!important;">&nbsp;</td>
        </tr>
        <!-- whitespace - end -->
      <!-- separator - end -->
        <tr style="-ms-text-size-adjust: none!important;-webkit-text-size-adjust: none!important;">
          <td width="40%" valign="top" align="left" style="font-family: Arial, sans-serif;vertical-align: top;font-size: 11px;text-align: right;width: 40%;border-collapse: collapse;-ms-text-size-adjust: none!important;-webkit-text-size-adjust: none!important;">
            <div style="-ms-text-size-adjust: none!important;-webkit-text-size-adjust: none!important;">
              <a style="color: #505050;-ms-text-size-adjust: none!important;-webkit-text-size-adjust: none!important;" href="https://androidweekly.us2.list-manage.com/profile?u=887caf4f48db76fd91e20a06d&id=4eb677ad19&e=[UNIQID]">update subscription preferences</a>
            </div>
          </td>
          <td width="10%" valign="top" align="left" style="font-family: Arial, sans-serif;vertical-align: top;font-size: 11px;text-align: center;width: 10%;border-collapse: collapse;-ms-text-size-adjust: none!important;-webkit-text-size-adjust: none!important;">
            or
          </td>
          <td width="40%" valign="top" align="right" style="font-family: Arial, sans-serif;vertical-align: top;font-size: 11px;text-align: left;width: 40%;border-collapse: collapse;-ms-text-size-adjust: none!important;-webkit-text-size-adjust: none!important;">
            <div style="-ms-text-size-adjust: none!important;-webkit-text-size-adjust: none!important;">
              <a style="color: #505050;-ms-text-size-adjust: none!important;-webkit-text-size-adjust: none!important;" href="https://androidweekly.us2.list-manage.com/unsubscribe?u=887caf4f48db76fd91e20a06d&id=4eb677ad19&e=[UNIQID]&c=b839a2c7ac">unsubscribe from this list</a>&nbsp;
            </div>
          </td>
        </tr>
        <!-- whitespace -->
        <tr style="-ms-text-size-adjust: none!important;-webkit-text-size-adjust: none!important;">
            <td class="whitespace" height="20" style="font-size: 0;height: 20px;border-collapse: collapse;-ms-text-size-adjust: none!important;-webkit-text-size-adjust: none!important;">&nbsp;</td>
        </tr>
        <!-- whitespace - end -->
      <!-- separator - end -->
      </table>
      <!-- Mailchimp Footer - end -->
    </center>
  </body>
</html>
]]></description>
      <content:encoded><![CDATA[<!DOCTYPE html PUBLIC "-//W3C//DTD XHTML 1.0 Transitional//EN" "http://www.w3.org/TR/xhtml1/DTD/xhtml1-transitional.dtd">
<html xmlns="http://www.w3.org/1999/xhtml">
  <head>
    <meta http-equiv="Content-Type" content="text/html; charset=UTF-8">
    <meta name="viewport" content="width=device-width, initial-scale=1">
    <meta name="format-detection" content="telephone=no">
    <title>Android Weekly #410 ☕️</title>
	  
<style type="text/css">
		#outlook a{
			padding:0;
		}
		body{
			width:100% !important;
			margin:0;
			padding:0;
		}
		body *{
			-ms-text-size-adjust:none!important;
			-webkit-text-size-adjust:none!important;
		}
		body,.wrapper{
			background:#ffffff;
			color:#505050;
			font-family:Arial, sans-serif;
			font-size:12px;
		}
		table,table td{
			border-collapse:collapse;
		}
		h1,span.date{
			font-weight:normal;
			margin:0;
			padding:0;
		}
		h2{
			text-transform:uppercase
        border-bottom: 1px solid #CCCCCC;
			display:block;
			font-size:18px;
			font-weight:400;
			line-height:100%;
			margin:2% 0 1%;
			padding:4px;
			text-align:left;
		}
		img{
			outline:none;
			text-decoration:none;
			border:0;
			height:auto;
			line-height:100%;
		}
		a img{
			border:none;
		}
		a:hover{
			text-decoration:underline!important;
		}
		h1 a:hover{
			text-decoration:none!important;
		}
		.header span{
			font-size:36px;
			font-weight:bold;
			margin-left:15px;
			padding-top:9px;
		}
	@media only screen and (max-width: 540px){
		body[yahoo]{
			width:100%!important;
		}

}	@media only screen and (max-width: 540px){
		body[yahoo] .wrapper{
			margin:0 2%;
			width:96%!important;
		}

}	@media only screen and (max-width: 540px){
		body[yahoo] .wrapper tr,body[yahoo] .wrapper td{
			display:block;
			width:auto!important;
		}

}	@media only screen and (max-width: 540px){
		body[yahoo] .mobile-hidden{
			display:none!important;
		}

}	@media only screen and (max-width: 540px){
		body[yahoo] .wrapper td h1{
			display:block!important;
		}

}	@media only screen and (max-width: 540px){
		body[yahoo] .wrapper td h1 img{
			display:block!important;
			height:auto!important;
			margin-left:auto!important;
			margin-right:auto!important;
		}

}	@media only screen and (max-width: 540px){
		body[yahoo] .wrapper td h1 img:first-child{
			width:90%!important;
			margin-bottom:5px!important;
		}

}	@media only screen and (max-width: 540px){
		body[yahoo] .wrapper td h1 img:last-child{
			width:75%!important;
		}

}	@media only screen and (max-width: 540px){
		body[yahoo] .wrapper td h1 span{
			visibility:visible!important;
			opacity:1!important;
			display:block!important;
			overflow:visible!important;
			height:auto!important;
			width:100%!important;
		}

}	@media only screen and (max-width: 540px){
		body[yahoo] .wrapper td p{
			text-align:justify!important;
		}

}	@media only screen and (max-width: 540px){
		body[yahoo] .wrapper td span.issue-number{
			text-align:center!important;
			display:block!important;
			margin:10px 0 10px 0!important;
			font-size:30px!important;
		}

}	@media only screen and (max-width: 540px){
		body[yahoo] .wrapper td span.date{
			text-align:center!important;
		}

}	@media only screen and (max-width: 540px){
		body[yahoo] .wrapper td h2{
			text-align:center!important;
			font-size:32px!important;
			border:none!important;
			margin-bottom:15px!important;
		}

}	@media only screen and (max-width: 540px){
		body[yahoo] .wrapper td a{
			display:block;
			text-align:center;
			margin:0 auto 5px;
		}

}	@media only screen and (max-width: 540px){
		body[yahoo] .wrapper td span.main-url{
			display:none!important;
		}

}	@media only screen and (max-width: 540px){
		body[yahoo] .wrapper td a.article-headline{
			font-size:20px!important;
		}

}	@media only screen and (max-width: 540px){
		body[yahoo] .wrapper td p{
			font-size:18px!important;
			font-weight:100!important;
		}

}</style></head>
  <body bgcolor="#ffffff" text="#505050" style="background-color: #ffffff;font-family: Arial, sans-serif;font-size: 12px;margin: 0;padding: 0;text-align: center;background: #ffffff;color: #505050;width: 100% !important;" yahoo="fix">
  	<center style="-ms-text-size-adjust: none!important;-webkit-text-size-adjust: none!important;">
      <!-- Pre Header -->
      <table align="center" cellpadding="0" cellspacing="0" class="wrapper" width="510" style="border-collapse: collapse;text-align: center;width: 510px;background: #ffffff;color: #505050;font-family: Arial, sans-serif;font-size: 12px;-ms-text-size-adjust: none!important;-webkit-text-size-adjust: none!important;">
        <!-- whitespace -->
        <tr style="-ms-text-size-adjust: none!important;-webkit-text-size-adjust: none!important;">
            <td class="whitespace" height="20" style="font-size: 0;height: 20px;border-collapse: collapse;-ms-text-size-adjust: none!important;-webkit-text-size-adjust: none!important;">&nbsp;</td>
        </tr>
        <!-- whitespace - end -->
        <tr class="mobile-hidden" style="-ms-text-size-adjust: none!important;-webkit-text-size-adjust: none!important;">
          <td valign="middle" align="center" style="font-family: Arial, sans-serif;font-size: 10px;vertical-align: middle;text-align: center;border-collapse: collapse;-ms-text-size-adjust: none!important;-webkit-text-size-adjust: none!important;">
              <div style="-ms-text-size-adjust: none!important;-webkit-text-size-adjust: none!important;"><a href="https://mailchi.mp/androidweekly/android-weekly-410?e=[UNIQID]" style="border-radius: 4px;background-color: #DDDDDD;padding: 3px;color: white !important;text-decoration: none;-ms-text-size-adjust: none!important;-webkit-text-size-adjust: none!important;">View in browser</a><br style="-ms-text-size-adjust: none!important;-webkit-text-size-adjust: none!important;"></div>
          </td>
        </tr>
        <!-- whitespace -->
        <tr class="mobile-hidden" style="-ms-text-size-adjust: none!important;-webkit-text-size-adjust: none!important;">
            <td class="whitespace" height="20" style="font-size: 0;height: 20px;border-collapse: collapse;-ms-text-size-adjust: none!important;-webkit-text-size-adjust: none!important;">&nbsp;</td>
        </tr>
      </table>
      <!-- Pre Header - End -->

      <!-- Header -->
      <table align="center" cellpadding="0" cellspacing="0" class="wrapper" width="540" style="border-collapse: collapse;text-align: left;width: 540px;background: #ffffff;color: #505050;font-family: Arial, sans-serif;font-size: 12px;-ms-text-size-adjust: none!important;-webkit-text-size-adjust: none!important;">
        <tr style="-ms-text-size-adjust: none!important;-webkit-text-size-adjust: none!important;">
          <td valign="middle" align="left" style="font-family: Arial, sans-serif;vertical-align: middle;text-align: left;border-collapse: collapse;-ms-text-size-adjust: none!important;-webkit-text-size-adjust: none!important;">
            <div style="-ms-text-size-adjust: none!important;-webkit-text-size-adjust: none!important;"><h1 style="display: inline;font-family: Arial;font-size: 36px;font-weight: bold;line-height: 100%;text-align: left;color: #333333;margin: 0;padding: 0;-ms-text-size-adjust: none!important;-webkit-text-size-adjust: none!important;"><a href="http://androidweekly.net" style="text-decoration: none;-ms-text-size-adjust: none!important;-webkit-text-size-adjust: none!important;"><img alt="Android" height="28" src="http://androidweekly.net/assets/newsletter/font-android.jpg" style="border: none;line-height: 100%;outline: none;text-decoration: none;height: 28px;width: auto;-ms-text-size-adjust: none!important;-webkit-text-size-adjust: none!important;" width="auto"> <img alt="Weekly" height="27" src="http://androidweekly.net/assets/newsletter/font-weekly.jpg" style="border: none;line-height: 100%;outline: none;text-decoration: none;height: 27px;width: auto;-ms-text-size-adjust: none!important;-webkit-text-size-adjust: none!important;" width="auto"> </a></h1>
<strong class="issue-number" style="color: #333333;font-size: 36px;font-weight: bold;margin-left: 15px;-ms-text-size-adjust: none!important;-webkit-text-size-adjust: none!important;">#410</strong></div>
          </td>
        </tr>
        <tr style="-ms-text-size-adjust: none!important;-webkit-text-size-adjust: none!important;">
          <td valign="middle" align="left" style="font-family: Arial, sans-serif;vertical-align: middle;text-align: left;border-collapse: collapse;-ms-text-size-adjust: none!important;-webkit-text-size-adjust: none!important;">
            <div style="-ms-text-size-adjust: none!important;-webkit-text-size-adjust: none!important;"><span class="date" style="color: #333333;display: block;font-size: 12px;font-weight: normal;margin: 0;padding: 0;-ms-text-size-adjust: none!important;-webkit-text-size-adjust: none!important;">April 19, 2020</span></div>
          </td>
        </tr>
        <!-- whitespace -->
        <tr style="-ms-text-size-adjust: none!important;-webkit-text-size-adjust: none!important;">
            <td class="whitespace" height="10" style="font-size: 0;height: 10px;border-collapse: collapse;-ms-text-size-adjust: none!important;-webkit-text-size-adjust: none!important;">&nbsp;</td>
        </tr>
        <!-- whitespace - end -->
      </table>
      <!-- Header - End -->

      <!-- separator -->
      <table align="center" cellpadding="0" cellspacing="0" class="wrapper" width="570" style="border-collapse: collapse;text-align: center;width: 570px;background: #ffffff;color: #505050;font-family: Arial, sans-serif;font-size: 12px;-ms-text-size-adjust: none!important;-webkit-text-size-adjust: none!important;">
        <tr style="-ms-text-size-adjust: none!important;-webkit-text-size-adjust: none!important;">
            <td width="570" class="whitespace" height="5" style="background-color: #505050;font-size: 0;height: 5px;width: 570px;border-collapse: collapse;-ms-text-size-adjust: none!important;-webkit-text-size-adjust: none!important;">&nbsp;</td>
        </tr>
        <!-- whitespace -->
        <tr style="-ms-text-size-adjust: none!important;-webkit-text-size-adjust: none!important;">
            <td class="whitespace" height="15" style="font-size: 0;height: 15px;border-collapse: collapse;-ms-text-size-adjust: none!important;-webkit-text-size-adjust: none!important;">&nbsp;</td>
        </tr>
        <!-- whitespace - end -->
      </table>
      <!-- separator - end -->

      <div style="-ms-text-size-adjust: none!important;-webkit-text-size-adjust: none!important;"><table align="center" cellpadding="0" cellspacing="0" class="wrapper" style="border-collapse: collapse;text-align: left;width: 510px;background: #ffffff;color: #505050;font-family: Arial, sans-serif;font-size: 12px;-ms-text-size-adjust: none!important;-webkit-text-size-adjust: none!important;" width="510">
	<tbody style="-ms-text-size-adjust: none!important;-webkit-text-size-adjust: none!important;">
		<tr style="-ms-text-size-adjust: none!important;-webkit-text-size-adjust: none!important;">
			<td align="left" style="font-family: Arial, sans-serif;vertical-align: middle;text-align: left;width: 510px;border-collapse: collapse;-ms-text-size-adjust: none!important;-webkit-text-size-adjust: none!important;" valign="middle" width="510">
			<h2 style="font-size: 18px;text-transform: uppercase;border-bottom: 1px solid #CCCCCC;display: block;font-weight: 400;line-height: 100%;margin: 2% 0 1%;padding: 4px;text-align: left;-ms-text-size-adjust: none!important;-webkit-text-size-adjust: none!important;">Patreon</h2>
			</td>
		</tr>
		<tr style="-ms-text-size-adjust: none!important;-webkit-text-size-adjust: none!important;">
			<td class="whitespace" colspan="2" height="10" style="font-size: 0;height: 10px;border-collapse: collapse;-ms-text-size-adjust: none!important;-webkit-text-size-adjust: none!important;">&nbsp;</td>
		</tr>
	</tbody>
</table>

<table align="center" cellpadding="0" cellspacing="0" class="wrapper" style="border-collapse: collapse;text-align: left;width: 510px;background: #ffffff;color: #505050;font-family: Arial, sans-serif;font-size: 12px;-ms-text-size-adjust: none!important;-webkit-text-size-adjust: none!important;" width="510">
	<tbody style="-ms-text-size-adjust: none!important;-webkit-text-size-adjust: none!important;">
		<tr style="-ms-text-size-adjust: none!important;-webkit-text-size-adjust: none!important;">
			<td align="left" style="font-family: Arial, sans-serif;vertical-align: middle;text-align: left;width: 18%;border-collapse: collapse;-ms-text-size-adjust: none!important;-webkit-text-size-adjust: none!important;" valign="middle" width="18%"><a href="https://www.patreon.com/androidweekly" style="-ms-text-size-adjust: none!important;-webkit-text-size-adjust: none!important;"><img alt="link image" src="https://androidweekly.net/system/images/5e9327/873c93bc382900491a/square_Bildschirmfoto_2020-04-12_um_16.36.44.png" style="border: 1px solid #333333;height: auto;line-height: 100%;outline: none;text-decoration: none;display: inline;-ms-text-size-adjust: none!important;-webkit-text-size-adjust: none!important;"> </a></td>
			<td class="vertical-whitespace" height="20" style="height: 20px;width: 2%;border-collapse: collapse;-ms-text-size-adjust: none!important;-webkit-text-size-adjust: none!important;" valign="top" width="2%">&nbsp;</td>
			<td align="left" style="font-family: Arial, sans-serif;vertical-align: top;font-size: 14px;text-align: left;width: 80%;border-collapse: collapse;-ms-text-size-adjust: none!important;-webkit-text-size-adjust: none!important;" valign="top" width="80%"><a class="article-headline" href="https://www.patreon.com/androidweekly" style="color: #0099CC;text-decoration: none;font-weight: bold;-ms-text-size-adjust: none!important;-webkit-text-size-adjust: none!important;">Android Weekly on Patreon </a>
			<p style="margin: 0;line-height: 1.5em;font-size: 12px;-ms-text-size-adjust: none!important;-webkit-text-size-adjust: none!important;">Your biggest support is to subscribe to our weekly Android development newsletter. But if you want to support us a little bit more, then take a look at our new Patreon page. In the next upcoming weeks, we'll post updates and introduce you to some new benefits for being a Patreeon supporter!</p>
			</td>
		</tr>
		<tr style="-ms-text-size-adjust: none!important;-webkit-text-size-adjust: none!important;">
			<td class="whitespace" colspan="2" height="17" style="font-size: 0;height: 17px;border-collapse: collapse;-ms-text-size-adjust: none!important;-webkit-text-size-adjust: none!important;">&nbsp;</td>
		</tr>
	</tbody>
</table>


<table align="center" cellpadding="0" cellspacing="0" class="wrapper" style="border-collapse: collapse;text-align: left;width: 510px;background: #ffffff;color: #505050;font-family: Arial, sans-serif;font-size: 12px;-ms-text-size-adjust: none!important;-webkit-text-size-adjust: none!important;" width="510">
	<tbody style="-ms-text-size-adjust: none!important;-webkit-text-size-adjust: none!important;">
		<tr style="-ms-text-size-adjust: none!important;-webkit-text-size-adjust: none!important;">
			<td align="left" style="font-family: Arial, sans-serif;vertical-align: middle;text-align: left;width: 510px;border-collapse: collapse;-ms-text-size-adjust: none!important;-webkit-text-size-adjust: none!important;" valign="middle" width="510">
			<h2 style="font-size: 18px;text-transform: uppercase;border-bottom: 1px solid #CCCCCC;display: block;font-weight: 400;line-height: 100%;margin: 2% 0 1%;padding: 4px;text-align: left;-ms-text-size-adjust: none!important;-webkit-text-size-adjust: none!important;">Articles &amp; Tutorials</h2>
			</td>
		</tr>
		<tr style="-ms-text-size-adjust: none!important;-webkit-text-size-adjust: none!important;">
			<td class="whitespace" colspan="2" height="10" style="font-size: 0;height: 10px;border-collapse: collapse;-ms-text-size-adjust: none!important;-webkit-text-size-adjust: none!important;">&nbsp;</td>
		</tr>
	</tbody>
</table>

<table align="center" cellpadding="0" cellspacing="0" class="wrapper" style="border-collapse: collapse;text-align: left;width: 510px;background: #ffffff;color: #505050;font-family: Arial, sans-serif;font-size: 12px;-ms-text-size-adjust: none!important;-webkit-text-size-adjust: none!important;" width="510">
	<tbody style="-ms-text-size-adjust: none!important;-webkit-text-size-adjust: none!important;">
		<tr style="-ms-text-size-adjust: none!important;-webkit-text-size-adjust: none!important;">
			<td align="left" style="font-family: Arial, sans-serif;vertical-align: middle;text-align: left;width: 18%;border-collapse: collapse;-ms-text-size-adjust: none!important;-webkit-text-size-adjust: none!important;" valign="middle" width="18%"><a href="https://adambennett.dev/2020/04/adventures-in-compose-the-doom-fire-effect/" style="-ms-text-size-adjust: none!important;-webkit-text-size-adjust: none!important;"><img alt="link image" src="https://androidweekly.net/system/images/5e9bab/353c93bc382900b400/square_Bildschirmfoto_2020-04-19_um_12.44.44.png" style="border: 1px solid #333333;height: auto;line-height: 100%;outline: none;text-decoration: none;display: inline;-ms-text-size-adjust: none!important;-webkit-text-size-adjust: none!important;"> </a></td>
			<td class="vertical-whitespace" height="20" style="height: 20px;width: 2%;border-collapse: collapse;-ms-text-size-adjust: none!important;-webkit-text-size-adjust: none!important;" valign="top" width="2%">&nbsp;</td>
			<td align="left" style="font-family: Arial, sans-serif;vertical-align: top;font-size: 14px;text-align: left;width: 80%;border-collapse: collapse;-ms-text-size-adjust: none!important;-webkit-text-size-adjust: none!important;" valign="top" width="80%"><a class="article-headline" href="https://adambennett.dev/2020/04/adventures-in-compose-the-doom-fire-effect/" style="color: #0099CC;text-decoration: none;font-weight: bold;-ms-text-size-adjust: none!important;-webkit-text-size-adjust: none!important;">Adventures in Compose - The Doom fire effect </a> <span class="main-url" style="color: #333333;font-size: 10px;-ms-text-size-adjust: none!important;-webkit-text-size-adjust: none!important;"> (adambennett.dev) </span>
			<p style="margin: 0;line-height: 1.5em;font-size: 12px;-ms-text-size-adjust: none!important;-webkit-text-size-adjust: none!important;">Adam Bennett takes the fire effect from the iconic game Doom and implements it using Jetpack Compose.</p>
			</td>
		</tr>
		<tr style="-ms-text-size-adjust: none!important;-webkit-text-size-adjust: none!important;">
			<td class="whitespace" colspan="2" height="17" style="font-size: 0;height: 17px;border-collapse: collapse;-ms-text-size-adjust: none!important;-webkit-text-size-adjust: none!important;">&nbsp;</td>
		</tr>
	</tbody>
</table>

<table align="center" cellpadding="0" cellspacing="0" class="wrapper" style="border-collapse: collapse;text-align: left;width: 510px;background: #ffffff;color: #505050;font-family: Arial, sans-serif;font-size: 12px;-ms-text-size-adjust: none!important;-webkit-text-size-adjust: none!important;" width="510">
	<tbody style="-ms-text-size-adjust: none!important;-webkit-text-size-adjust: none!important;">
		<tr style="-ms-text-size-adjust: none!important;-webkit-text-size-adjust: none!important;">
			<td align="left" style="font-family: Arial, sans-serif;vertical-align: middle;text-align: left;width: 510px;border-collapse: collapse;-ms-text-size-adjust: none!important;-webkit-text-size-adjust: none!important;" valign="middle" width="510">
			<h5 style="font-size: 10px;text-transform: uppercase;border-bottom: 1px dashed #CCCCCC;display: block;font-weight: 400;line-height: 100%;margin: 0 0 5px;text-align: left;-ms-text-size-adjust: none!important;-webkit-text-size-adjust: none!important;">Sponsored</h5>
			</td>
		</tr>
	</tbody>
</table>

<table align="center" cellpadding="0" cellspacing="0" class="wrapper" style="border-collapse: collapse;text-align: left;width: 510px;background: #ffffff;color: #505050;font-family: Arial, sans-serif;font-size: 12px;-ms-text-size-adjust: none!important;-webkit-text-size-adjust: none!important;" width="510">
	<tbody style="-ms-text-size-adjust: none!important;-webkit-text-size-adjust: none!important;">
		<tr style="-ms-text-size-adjust: none!important;-webkit-text-size-adjust: none!important;">
			<td align="left" style="font-family: Arial, sans-serif;vertical-align: middle;text-align: left;width: 18%;border-collapse: collapse;-ms-text-size-adjust: none!important;-webkit-text-size-adjust: none!important;" valign="middle" width="18%"><a href="https://instabug.com/crashlytics-alternative?utm_source=androidweekly&amp;utm_medium=newsletters&amp;utm_campaign=androidweekly-newsletters-q220-april" style="-ms-text-size-adjust: none!important;-webkit-text-size-adjust: none!important;"><img alt="link image" src="https://androidweekly.net/system/images/5e9c2a/223c93bc382900ba50/square_Instabug-Logo-v_color.png" style="border: 1px solid #333333;height: auto;line-height: 100%;outline: none;text-decoration: none;display: inline;-ms-text-size-adjust: none!important;-webkit-text-size-adjust: none!important;"> </a></td>
			<td class="vertical-whitespace" height="20" style="height: 20px;width: 2%;border-collapse: collapse;-ms-text-size-adjust: none!important;-webkit-text-size-adjust: none!important;" valign="top" width="2%">&nbsp;</td>
			<td align="left" style="font-family: Arial, sans-serif;vertical-align: top;font-size: 14px;text-align: left;width: 80%;border-collapse: collapse;-ms-text-size-adjust: none!important;-webkit-text-size-adjust: none!important;" valign="top" width="80%"><a class="article-headline" href="https://instabug.com/crashlytics-alternative?utm_source=androidweekly&amp;utm_medium=newsletters&amp;utm_campaign=androidweekly-newsletters-q220-april" style="color: #0099CC;text-decoration: none;font-weight: bold;-ms-text-size-adjust: none!important;-webkit-text-size-adjust: none!important;">Why The Top Apps Rely on Instabug over Crashlytics </a> <span class="main-url" style="color: #333333;font-size: 10px;-ms-text-size-adjust: none!important;-webkit-text-size-adjust: none!important;"> (instabug.com) </span>
			<p style="margin: 0;line-height: 1.5em;font-size: 12px;-ms-text-size-adjust: none!important;-webkit-text-size-adjust: none!important;">Catch bugs as soon as they happen and know exactly why a crash occurred. With Instabug you will automatically receive device data, network logs, and reproduction steps with every bug and crash report. It only takes a line of code to integrate. See more detailed features comparison and try Instabug for free here.</p>
			</td>
		</tr>
		<tr style="-ms-text-size-adjust: none!important;-webkit-text-size-adjust: none!important;">
			<td class="whitespace" colspan="2" height="17" style="font-size: 0;height: 17px;border-collapse: collapse;-ms-text-size-adjust: none!important;-webkit-text-size-adjust: none!important;">&nbsp;</td>
		</tr>
	</tbody>
</table>

<table align="center" cellpadding="0" cellspacing="0" class="wrapper" style="border-collapse: collapse;text-align: left;width: 510px;background: #ffffff;color: #505050;font-family: Arial, sans-serif;font-size: 12px;-ms-text-size-adjust: none!important;-webkit-text-size-adjust: none!important;" width="510">
	<tbody style="-ms-text-size-adjust: none!important;-webkit-text-size-adjust: none!important;">
		<tr style="-ms-text-size-adjust: none!important;-webkit-text-size-adjust: none!important;">
			<td align="left" style="font-family: Arial, sans-serif;vertical-align: top;font-size: 14px;text-align: left;border-collapse: collapse;-ms-text-size-adjust: none!important;-webkit-text-size-adjust: none!important;" valign="top"><a class="article-headline" href="https://proandroiddev.com/connectivity-network-internet-state-change-on-android-10-and-above-311fb761925" style="color: #0099CC;text-decoration: none;font-weight: bold;-ms-text-size-adjust: none!important;-webkit-text-size-adjust: none!important;">Connectivity State on Android 10 and Above </a> <span class="main-url" style="color: #333333;font-size: 10px;-ms-text-size-adjust: none!important;-webkit-text-size-adjust: none!important;"> (proandroiddev.com) </span>

			<p style="margin: 0;line-height: 1.5em;font-size: 12px;-ms-text-size-adjust: none!important;-webkit-text-size-adjust: none!important;">A flaky network is something we&#39;ve all experienced. Some of you may have written code to deal with it and you know that these corner cases always lead to brittle code. In this post you&#39;ll learn about NetworkCallback and how to use it in your app.</p>
			</td>
		</tr>
		<tr style="-ms-text-size-adjust: none!important;-webkit-text-size-adjust: none!important;">
			<td class="whitespace" colspan="2" height="17" style="font-size: 0;height: 17px;border-collapse: collapse;-ms-text-size-adjust: none!important;-webkit-text-size-adjust: none!important;">&nbsp;</td>
		</tr>
	</tbody>
</table>

<table align="center" cellpadding="0" cellspacing="0" class="wrapper" style="border-collapse: collapse;text-align: left;width: 510px;background: #ffffff;color: #505050;font-family: Arial, sans-serif;font-size: 12px;-ms-text-size-adjust: none!important;-webkit-text-size-adjust: none!important;" width="510">
	<tbody style="-ms-text-size-adjust: none!important;-webkit-text-size-adjust: none!important;">
		<tr style="-ms-text-size-adjust: none!important;-webkit-text-size-adjust: none!important;">
			<td align="left" style="font-family: Arial, sans-serif;vertical-align: middle;text-align: left;width: 510px;border-collapse: collapse;-ms-text-size-adjust: none!important;-webkit-text-size-adjust: none!important;" valign="middle" width="510">
			<h5 style="font-size: 10px;text-transform: uppercase;border-bottom: 1px dashed #CCCCCC;display: block;font-weight: 400;line-height: 100%;margin: 0 0 5px;text-align: left;-ms-text-size-adjust: none!important;-webkit-text-size-adjust: none!important;">Sponsored</h5>
			</td>
		</tr>
	</tbody>
</table>

<table align="center" cellpadding="0" cellspacing="0" class="wrapper" style="border-collapse: collapse;text-align: left;width: 510px;background: #ffffff;color: #505050;font-family: Arial, sans-serif;font-size: 12px;-ms-text-size-adjust: none!important;-webkit-text-size-adjust: none!important;" width="510">
	<tbody style="-ms-text-size-adjust: none!important;-webkit-text-size-adjust: none!important;">
		<tr style="-ms-text-size-adjust: none!important;-webkit-text-size-adjust: none!important;">
			<td align="left" style="font-family: Arial, sans-serif;vertical-align: middle;text-align: left;width: 18%;border-collapse: collapse;-ms-text-size-adjust: none!important;-webkit-text-size-adjust: none!important;" valign="middle" width="18%"><a href="https://www.pathsense.com/android-geofence.html?utm_source=androidweekly&amp;utm_medium=email&amp;utm_content=androidgeofence" style="-ms-text-size-adjust: none!important;-webkit-text-size-adjust: none!important;"><img alt="link image" src="https://androidweekly.net/system/images/5e9c2a/5f3c93bc382900ba59/square_pathsense-sqr-logo-gradient.png" style="border: 1px solid #333333;height: auto;line-height: 100%;outline: none;text-decoration: none;display: inline;-ms-text-size-adjust: none!important;-webkit-text-size-adjust: none!important;"> </a></td>
			<td class="vertical-whitespace" height="20" style="height: 20px;width: 2%;border-collapse: collapse;-ms-text-size-adjust: none!important;-webkit-text-size-adjust: none!important;" valign="top" width="2%">&nbsp;</td>
			<td align="left" style="font-family: Arial, sans-serif;vertical-align: top;font-size: 14px;text-align: left;width: 80%;border-collapse: collapse;-ms-text-size-adjust: none!important;-webkit-text-size-adjust: none!important;" valign="top" width="80%"><a class="article-headline" href="https://www.pathsense.com/android-geofence.html?utm_source=androidweekly&amp;utm_medium=email&amp;utm_content=androidgeofence" style="color: #0099CC;text-decoration: none;font-weight: bold;-ms-text-size-adjust: none!important;-webkit-text-size-adjust: none!important;">PathSense Smart Geofence, 6x Faster Than Google </a> <span class="main-url" style="color: #333333;font-size: 10px;-ms-text-size-adjust: none!important;-webkit-text-size-adjust: none!important;"> (www.pathsense.com) </span>
			<p style="margin: 0;line-height: 1.5em;font-size: 12px;-ms-text-size-adjust: none!important;-webkit-text-size-adjust: none!important;">PathSense Smart Geofence for Android &amp; iOS is: 6x faster and 6x more accurate than Google Play Geofencing. Reliable in waking up your app from the background. Optimized for Android O, P, and Q. Test the SDK in your App for FREE today!</p>
			</td>
		</tr>
		<tr style="-ms-text-size-adjust: none!important;-webkit-text-size-adjust: none!important;">
			<td class="whitespace" colspan="2" height="17" style="font-size: 0;height: 17px;border-collapse: collapse;-ms-text-size-adjust: none!important;-webkit-text-size-adjust: none!important;">&nbsp;</td>
		</tr>
	</tbody>
</table>

<table align="center" cellpadding="0" cellspacing="0" class="wrapper" style="border-collapse: collapse;text-align: left;width: 510px;background: #ffffff;color: #505050;font-family: Arial, sans-serif;font-size: 12px;-ms-text-size-adjust: none!important;-webkit-text-size-adjust: none!important;" width="510">
	<tbody style="-ms-text-size-adjust: none!important;-webkit-text-size-adjust: none!important;">
		<tr style="-ms-text-size-adjust: none!important;-webkit-text-size-adjust: none!important;">
			<td align="left" style="font-family: Arial, sans-serif;vertical-align: top;font-size: 14px;text-align: left;border-collapse: collapse;-ms-text-size-adjust: none!important;-webkit-text-size-adjust: none!important;" valign="top"><a class="article-headline" href="https://proandroiddev.com/kotlin-multiplatform-firebase-mvvm-4cdcddd98893" style="color: #0099CC;text-decoration: none;font-weight: bold;-ms-text-size-adjust: none!important;-webkit-text-size-adjust: none!important;">Kotlin Multiplatform &mdash; Firebase + MVVM </a> <span class="main-url" style="color: #333333;font-size: 10px;-ms-text-size-adjust: none!important;-webkit-text-size-adjust: none!important;"> (proandroiddev.com) </span>

			<p style="margin: 0;line-height: 1.5em;font-size: 12px;-ms-text-size-adjust: none!important;-webkit-text-size-adjust: none!important;">Javier Arroyo shares an examples of how to write a Kotlin Multiplatform app that communicates with Firebase.</p>
			</td>
		</tr>
		<tr style="-ms-text-size-adjust: none!important;-webkit-text-size-adjust: none!important;">
			<td class="whitespace" colspan="2" height="17" style="font-size: 0;height: 17px;border-collapse: collapse;-ms-text-size-adjust: none!important;-webkit-text-size-adjust: none!important;">&nbsp;</td>
		</tr>
	</tbody>
</table>

<table align="center" cellpadding="0" cellspacing="0" class="wrapper" style="border-collapse: collapse;text-align: left;width: 510px;background: #ffffff;color: #505050;font-family: Arial, sans-serif;font-size: 12px;-ms-text-size-adjust: none!important;-webkit-text-size-adjust: none!important;" width="510">
	<tbody style="-ms-text-size-adjust: none!important;-webkit-text-size-adjust: none!important;">
		<tr style="-ms-text-size-adjust: none!important;-webkit-text-size-adjust: none!important;">
			<td align="left" style="font-family: Arial, sans-serif;vertical-align: top;font-size: 14px;text-align: left;border-collapse: collapse;-ms-text-size-adjust: none!important;-webkit-text-size-adjust: none!important;" valign="top"><a class="article-headline" href="https://blog.stylingandroid.com/constraintlayout-sized-align/?utm_source=feedly&amp;utm_medium=rss&amp;utm_campaign=constraintlayout-sized-align" style="color: #0099CC;text-decoration: none;font-weight: bold;-ms-text-size-adjust: none!important;-webkit-text-size-adjust: none!important;">ConstraintLayout: Sized Align - Styling Android </a> <span class="main-url" style="color: #333333;font-size: 10px;-ms-text-size-adjust: none!important;-webkit-text-size-adjust: none!important;"> (blog.stylingandroid.com) </span>

			<p style="margin: 0;line-height: 1.5em;font-size: 12px;-ms-text-size-adjust: none!important;-webkit-text-size-adjust: none!important;">Mark Allison continues looking at the extremely powerful ConstraintLayout, this time showing how to adjust the alignment to a group of controls without using container views.</p>
			</td>
		</tr>
		<tr style="-ms-text-size-adjust: none!important;-webkit-text-size-adjust: none!important;">
			<td class="whitespace" colspan="2" height="17" style="font-size: 0;height: 17px;border-collapse: collapse;-ms-text-size-adjust: none!important;-webkit-text-size-adjust: none!important;">&nbsp;</td>
		</tr>
	</tbody>
</table>

<table align="center" cellpadding="0" cellspacing="0" class="wrapper" style="border-collapse: collapse;text-align: left;width: 510px;background: #ffffff;color: #505050;font-family: Arial, sans-serif;font-size: 12px;-ms-text-size-adjust: none!important;-webkit-text-size-adjust: none!important;" width="510">
	<tbody style="-ms-text-size-adjust: none!important;-webkit-text-size-adjust: none!important;">
		<tr style="-ms-text-size-adjust: none!important;-webkit-text-size-adjust: none!important;">
			<td align="left" style="font-family: Arial, sans-serif;vertical-align: top;font-size: 14px;text-align: left;border-collapse: collapse;-ms-text-size-adjust: none!important;-webkit-text-size-adjust: none!important;" valign="top"><a class="article-headline" href="https://wajahatkarim.substack.com/p/how-to-become-a-google-developer" style="color: #0099CC;text-decoration: none;font-weight: bold;-ms-text-size-adjust: none!important;-webkit-text-size-adjust: none!important;">How to Become a Google Developer Expert? </a> <span class="main-url" style="color: #333333;font-size: 10px;-ms-text-size-adjust: none!important;-webkit-text-size-adjust: none!important;"> (wajahatkarim.substack.com) </span>

			<p style="margin: 0;line-height: 1.5em;font-size: 12px;-ms-text-size-adjust: none!important;-webkit-text-size-adjust: none!important;">Wajahat Karim describes some of the steps he took to become Pakistan&rsquo;s first Google Developer Expert in Android.</p>
			</td>
		</tr>
		<tr style="-ms-text-size-adjust: none!important;-webkit-text-size-adjust: none!important;">
			<td class="whitespace" colspan="2" height="17" style="font-size: 0;height: 17px;border-collapse: collapse;-ms-text-size-adjust: none!important;-webkit-text-size-adjust: none!important;">&nbsp;</td>
		</tr>
	</tbody>
</table>

<table align="center" cellpadding="0" cellspacing="0" class="wrapper" style="border-collapse: collapse;text-align: left;width: 510px;background: #ffffff;color: #505050;font-family: Arial, sans-serif;font-size: 12px;-ms-text-size-adjust: none!important;-webkit-text-size-adjust: none!important;" width="510">
	<tbody style="-ms-text-size-adjust: none!important;-webkit-text-size-adjust: none!important;">
		<tr style="-ms-text-size-adjust: none!important;-webkit-text-size-adjust: none!important;">
			<td align="left" style="font-family: Arial, sans-serif;vertical-align: top;font-size: 14px;text-align: left;border-collapse: collapse;-ms-text-size-adjust: none!important;-webkit-text-size-adjust: none!important;" valign="top"><a class="article-headline" href="https://www.rockandnull.com/build-variants-android/" style="color: #0099CC;text-decoration: none;font-weight: bold;-ms-text-size-adjust: none!important;-webkit-text-size-adjust: none!important;">Build variants in Android </a> <span class="main-url" style="color: #333333;font-size: 10px;-ms-text-size-adjust: none!important;-webkit-text-size-adjust: none!important;"> (www.rockandnull.com) </span>

			<p style="margin: 0;line-height: 1.5em;font-size: 12px;-ms-text-size-adjust: none!important;-webkit-text-size-adjust: none!important;">Slightly changing an Android app depending on various configurations is quite a common scenario. Bevan Steele takes a look at build variants to help achieve this.</p>
			</td>
		</tr>
		<tr style="-ms-text-size-adjust: none!important;-webkit-text-size-adjust: none!important;">
			<td class="whitespace" colspan="2" height="17" style="font-size: 0;height: 17px;border-collapse: collapse;-ms-text-size-adjust: none!important;-webkit-text-size-adjust: none!important;">&nbsp;</td>
		</tr>
	</tbody>
</table>

<table align="center" cellpadding="0" cellspacing="0" class="wrapper" style="border-collapse: collapse;text-align: left;width: 510px;background: #ffffff;color: #505050;font-family: Arial, sans-serif;font-size: 12px;-ms-text-size-adjust: none!important;-webkit-text-size-adjust: none!important;" width="510">
	<tbody style="-ms-text-size-adjust: none!important;-webkit-text-size-adjust: none!important;">
		<tr style="-ms-text-size-adjust: none!important;-webkit-text-size-adjust: none!important;">
			<td align="left" style="font-family: Arial, sans-serif;vertical-align: top;font-size: 14px;text-align: left;border-collapse: collapse;-ms-text-size-adjust: none!important;-webkit-text-size-adjust: none!important;" valign="top"><a class="article-headline" href="https://www.techyourchance.com/callback-hell-android/" style="color: #0099CC;text-decoration: none;font-weight: bold;-ms-text-size-adjust: none!important;-webkit-text-size-adjust: none!important;">Callback Hell in Android </a> <span class="main-url" style="color: #333333;font-size: 10px;-ms-text-size-adjust: none!important;-webkit-text-size-adjust: none!important;"> (www.techyourchance.com) </span>

			<p style="margin: 0;line-height: 1.5em;font-size: 12px;-ms-text-size-adjust: none!important;-webkit-text-size-adjust: none!important;">In this post, Vasiliy Zukanov explains what Callback Hell is and how to fix it in your code!</p>
			</td>
		</tr>
		<tr style="-ms-text-size-adjust: none!important;-webkit-text-size-adjust: none!important;">
			<td class="whitespace" colspan="2" height="17" style="font-size: 0;height: 17px;border-collapse: collapse;-ms-text-size-adjust: none!important;-webkit-text-size-adjust: none!important;">&nbsp;</td>
		</tr>
	</tbody>
</table>

<table align="center" cellpadding="0" cellspacing="0" class="wrapper" style="border-collapse: collapse;text-align: left;width: 510px;background: #ffffff;color: #505050;font-family: Arial, sans-serif;font-size: 12px;-ms-text-size-adjust: none!important;-webkit-text-size-adjust: none!important;" width="510">
	<tbody style="-ms-text-size-adjust: none!important;-webkit-text-size-adjust: none!important;">
		<tr style="-ms-text-size-adjust: none!important;-webkit-text-size-adjust: none!important;">
			<td align="left" style="font-family: Arial, sans-serif;vertical-align: top;font-size: 14px;text-align: left;border-collapse: collapse;-ms-text-size-adjust: none!important;-webkit-text-size-adjust: none!important;" valign="top"><a class="article-headline" href="https://handstandsam.com/2020/04/12/where-should-i-put-kotlin-code-in-an-android-project/" style="color: #0099CC;text-decoration: none;font-weight: bold;-ms-text-size-adjust: none!important;-webkit-text-size-adjust: none!important;">Where Should I Put Kotlin Code in an Android Project? </a> <span class="main-url" style="color: #333333;font-size: 10px;-ms-text-size-adjust: none!important;-webkit-text-size-adjust: none!important;"> (handstandsam.com) </span>

			<p style="margin: 0;line-height: 1.5em;font-size: 12px;-ms-text-size-adjust: none!important;-webkit-text-size-adjust: none!important;">Sam Edwards answers the question and puts it into perspective.</p>
			</td>
		</tr>
		<tr style="-ms-text-size-adjust: none!important;-webkit-text-size-adjust: none!important;">
			<td class="whitespace" colspan="2" height="17" style="font-size: 0;height: 17px;border-collapse: collapse;-ms-text-size-adjust: none!important;-webkit-text-size-adjust: none!important;">&nbsp;</td>
		</tr>
	</tbody>
</table>

<table align="center" cellpadding="0" cellspacing="0" class="wrapper" style="border-collapse: collapse;text-align: left;width: 510px;background: #ffffff;color: #505050;font-family: Arial, sans-serif;font-size: 12px;-ms-text-size-adjust: none!important;-webkit-text-size-adjust: none!important;" width="510">
	<tbody style="-ms-text-size-adjust: none!important;-webkit-text-size-adjust: none!important;">
		<tr style="-ms-text-size-adjust: none!important;-webkit-text-size-adjust: none!important;">
			<td align="left" style="font-family: Arial, sans-serif;vertical-align: top;font-size: 14px;text-align: left;border-collapse: collapse;-ms-text-size-adjust: none!important;-webkit-text-size-adjust: none!important;" valign="top"><a class="article-headline" href="https://medium.com/androiddevelopers/database-inspector-9e91aa265316" style="color: #0099CC;text-decoration: none;font-weight: bold;-ms-text-size-adjust: none!important;-webkit-text-size-adjust: none!important;">Database Inspector </a> <span class="main-url" style="color: #333333;font-size: 10px;-ms-text-size-adjust: none!important;-webkit-text-size-adjust: none!important;"> (medium.com) </span>

			<p style="margin: 0;line-height: 1.5em;font-size: 12px;-ms-text-size-adjust: none!important;-webkit-text-size-adjust: none!important;">Murat Yener introduces a new tool called Database Inspector which helps you inspect, query, and modify databases in your running app. It&#39;s currently available in the latest version of Android Studio 4.1</p>
			</td>
		</tr>
		<tr style="-ms-text-size-adjust: none!important;-webkit-text-size-adjust: none!important;">
			<td class="whitespace" colspan="2" height="17" style="font-size: 0;height: 17px;border-collapse: collapse;-ms-text-size-adjust: none!important;-webkit-text-size-adjust: none!important;">&nbsp;</td>
		</tr>
	</tbody>
</table>

<table align="center" cellpadding="0" cellspacing="0" class="wrapper" style="border-collapse: collapse;text-align: left;width: 510px;background: #ffffff;color: #505050;font-family: Arial, sans-serif;font-size: 12px;-ms-text-size-adjust: none!important;-webkit-text-size-adjust: none!important;" width="510">
	<tbody style="-ms-text-size-adjust: none!important;-webkit-text-size-adjust: none!important;">
		<tr style="-ms-text-size-adjust: none!important;-webkit-text-size-adjust: none!important;">
			<td align="left" style="font-family: Arial, sans-serif;vertical-align: top;font-size: 14px;text-align: left;border-collapse: collapse;-ms-text-size-adjust: none!important;-webkit-text-size-adjust: none!important;" valign="top"><a class="article-headline" href="http://joebirch.co/android/exploring-jetpack-compose-radio-button/" style="color: #0099CC;text-decoration: none;font-weight: bold;-ms-text-size-adjust: none!important;-webkit-text-size-adjust: none!important;">Exploring Jetpack Compose: Radio Button </a> <span class="main-url" style="color: #333333;font-size: 10px;-ms-text-size-adjust: none!important;-webkit-text-size-adjust: none!important;"> (joebirch.co) </span>

			<p style="margin: 0;line-height: 1.5em;font-size: 12px;-ms-text-size-adjust: none!important;-webkit-text-size-adjust: none!important;">Joe Birch&#39;s quick intro to using Radio Buttons in Jetpack Compose</p>
			</td>
		</tr>
		<tr style="-ms-text-size-adjust: none!important;-webkit-text-size-adjust: none!important;">
			<td class="whitespace" colspan="2" height="17" style="font-size: 0;height: 17px;border-collapse: collapse;-ms-text-size-adjust: none!important;-webkit-text-size-adjust: none!important;">&nbsp;</td>
		</tr>
	</tbody>
</table>

<table align="center" cellpadding="0" cellspacing="0" class="wrapper" style="border-collapse: collapse;text-align: left;width: 510px;background: #ffffff;color: #505050;font-family: Arial, sans-serif;font-size: 12px;-ms-text-size-adjust: none!important;-webkit-text-size-adjust: none!important;" width="510">
	<tbody style="-ms-text-size-adjust: none!important;-webkit-text-size-adjust: none!important;">
		<tr style="-ms-text-size-adjust: none!important;-webkit-text-size-adjust: none!important;">
			<td align="left" style="font-family: Arial, sans-serif;vertical-align: top;font-size: 14px;text-align: left;border-collapse: collapse;-ms-text-size-adjust: none!important;-webkit-text-size-adjust: none!important;" valign="top"><a class="article-headline" href="https://medium.com/androiddevelopers/migrating-to-material-components-for-android-ec6757795351" style="color: #0099CC;text-decoration: none;font-weight: bold;-ms-text-size-adjust: none!important;-webkit-text-size-adjust: none!important;">Migrating to Material Components for Android </a> <span class="main-url" style="color: #333333;font-size: 10px;-ms-text-size-adjust: none!important;-webkit-text-size-adjust: none!important;"> (medium.com) </span>

			<p style="margin: 0;line-height: 1.5em;font-size: 12px;-ms-text-size-adjust: none!important;-webkit-text-size-adjust: none!important;">Nick Rout walks you through the steps needed for moving from Android Support libs to Material Design components versions 1.0.0 and 1.1.0.</p>
			</td>
		</tr>
		<tr style="-ms-text-size-adjust: none!important;-webkit-text-size-adjust: none!important;">
			<td class="whitespace" colspan="2" height="17" style="font-size: 0;height: 17px;border-collapse: collapse;-ms-text-size-adjust: none!important;-webkit-text-size-adjust: none!important;">&nbsp;</td>
		</tr>
	</tbody>
</table>

<table align="center" cellpadding="0" cellspacing="0" class="wrapper" style="border-collapse: collapse;text-align: left;width: 510px;background: #ffffff;color: #505050;font-family: Arial, sans-serif;font-size: 12px;-ms-text-size-adjust: none!important;-webkit-text-size-adjust: none!important;" width="510">
	<tbody style="-ms-text-size-adjust: none!important;-webkit-text-size-adjust: none!important;">
		<tr style="-ms-text-size-adjust: none!important;-webkit-text-size-adjust: none!important;">
			<td align="left" style="font-family: Arial, sans-serif;vertical-align: top;font-size: 14px;text-align: left;border-collapse: collapse;-ms-text-size-adjust: none!important;-webkit-text-size-adjust: none!important;" valign="top"><a class="article-headline" href="https://jakewharton.com/simple-multiplatform-rpc-with-kotlin-serialization/" style="color: #0099CC;text-decoration: none;font-weight: bold;-ms-text-size-adjust: none!important;-webkit-text-size-adjust: none!important;">Simple Multiplatform RPC with Kotlin Serialization </a> <span class="main-url" style="color: #333333;font-size: 10px;-ms-text-size-adjust: none!important;-webkit-text-size-adjust: none!important;"> (jakewharton.com) </span>

			<p style="margin: 0;line-height: 1.5em;font-size: 12px;-ms-text-size-adjust: none!important;-webkit-text-size-adjust: none!important;">Jake Wharton demonstrates how Kotlin Serialization can be used to pass data between Android and Kotlin/JS.</p>
			</td>
		</tr>
		<tr style="-ms-text-size-adjust: none!important;-webkit-text-size-adjust: none!important;">
			<td class="whitespace" colspan="2" height="17" style="font-size: 0;height: 17px;border-collapse: collapse;-ms-text-size-adjust: none!important;-webkit-text-size-adjust: none!important;">&nbsp;</td>
		</tr>
	</tbody>
</table>

<table align="center" cellpadding="0" cellspacing="0" class="wrapper" style="border-collapse: collapse;text-align: left;width: 510px;background: #ffffff;color: #505050;font-family: Arial, sans-serif;font-size: 12px;-ms-text-size-adjust: none!important;-webkit-text-size-adjust: none!important;" width="510">
	<tbody style="-ms-text-size-adjust: none!important;-webkit-text-size-adjust: none!important;">
		<tr style="-ms-text-size-adjust: none!important;-webkit-text-size-adjust: none!important;">
			<td align="left" style="font-family: Arial, sans-serif;vertical-align: top;font-size: 14px;text-align: left;border-collapse: collapse;-ms-text-size-adjust: none!important;-webkit-text-size-adjust: none!important;" valign="top"><a class="article-headline" href="https://badootech.badoo.com/mvi-in-kotlin-multiplatform-part-1-1-of-3-205c6feb4ac7" style="color: #0099CC;text-decoration: none;font-weight: bold;-ms-text-size-adjust: none!important;-webkit-text-size-adjust: none!important;">MVI in Kotlin Multiplatform &mdash; part 1 of 3 </a> <span class="main-url" style="color: #333333;font-size: 10px;-ms-text-size-adjust: none!important;-webkit-text-size-adjust: none!important;"> (badootech.badoo.com) </span>

			<p style="margin: 0;line-height: 1.5em;font-size: 12px;-ms-text-size-adjust: none!important;-webkit-text-size-adjust: none!important;">Arkadii Ivanov has found that MVI is a perfect pattern to use when using Kotlin Multi-Platform. In this first part, he examines what MVI is, and how this can be applied in a multi-platform world.</p>
			</td>
		</tr>
		<tr style="-ms-text-size-adjust: none!important;-webkit-text-size-adjust: none!important;">
			<td class="whitespace" colspan="2" height="17" style="font-size: 0;height: 17px;border-collapse: collapse;-ms-text-size-adjust: none!important;-webkit-text-size-adjust: none!important;">&nbsp;</td>
		</tr>
	</tbody>
</table>

<table align="center" cellpadding="0" cellspacing="0" class="wrapper" style="border-collapse: collapse;text-align: left;width: 510px;background: #ffffff;color: #505050;font-family: Arial, sans-serif;font-size: 12px;-ms-text-size-adjust: none!important;-webkit-text-size-adjust: none!important;" width="510">
	<tbody style="-ms-text-size-adjust: none!important;-webkit-text-size-adjust: none!important;">
		<tr style="-ms-text-size-adjust: none!important;-webkit-text-size-adjust: none!important;">
			<td align="left" style="font-family: Arial, sans-serif;vertical-align: middle;text-align: left;width: 510px;border-collapse: collapse;-ms-text-size-adjust: none!important;-webkit-text-size-adjust: none!important;" valign="middle" width="510">
			<h2 style="font-size: 18px;text-transform: uppercase;border-bottom: 1px solid #CCCCCC;display: block;font-weight: 400;line-height: 100%;margin: 2% 0 1%;padding: 4px;text-align: left;-ms-text-size-adjust: none!important;-webkit-text-size-adjust: none!important;">Jobs</h2>
			</td>
		</tr>
		<tr style="-ms-text-size-adjust: none!important;-webkit-text-size-adjust: none!important;">
			<td class="whitespace" colspan="2" height="10" style="font-size: 0;height: 10px;border-collapse: collapse;-ms-text-size-adjust: none!important;-webkit-text-size-adjust: none!important;">&nbsp;</td>
		</tr>
	</tbody>
</table>

<table align="center" cellpadding="0" cellspacing="0" class="wrapper" style="border-collapse: collapse;text-align: left;width: 510px;background: #ffffff;color: #505050;font-family: Arial, sans-serif;font-size: 12px;-ms-text-size-adjust: none!important;-webkit-text-size-adjust: none!important;" width="510">
	<tbody style="-ms-text-size-adjust: none!important;-webkit-text-size-adjust: none!important;">
		<tr style="-ms-text-size-adjust: none!important;-webkit-text-size-adjust: none!important;">
			<td align="left" style="font-family: Arial, sans-serif;vertical-align: top;font-size: 14px;text-align: left;border-collapse: collapse;-ms-text-size-adjust: none!important;-webkit-text-size-adjust: none!important;" valign="top"><a class="article-headline" href="https://www.linkedin.com/jobs/view/1792210202/" style="color: #0099CC;text-decoration: none;font-weight: bold;-ms-text-size-adjust: none!important;-webkit-text-size-adjust: none!important;">Lead Android Developer </a> <span class="main-url" style="color: #333333;font-size: 10px;-ms-text-size-adjust: none!important;-webkit-text-size-adjust: none!important;"> (Toulouse, France) </span>

			<p style="margin: 0;line-height: 1.5em;font-size: 12px;-ms-text-size-adjust: none!important;-webkit-text-size-adjust: none!important;">Pictarine is looking for their future Lead Android Developer. Our app is noted 4.8 on the Play Store with 220K ratings. In 2019 alone, we printed more than 50 million pictures in the U.S. Become the 18th member of our passionate team. Stack: Kotlin, Java, AndroidX, Glide, Retrofit, Gson, OkHttp</p>
			</td>
		</tr>
		<tr style="-ms-text-size-adjust: none!important;-webkit-text-size-adjust: none!important;">
			<td class="whitespace" colspan="2" height="17" style="font-size: 0;height: 17px;border-collapse: collapse;-ms-text-size-adjust: none!important;-webkit-text-size-adjust: none!important;">&nbsp;</td>
		</tr>
	</tbody>
</table>

<table align="center" cellpadding="0" cellspacing="0" class="wrapper" style="border-collapse: collapse;text-align: left;width: 510px;background: #ffffff;color: #505050;font-family: Arial, sans-serif;font-size: 12px;-ms-text-size-adjust: none!important;-webkit-text-size-adjust: none!important;" width="510">
	<tbody style="-ms-text-size-adjust: none!important;-webkit-text-size-adjust: none!important;">
		<tr style="-ms-text-size-adjust: none!important;-webkit-text-size-adjust: none!important;">
			<td align="left" style="font-family: Arial, sans-serif;vertical-align: middle;text-align: left;width: 510px;border-collapse: collapse;-ms-text-size-adjust: none!important;-webkit-text-size-adjust: none!important;" valign="middle" width="510">
			<h2 style="font-size: 18px;text-transform: uppercase;border-bottom: 1px solid #CCCCCC;display: block;font-weight: 400;line-height: 100%;margin: 2% 0 1%;padding: 4px;text-align: left;-ms-text-size-adjust: none!important;-webkit-text-size-adjust: none!important;">Libraries &amp; Code</h2>
			</td>
		</tr>
		<tr style="-ms-text-size-adjust: none!important;-webkit-text-size-adjust: none!important;">
			<td class="whitespace" colspan="2" height="10" style="font-size: 0;height: 10px;border-collapse: collapse;-ms-text-size-adjust: none!important;-webkit-text-size-adjust: none!important;">&nbsp;</td>
		</tr>
	</tbody>
</table>

<table align="center" cellpadding="0" cellspacing="0" class="wrapper" style="border-collapse: collapse;text-align: left;width: 510px;background: #ffffff;color: #505050;font-family: Arial, sans-serif;font-size: 12px;-ms-text-size-adjust: none!important;-webkit-text-size-adjust: none!important;" width="510">
	<tbody style="-ms-text-size-adjust: none!important;-webkit-text-size-adjust: none!important;">
		<tr style="-ms-text-size-adjust: none!important;-webkit-text-size-adjust: none!important;">
			<td align="left" style="font-family: Arial, sans-serif;vertical-align: middle;text-align: left;width: 18%;border-collapse: collapse;-ms-text-size-adjust: none!important;-webkit-text-size-adjust: none!important;" valign="middle" width="18%"><a href="https://github.com/VladimirWrites/BLTaxi" style="-ms-text-size-adjust: none!important;-webkit-text-size-adjust: none!important;"><img alt="link image" src="https://androidweekly.net/system/images/5e99c0/ef3c93bc3829009a4a/square_Bildschirmfoto_2020-04-19_um_12.45.27.png" style="border: 1px solid #333333;height: auto;line-height: 100%;outline: none;text-decoration: none;display: inline;-ms-text-size-adjust: none!important;-webkit-text-size-adjust: none!important;"> </a></td>
			<td class="vertical-whitespace" height="20" style="height: 20px;width: 2%;border-collapse: collapse;-ms-text-size-adjust: none!important;-webkit-text-size-adjust: none!important;" valign="top" width="2%">&nbsp;</td>
			<td align="left" style="font-family: Arial, sans-serif;vertical-align: top;font-size: 14px;text-align: left;width: 80%;border-collapse: collapse;-ms-text-size-adjust: none!important;-webkit-text-size-adjust: none!important;" valign="top" width="80%"><a class="article-headline" href="https://github.com/VladimirWrites/BLTaxi" style="color: #0099CC;text-decoration: none;font-weight: bold;-ms-text-size-adjust: none!important;-webkit-text-size-adjust: none!important;">BLTaxi </a> <span class="main-url" style="color: #333333;font-size: 10px;-ms-text-size-adjust: none!important;-webkit-text-size-adjust: none!important;"> (github.com) </span>
			<p style="margin: 0;line-height: 1.5em;font-size: 12px;-ms-text-size-adjust: none!important;-webkit-text-size-adjust: none!important;">BL Taxi is a simple app for calling a taxi in the city Banja Luka built using modern Android development tools (100% Kotlin, Android Jetpack, CI pipeline and much more).</p>
			</td>
		</tr>
		<tr style="-ms-text-size-adjust: none!important;-webkit-text-size-adjust: none!important;">
			<td class="whitespace" colspan="2" height="17" style="font-size: 0;height: 17px;border-collapse: collapse;-ms-text-size-adjust: none!important;-webkit-text-size-adjust: none!important;">&nbsp;</td>
		</tr>
	</tbody>
</table>

<table align="center" cellpadding="0" cellspacing="0" class="wrapper" style="border-collapse: collapse;text-align: left;width: 510px;background: #ffffff;color: #505050;font-family: Arial, sans-serif;font-size: 12px;-ms-text-size-adjust: none!important;-webkit-text-size-adjust: none!important;" width="510">
	<tbody style="-ms-text-size-adjust: none!important;-webkit-text-size-adjust: none!important;">
		<tr style="-ms-text-size-adjust: none!important;-webkit-text-size-adjust: none!important;">
			<td align="left" style="font-family: Arial, sans-serif;vertical-align: top;font-size: 14px;text-align: left;border-collapse: collapse;-ms-text-size-adjust: none!important;-webkit-text-size-adjust: none!important;" valign="top"><a class="article-headline" href="https://github.com/LukasLechnerDev/Kotlin-Coroutine-Use-Cases-on-Android" style="color: #0099CC;text-decoration: none;font-weight: bold;-ms-text-size-adjust: none!important;-webkit-text-size-adjust: none!important;">Kotlin Coroutines </a> <span class="main-url" style="color: #333333;font-size: 10px;-ms-text-size-adjust: none!important;-webkit-text-size-adjust: none!important;"> (github.com) </span>

			<p style="margin: 0;line-height: 1.5em;font-size: 12px;-ms-text-size-adjust: none!important;-webkit-text-size-adjust: none!important;">Nice list by Lukas Lechner about real-world Android Use Cases of Kotlin Coroutines.</p>
			</td>
		</tr>
		<tr style="-ms-text-size-adjust: none!important;-webkit-text-size-adjust: none!important;">
			<td class="whitespace" colspan="2" height="17" style="font-size: 0;height: 17px;border-collapse: collapse;-ms-text-size-adjust: none!important;-webkit-text-size-adjust: none!important;">&nbsp;</td>
		</tr>
	</tbody>
</table>

<table align="center" cellpadding="0" cellspacing="0" class="wrapper" style="border-collapse: collapse;text-align: left;width: 510px;background: #ffffff;color: #505050;font-family: Arial, sans-serif;font-size: 12px;-ms-text-size-adjust: none!important;-webkit-text-size-adjust: none!important;" width="510">
	<tbody style="-ms-text-size-adjust: none!important;-webkit-text-size-adjust: none!important;">
		<tr style="-ms-text-size-adjust: none!important;-webkit-text-size-adjust: none!important;">
			<td align="left" style="font-family: Arial, sans-serif;vertical-align: middle;text-align: left;width: 510px;border-collapse: collapse;-ms-text-size-adjust: none!important;-webkit-text-size-adjust: none!important;" valign="middle" width="510">
			<h2 style="font-size: 18px;text-transform: uppercase;border-bottom: 1px solid #CCCCCC;display: block;font-weight: 400;line-height: 100%;margin: 2% 0 1%;padding: 4px;text-align: left;-ms-text-size-adjust: none!important;-webkit-text-size-adjust: none!important;">Videos &amp; Podcasts</h2>
			</td>
		</tr>
		<tr style="-ms-text-size-adjust: none!important;-webkit-text-size-adjust: none!important;">
			<td class="whitespace" colspan="2" height="10" style="font-size: 0;height: 10px;border-collapse: collapse;-ms-text-size-adjust: none!important;-webkit-text-size-adjust: none!important;">&nbsp;</td>
		</tr>
	</tbody>
</table>

<table align="center" cellpadding="0" cellspacing="0" class="wrapper" style="border-collapse: collapse;text-align: left;width: 510px;background: #ffffff;color: #505050;font-family: Arial, sans-serif;font-size: 12px;-ms-text-size-adjust: none!important;-webkit-text-size-adjust: none!important;" width="510">
	<tbody style="-ms-text-size-adjust: none!important;-webkit-text-size-adjust: none!important;">
		<tr style="-ms-text-size-adjust: none!important;-webkit-text-size-adjust: none!important;">
			<td align="left" style="font-family: Arial, sans-serif;vertical-align: middle;text-align: left;width: 18%;border-collapse: collapse;-ms-text-size-adjust: none!important;-webkit-text-size-adjust: none!important;" valign="middle" width="18%"><a href="https://www.youtube.com/watch?v=b3RXWiBxrz8&amp;feature=youtu.be" style="-ms-text-size-adjust: none!important;-webkit-text-size-adjust: none!important;"><img alt="link image" src="https://androidweekly.net/system/images/5e9bbb/603c93bc382900b46a/square_Bildschirmfoto_2020-04-19_um_12.46.16.png" style="border: 1px solid #333333;height: auto;line-height: 100%;outline: none;text-decoration: none;display: inline;-ms-text-size-adjust: none!important;-webkit-text-size-adjust: none!important;"> </a></td>
			<td class="vertical-whitespace" height="20" style="height: 20px;width: 2%;border-collapse: collapse;-ms-text-size-adjust: none!important;-webkit-text-size-adjust: none!important;" valign="top" width="2%">&nbsp;</td>
			<td align="left" style="font-family: Arial, sans-serif;vertical-align: top;font-size: 14px;text-align: left;width: 80%;border-collapse: collapse;-ms-text-size-adjust: none!important;-webkit-text-size-adjust: none!important;" valign="top" width="80%"><a class="article-headline" href="https://www.youtube.com/watch?v=b3RXWiBxrz8&amp;feature=youtu.be" style="color: #0099CC;text-decoration: none;font-weight: bold;-ms-text-size-adjust: none!important;-webkit-text-size-adjust: none!important;">How we&#39;ve used Kotlin to build a Mobile Design App </a> <span class="main-url" style="color: #333333;font-size: 10px;-ms-text-size-adjust: none!important;-webkit-text-size-adjust: none!important;"> (www.youtube.com) </span>
			<p style="margin: 0;line-height: 1.5em;font-size: 12px;-ms-text-size-adjust: none!important;-webkit-text-size-adjust: none!important;">Rebecca Franks describes her experience working on a Kotlin codebase. She covers some of the features in Kotlin used the most, some features eagerly overused and some of the mistakes made along the way.</p>
			</td>
		</tr>
		<tr style="-ms-text-size-adjust: none!important;-webkit-text-size-adjust: none!important;">
			<td class="whitespace" colspan="2" height="17" style="font-size: 0;height: 17px;border-collapse: collapse;-ms-text-size-adjust: none!important;-webkit-text-size-adjust: none!important;">&nbsp;</td>
		</tr>
	</tbody>
</table>

<table align="center" cellpadding="0" cellspacing="0" class="wrapper" style="border-collapse: collapse;text-align: left;width: 510px;background: #ffffff;color: #505050;font-family: Arial, sans-serif;font-size: 12px;-ms-text-size-adjust: none!important;-webkit-text-size-adjust: none!important;" width="510">
	<tbody style="-ms-text-size-adjust: none!important;-webkit-text-size-adjust: none!important;">
		<tr style="-ms-text-size-adjust: none!important;-webkit-text-size-adjust: none!important;">
			<td align="left" style="font-family: Arial, sans-serif;vertical-align: top;font-size: 14px;text-align: left;border-collapse: collapse;-ms-text-size-adjust: none!important;-webkit-text-size-adjust: none!important;" valign="top"><a class="article-headline" href="https://talkingkotlin.com/going-full-kotlin-multiplatform/" style="color: #0099CC;text-decoration: none;font-weight: bold;-ms-text-size-adjust: none!important;-webkit-text-size-adjust: none!important;">Going Full Kotlin Multiplatform </a> <span class="main-url" style="color: #333333;font-size: 10px;-ms-text-size-adjust: none!important;-webkit-text-size-adjust: none!important;"> (talkingkotlin.com) </span>

			<p style="margin: 0;line-height: 1.5em;font-size: 12px;-ms-text-size-adjust: none!important;-webkit-text-size-adjust: none!important;">Sit down with Jesse and Egor from CashApp (Square) to discuss how they decided to port OKio and OKHttp completely to Kotlin Multiplatform back when Kotlin wasn&#39;t even officially supported by Google</p>
			</td>
		</tr>
		<tr style="-ms-text-size-adjust: none!important;-webkit-text-size-adjust: none!important;">
			<td class="whitespace" colspan="2" height="17" style="font-size: 0;height: 17px;border-collapse: collapse;-ms-text-size-adjust: none!important;-webkit-text-size-adjust: none!important;">&nbsp;</td>
		</tr>
	</tbody>
</table>

<table align="center" cellpadding="0" cellspacing="0" class="wrapper" style="border-collapse: collapse;text-align: left;width: 510px;background: #ffffff;color: #505050;font-family: Arial, sans-serif;font-size: 12px;-ms-text-size-adjust: none!important;-webkit-text-size-adjust: none!important;" width="510">
	<tbody style="-ms-text-size-adjust: none!important;-webkit-text-size-adjust: none!important;">
		<tr style="-ms-text-size-adjust: none!important;-webkit-text-size-adjust: none!important;">
			<td align="left" style="font-family: Arial, sans-serif;vertical-align: top;font-size: 14px;text-align: left;border-collapse: collapse;-ms-text-size-adjust: none!important;-webkit-text-size-adjust: none!important;" valign="top"><a class="article-headline" href="http://androidbackstage.blogspot.com/2020/04/episode-136-remoting.html" style="color: #0099CC;text-decoration: none;font-weight: bold;-ms-text-size-adjust: none!important;-webkit-text-size-adjust: none!important;">Android Developers Backstage: Remoting </a> <span class="main-url" style="color: #333333;font-size: 10px;-ms-text-size-adjust: none!important;-webkit-text-size-adjust: none!important;"> (androidbackstage.blogspot.com) </span>

			<p style="margin: 0;line-height: 1.5em;font-size: 12px;-ms-text-size-adjust: none!important;-webkit-text-size-adjust: none!important;">In this episode, Romain, Chet and Tor chat with zero guests about the current work-from-home reality, and about adjustments we&#39;ve all made as we change the way we work.</p>
			</td>
		</tr>
		<tr style="-ms-text-size-adjust: none!important;-webkit-text-size-adjust: none!important;">
			<td class="whitespace" colspan="2" height="17" style="font-size: 0;height: 17px;border-collapse: collapse;-ms-text-size-adjust: none!important;-webkit-text-size-adjust: none!important;">&nbsp;</td>
		</tr>
	</tbody>
</table>

<table align="center" cellpadding="0" cellspacing="0" class="wrapper" style="border-collapse: collapse;text-align: left;width: 510px;background: #ffffff;color: #505050;font-family: Arial, sans-serif;font-size: 12px;-ms-text-size-adjust: none!important;-webkit-text-size-adjust: none!important;" width="510">
	<tbody style="-ms-text-size-adjust: none!important;-webkit-text-size-adjust: none!important;">
		<tr style="-ms-text-size-adjust: none!important;-webkit-text-size-adjust: none!important;">
			<td align="left" style="font-family: Arial, sans-serif;vertical-align: top;font-size: 14px;text-align: left;border-collapse: collapse;-ms-text-size-adjust: none!important;-webkit-text-size-adjust: none!important;" valign="top"><a class="article-headline" href="https://www.youtube.com/watch?v=HGSj-JRpuxo&amp;feature=youtu.be" style="color: #0099CC;text-decoration: none;font-weight: bold;-ms-text-size-adjust: none!important;-webkit-text-size-adjust: none!important;">Android Jetpack: CameraX Beta </a> <span class="main-url" style="color: #333333;font-size: 10px;-ms-text-size-adjust: none!important;-webkit-text-size-adjust: none!important;"> (www.youtube.com) </span>

			<p style="margin: 0;line-height: 1.5em;font-size: 12px;-ms-text-size-adjust: none!important;-webkit-text-size-adjust: none!important;">CameraX is a Jetpack support library created to make camera app development easier. Stay tuned to learn more about the CameraX API and use cases!</p>
			</td>
		</tr>
		<tr style="-ms-text-size-adjust: none!important;-webkit-text-size-adjust: none!important;">
			<td class="whitespace" colspan="2" height="17" style="font-size: 0;height: 17px;border-collapse: collapse;-ms-text-size-adjust: none!important;-webkit-text-size-adjust: none!important;">&nbsp;</td>
		</tr>
	</tbody>
</table>

<table align="center" cellpadding="0" cellspacing="0" class="wrapper" style="border-collapse: collapse;text-align: left;width: 510px;background: #ffffff;color: #505050;font-family: Arial, sans-serif;font-size: 12px;-ms-text-size-adjust: none!important;-webkit-text-size-adjust: none!important;" width="510">
	<tbody style="-ms-text-size-adjust: none!important;-webkit-text-size-adjust: none!important;">
		<tr style="-ms-text-size-adjust: none!important;-webkit-text-size-adjust: none!important;">
			<td align="left" style="font-family: Arial, sans-serif;vertical-align: top;font-size: 14px;text-align: left;border-collapse: collapse;-ms-text-size-adjust: none!important;-webkit-text-size-adjust: none!important;" valign="top"><a class="article-headline" href="https://www.youtube.com/watch?v=yvQV70Rb8bw&amp;feature=youtu.be" style="color: #0099CC;text-decoration: none;font-weight: bold;-ms-text-size-adjust: none!important;-webkit-text-size-adjust: none!important;">Kotlin Companion Objects &amp; Object Expressions </a> <span class="main-url" style="color: #333333;font-size: 10px;-ms-text-size-adjust: none!important;-webkit-text-size-adjust: none!important;"> (www.youtube.com) </span>

			<p style="margin: 0;line-height: 1.5em;font-size: 12px;-ms-text-size-adjust: none!important;-webkit-text-size-adjust: none!important;">Nate teaches how to use object expressions to write anonymous inner classes, how to use companion objects to create factories, and how to use an object declaration to implement thread-safe singletons.</p>
			</td>
		</tr>
		<tr style="-ms-text-size-adjust: none!important;-webkit-text-size-adjust: none!important;">
			<td class="whitespace" colspan="2" height="17" style="font-size: 0;height: 17px;border-collapse: collapse;-ms-text-size-adjust: none!important;-webkit-text-size-adjust: none!important;">&nbsp;</td>
		</tr>
	</tbody>
</table>
</div>

      <!-- separator -->
      <table align="center" cellpadding="0" cellspacing="0" class="wrapper" width="570" style="border-collapse: collapse;text-align: center;width: 570px;background: #ffffff;color: #505050;font-family: Arial, sans-serif;font-size: 12px;-ms-text-size-adjust: none!important;-webkit-text-size-adjust: none!important;">
        <!-- whitespace -->
        <tr style="-ms-text-size-adjust: none!important;-webkit-text-size-adjust: none!important;">
            <td class="whitespace" height="10" style="font-size: 0;height: 10px;border-collapse: collapse;-ms-text-size-adjust: none!important;-webkit-text-size-adjust: none!important;">&nbsp;</td>
        </tr>
        <!-- whitespace - end -->
        <tr style="-ms-text-size-adjust: none!important;-webkit-text-size-adjust: none!important;">
            <td width="570" class="whitespace" height="3" style="background-color: #909090;font-size: 0;height: 3px;width: 570px;border-collapse: collapse;-ms-text-size-adjust: none!important;-webkit-text-size-adjust: none!important;">&nbsp;</td>
        </tr>
        <!-- whitespace -->
        <tr style="-ms-text-size-adjust: none!important;-webkit-text-size-adjust: none!important;">
            <td class="whitespace" height="30" style="font-size: 0;height: 30px;border-collapse: collapse;-ms-text-size-adjust: none!important;-webkit-text-size-adjust: none!important;">&nbsp;</td>
        </tr>
        <!-- whitespace - end -->
      </table>
      <!-- separator - end -->

      <!-- Mailchimp Footer -->
      <table align="center" cellpadding="0" cellspacing="0" class="wrapper" width="510" style="border-collapse: collapse;text-align: center;width: 510px;background: #ffffff;color: #505050;font-family: Arial, sans-serif;font-size: 12px;-ms-text-size-adjust: none!important;-webkit-text-size-adjust: none!important;">
        <tr style="-ms-text-size-adjust: none!important;-webkit-text-size-adjust: none!important;">
          <td colspan="3" valign="top" align="center" style="font-family: Arial, sans-serif;vertical-align: top;font-size: 12px;text-align: center;border-collapse: collapse;-ms-text-size-adjust: none!important;-webkit-text-size-adjust: none!important;">
            <div style="-ms-text-size-adjust: none!important;-webkit-text-size-adjust: none!important;">
              <em style="-ms-text-size-adjust: none!important;-webkit-text-size-adjust: none!important;">Copyright &copy; 2020 Android Weekly, All rights reserved.</em>
              <br style="-ms-text-size-adjust: none!important;-webkit-text-size-adjust: none!important;">
              You came here because you want all the new stuff in the android dev world!
              <br style="-ms-text-size-adjust: none!important;-webkit-text-size-adjust: none!important;">
              <br style="-ms-text-size-adjust: none!important;-webkit-text-size-adjust: none!important;">
              <strong style="-ms-text-size-adjust: none!important;-webkit-text-size-adjust: none!important;">Our mailing address is:</strong>
              <br style="-ms-text-size-adjust: none!important;-webkit-text-size-adjust: none!important;">
              <div class="vcard"><span class="org fn">Android Weekly</span><div class="adr"><div class="street-address">Kortumstr. 19-21</div><span class="locality">Bochum</span> <span class="postal-code">44787</span> <div class="country-name">Germany</div></div><br><a href="https://androidweekly.us2.list-manage.com/vcard?u=887caf4f48db76fd91e20a06d&id=4eb677ad19" class="hcard-download">Add us to your address book</a></div>
            </div>
          </td>
        </tr>
        <!-- whitespace -->
        <tr style="-ms-text-size-adjust: none!important;-webkit-text-size-adjust: none!important;">
            <td colspan="3" class="whitespace" height="15" style="font-size: 0;height: 15px;border-collapse: collapse;-ms-text-size-adjust: none!important;-webkit-text-size-adjust: none!important;">&nbsp;</td>
        </tr>
        <!-- whitespace - end -->
      <!-- separator - end -->
        <tr style="-ms-text-size-adjust: none!important;-webkit-text-size-adjust: none!important;">
          <td width="40%" valign="top" align="left" style="font-family: Arial, sans-serif;vertical-align: top;font-size: 11px;text-align: right;width: 40%;border-collapse: collapse;-ms-text-size-adjust: none!important;-webkit-text-size-adjust: none!important;">
            <div style="-ms-text-size-adjust: none!important;-webkit-text-size-adjust: none!important;">
              <a style="color: #505050;-ms-text-size-adjust: none!important;-webkit-text-size-adjust: none!important;" href="https://androidweekly.us2.list-manage.com/profile?u=887caf4f48db76fd91e20a06d&id=4eb677ad19&e=[UNIQID]">update subscription preferences</a>
            </div>
          </td>
          <td width="10%" valign="top" align="left" style="font-family: Arial, sans-serif;vertical-align: top;font-size: 11px;text-align: center;width: 10%;border-collapse: collapse;-ms-text-size-adjust: none!important;-webkit-text-size-adjust: none!important;">
            or
          </td>
          <td width="40%" valign="top" align="right" style="font-family: Arial, sans-serif;vertical-align: top;font-size: 11px;text-align: left;width: 40%;border-collapse: collapse;-ms-text-size-adjust: none!important;-webkit-text-size-adjust: none!important;">
            <div style="-ms-text-size-adjust: none!important;-webkit-text-size-adjust: none!important;">
              <a style="color: #505050;-ms-text-size-adjust: none!important;-webkit-text-size-adjust: none!important;" href="https://androidweekly.us2.list-manage.com/unsubscribe?u=887caf4f48db76fd91e20a06d&id=4eb677ad19&e=[UNIQID]&c=b839a2c7ac">unsubscribe from this list</a>&nbsp;
            </div>
          </td>
        </tr>
        <!-- whitespace -->
        <tr style="-ms-text-size-adjust: none!important;-webkit-text-size-adjust: none!important;">
            <td class="whitespace" height="20" style="font-size: 0;height: 20px;border-collapse: collapse;-ms-text-size-adjust: none!important;-webkit-text-size-adjust: none!important;">&nbsp;</td>
        </tr>
        <!-- whitespace - end -->
      <!-- separator - end -->
      </table>
      <!-- Mailchimp Footer - end -->
    </center>
  </body>
</html>
]]></content:encoded>
      <pubDate>Sun, 19 Apr 2020 16:00:00 +0000</pubDate>
    </item>
    <item>
      <title><![CDATA[Android Weekly #409]]></title>
      <link>https://mailchi.mp/androidweekly/android-weekly-409</link>
      <guid>https://mailchi.mp/androidweekly/android-weekly-409</guid>
      <description><![CDATA[<!DOCTYPE html PUBLIC "-//W3C//DTD XHTML 1.0 Transitional//EN" "http://www.w3.org/TR/xhtml1/DTD/xhtml1-transitional.dtd">
<html xmlns="http://www.w3.org/1999/xhtml">
  <head>
    <meta http-equiv="Content-Type" content="text/html; charset=UTF-8">
    <meta name="viewport" content="width=device-width, initial-scale=1">
    <meta name="format-detection" content="telephone=no">
    <title>Android Weekly #409</title>
	  
<style type="text/css">
		#outlook a{
			padding:0;
		}
		body{
			width:100% !important;
			margin:0;
			padding:0;
		}
		body *{
			-ms-text-size-adjust:none!important;
			-webkit-text-size-adjust:none!important;
		}
		body,.wrapper{
			background:#ffffff;
			color:#505050;
			font-family:Arial, sans-serif;
			font-size:12px;
		}
		table,table td{
			border-collapse:collapse;
		}
		h1,span.date{
			font-weight:normal;
			margin:0;
			padding:0;
		}
		h2{
			text-transform:uppercase
        border-bottom: 1px solid #CCCCCC;
			display:block;
			font-size:18px;
			font-weight:400;
			line-height:100%;
			margin:2% 0 1%;
			padding:4px;
			text-align:left;
		}
		img{
			outline:none;
			text-decoration:none;
			border:0;
			height:auto;
			line-height:100%;
		}
		a img{
			border:none;
		}
		a:hover{
			text-decoration:underline!important;
		}
		h1 a:hover{
			text-decoration:none!important;
		}
		.header span{
			font-size:36px;
			font-weight:bold;
			margin-left:15px;
			padding-top:9px;
		}
	@media only screen and (max-width: 540px){
		body[yahoo]{
			width:100%!important;
		}

}	@media only screen and (max-width: 540px){
		body[yahoo] .wrapper{
			margin:0 2%;
			width:96%!important;
		}

}	@media only screen and (max-width: 540px){
		body[yahoo] .wrapper tr,body[yahoo] .wrapper td{
			display:block;
			width:auto!important;
		}

}	@media only screen and (max-width: 540px){
		body[yahoo] .mobile-hidden{
			display:none!important;
		}

}	@media only screen and (max-width: 540px){
		body[yahoo] .wrapper td h1{
			display:block!important;
		}

}	@media only screen and (max-width: 540px){
		body[yahoo] .wrapper td h1 img{
			display:block!important;
			height:auto!important;
			margin-left:auto!important;
			margin-right:auto!important;
		}

}	@media only screen and (max-width: 540px){
		body[yahoo] .wrapper td h1 img:first-child{
			width:90%!important;
			margin-bottom:5px!important;
		}

}	@media only screen and (max-width: 540px){
		body[yahoo] .wrapper td h1 img:last-child{
			width:75%!important;
		}

}	@media only screen and (max-width: 540px){
		body[yahoo] .wrapper td h1 span{
			visibility:visible!important;
			opacity:1!important;
			display:block!important;
			overflow:visible!important;
			height:auto!important;
			width:100%!important;
		}

}	@media only screen and (max-width: 540px){
		body[yahoo] .wrapper td p{
			text-align:justify!important;
		}

}	@media only screen and (max-width: 540px){
		body[yahoo] .wrapper td span.issue-number{
			text-align:center!important;
			display:block!important;
			margin:10px 0 10px 0!important;
			font-size:30px!important;
		}

}	@media only screen and (max-width: 540px){
		body[yahoo] .wrapper td span.date{
			text-align:center!important;
		}

}	@media only screen and (max-width: 540px){
		body[yahoo] .wrapper td h2{
			text-align:center!important;
			font-size:32px!important;
			border:none!important;
			margin-bottom:15px!important;
		}

}	@media only screen and (max-width: 540px){
		body[yahoo] .wrapper td a{
			display:block;
			text-align:center;
			margin:0 auto 5px;
		}

}	@media only screen and (max-width: 540px){
		body[yahoo] .wrapper td span.main-url{
			display:none!important;
		}

}	@media only screen and (max-width: 540px){
		body[yahoo] .wrapper td a.article-headline{
			font-size:20px!important;
		}

}	@media only screen and (max-width: 540px){
		body[yahoo] .wrapper td p{
			font-size:18px!important;
			font-weight:100!important;
		}

}</style></head>
  <body bgcolor="#ffffff" text="#505050" style="background-color: #ffffff;font-family: Arial, sans-serif;font-size: 12px;margin: 0;padding: 0;text-align: center;background: #ffffff;color: #505050;width: 100% !important;" yahoo="fix">
  	<center style="-ms-text-size-adjust: none!important;-webkit-text-size-adjust: none!important;">
      <!-- Pre Header -->
      <table align="center" cellpadding="0" cellspacing="0" class="wrapper" width="510" style="border-collapse: collapse;text-align: center;width: 510px;background: #ffffff;color: #505050;font-family: Arial, sans-serif;font-size: 12px;-ms-text-size-adjust: none!important;-webkit-text-size-adjust: none!important;">
        <!-- whitespace -->
        <tr style="-ms-text-size-adjust: none!important;-webkit-text-size-adjust: none!important;">
            <td class="whitespace" height="20" style="font-size: 0;height: 20px;border-collapse: collapse;-ms-text-size-adjust: none!important;-webkit-text-size-adjust: none!important;">&nbsp;</td>
        </tr>
        <!-- whitespace - end -->
        <tr class="mobile-hidden" style="-ms-text-size-adjust: none!important;-webkit-text-size-adjust: none!important;">
          <td valign="middle" align="center" style="font-family: Arial, sans-serif;font-size: 10px;vertical-align: middle;text-align: center;border-collapse: collapse;-ms-text-size-adjust: none!important;-webkit-text-size-adjust: none!important;">
              <div style="-ms-text-size-adjust: none!important;-webkit-text-size-adjust: none!important;"><a href="https://mailchi.mp/androidweekly/android-weekly-409?e=[UNIQID]" style="border-radius: 4px;background-color: #DDDDDD;padding: 3px;color: white !important;text-decoration: none;-ms-text-size-adjust: none!important;-webkit-text-size-adjust: none!important;">View in browser</a><br style="-ms-text-size-adjust: none!important;-webkit-text-size-adjust: none!important;"></div>
          </td>
        </tr>
        <!-- whitespace -->
        <tr class="mobile-hidden" style="-ms-text-size-adjust: none!important;-webkit-text-size-adjust: none!important;">
            <td class="whitespace" height="20" style="font-size: 0;height: 20px;border-collapse: collapse;-ms-text-size-adjust: none!important;-webkit-text-size-adjust: none!important;">&nbsp;</td>
        </tr>
      </table>
      <!-- Pre Header - End -->

      <!-- Header -->
      <table align="center" cellpadding="0" cellspacing="0" class="wrapper" width="540" style="border-collapse: collapse;text-align: left;width: 540px;background: #ffffff;color: #505050;font-family: Arial, sans-serif;font-size: 12px;-ms-text-size-adjust: none!important;-webkit-text-size-adjust: none!important;">
        <tr style="-ms-text-size-adjust: none!important;-webkit-text-size-adjust: none!important;">
          <td valign="middle" align="left" style="font-family: Arial, sans-serif;vertical-align: middle;text-align: left;border-collapse: collapse;-ms-text-size-adjust: none!important;-webkit-text-size-adjust: none!important;">
            <div style="-ms-text-size-adjust: none!important;-webkit-text-size-adjust: none!important;"><h1 style="display: inline;font-family: Arial;font-size: 36px;font-weight: bold;line-height: 100%;text-align: left;color: #333333;margin: 0;padding: 0;-ms-text-size-adjust: none!important;-webkit-text-size-adjust: none!important;"><a href="http://androidweekly.net" style="text-decoration: none;-ms-text-size-adjust: none!important;-webkit-text-size-adjust: none!important;"><img alt="Android" height="28" src="http://androidweekly.net/assets/newsletter/font-android.jpg" style="border: none;line-height: 100%;outline: none;text-decoration: none;height: 28px;width: auto;-ms-text-size-adjust: none!important;-webkit-text-size-adjust: none!important;" width="auto"> <img alt="Weekly" height="27" src="http://androidweekly.net/assets/newsletter/font-weekly.jpg" style="border: none;line-height: 100%;outline: none;text-decoration: none;height: 27px;width: auto;-ms-text-size-adjust: none!important;-webkit-text-size-adjust: none!important;" width="auto"> </a></h1>
<strong class="issue-number" style="color: #333333;font-size: 36px;font-weight: bold;margin-left: 15px;-ms-text-size-adjust: none!important;-webkit-text-size-adjust: none!important;">#409</strong></div>
          </td>
        </tr>
        <tr style="-ms-text-size-adjust: none!important;-webkit-text-size-adjust: none!important;">
          <td valign="middle" align="left" style="font-family: Arial, sans-serif;vertical-align: middle;text-align: left;border-collapse: collapse;-ms-text-size-adjust: none!important;-webkit-text-size-adjust: none!important;">
            <div style="-ms-text-size-adjust: none!important;-webkit-text-size-adjust: none!important;"><span class="date" style="color: #333333;display: block;font-size: 12px;font-weight: normal;margin: 0;padding: 0;-ms-text-size-adjust: none!important;-webkit-text-size-adjust: none!important;">April 12, 2020</span></div>
          </td>
        </tr>
        <!-- whitespace -->
        <tr style="-ms-text-size-adjust: none!important;-webkit-text-size-adjust: none!important;">
            <td class="whitespace" height="10" style="font-size: 0;height: 10px;border-collapse: collapse;-ms-text-size-adjust: none!important;-webkit-text-size-adjust: none!important;">&nbsp;</td>
        </tr>
        <!-- whitespace - end -->
      </table>
      <!-- Header - End -->

      <!-- separator -->
      <table align="center" cellpadding="0" cellspacing="0" class="wrapper" width="570" style="border-collapse: collapse;text-align: center;width: 570px;background: #ffffff;color: #505050;font-family: Arial, sans-serif;font-size: 12px;-ms-text-size-adjust: none!important;-webkit-text-size-adjust: none!important;">
        <tr style="-ms-text-size-adjust: none!important;-webkit-text-size-adjust: none!important;">
            <td width="570" class="whitespace" height="5" style="background-color: #505050;font-size: 0;height: 5px;width: 570px;border-collapse: collapse;-ms-text-size-adjust: none!important;-webkit-text-size-adjust: none!important;">&nbsp;</td>
        </tr>
        <!-- whitespace -->
        <tr style="-ms-text-size-adjust: none!important;-webkit-text-size-adjust: none!important;">
            <td class="whitespace" height="15" style="font-size: 0;height: 15px;border-collapse: collapse;-ms-text-size-adjust: none!important;-webkit-text-size-adjust: none!important;">&nbsp;</td>
        </tr>
        <!-- whitespace - end -->
      </table>
      <!-- separator - end -->

      <div style="-ms-text-size-adjust: none!important;-webkit-text-size-adjust: none!important;"><table align="center" cellpadding="0" cellspacing="0" class="wrapper" width="510" style="border-collapse: collapse;text-align: left;width: 510px;background: #ffffff;color: #505050;font-family: Arial, sans-serif;font-size: 12px;-ms-text-size-adjust: none!important;-webkit-text-size-adjust: none!important;"><tr style="-ms-text-size-adjust: none!important;-webkit-text-size-adjust: none!important;"><td width="510" valign="middle" align="left" style="font-family: Arial, sans-serif;vertical-align: middle;text-align: left;width: 510px;border-collapse: collapse;-ms-text-size-adjust: none!important;-webkit-text-size-adjust: none!important;"><h2 style="font-size: 18px;text-transform: uppercase;border-bottom: 1px solid #CCCCCC;display: block;font-weight: 400;line-height: 100%;margin: 2% 0 1%;padding: 4px;text-align: left;-ms-text-size-adjust: none!important;-webkit-text-size-adjust: none!important;">Android Weekly Updates</h2></td></tr><tr style="-ms-text-size-adjust: none!important;-webkit-text-size-adjust: none!important;"><td colspan="2" class="whitespace" height="10" style="font-size: 0;height: 10px;border-collapse: collapse;-ms-text-size-adjust: none!important;-webkit-text-size-adjust: none!important;"> </td></tr></table>
<table align="center" cellpadding="0" cellspacing="0" class="wrapper" width="510" style="border-collapse: collapse;text-align: left;width: 510px;background: #ffffff;color: #505050;font-family: Arial, sans-serif;font-size: 12px;-ms-text-size-adjust: none!important;-webkit-text-size-adjust: none!important;"><tr style="-ms-text-size-adjust: none!important;-webkit-text-size-adjust: none!important;"><td valign="top" align="left" style="font-family: Arial, sans-serif;vertical-align: top;font-size: 14px;text-align: left;border-collapse: collapse;-ms-text-size-adjust: none!important;-webkit-text-size-adjust: none!important;">
<a class="article-headline" style="color: #0099CC;text-decoration: none;font-weight: bold;-ms-text-size-adjust: none!important;-webkit-text-size-adjust: none!important;" href="https://androidweekly.net">
We'll move from Mailchimp to Constant Contact
</a>
<span class="main-url" style="color: #333333;font-size: 10px;-ms-text-size-adjust: none!important;-webkit-text-size-adjust: none!important;">
(androidweekly.net)
</span>
<p style="margin: 0;line-height: 1.5em;font-size: 12px;-ms-text-size-adjust: none!important;-webkit-text-size-adjust: none!important;">
Due to the temporary loss of income because of Covid-19 and high costs using Mailchimp to send our weekly issues to more than 66k subscribers, we take advantage of a good offer and move from Mailchimp to Constant Contact as our email sending service. For you, the newsletter reader, nothing should change. Consider adding contact@androidweekly.net to your contact list, so it's not getting filtered.
</p>
</td></tr><tr style="-ms-text-size-adjust: none!important;-webkit-text-size-adjust: none!important;"><td colspan="2" class="whitespace" height="17" style="font-size: 0;height: 17px;border-collapse: collapse;-ms-text-size-adjust: none!important;-webkit-text-size-adjust: none!important;"> </td></tr></table>
<table align="center" cellpadding="0" cellspacing="0" class="wrapper" width="510" style="border-collapse: collapse;text-align: left;width: 510px;background: #ffffff;color: #505050;font-family: Arial, sans-serif;font-size: 12px;-ms-text-size-adjust: none!important;-webkit-text-size-adjust: none!important;"><tr style="-ms-text-size-adjust: none!important;-webkit-text-size-adjust: none!important;"><td width="510" valign="middle" align="left" style="font-family: Arial, sans-serif;vertical-align: middle;text-align: left;width: 510px;border-collapse: collapse;-ms-text-size-adjust: none!important;-webkit-text-size-adjust: none!important;"><h2 style="font-size: 18px;text-transform: uppercase;border-bottom: 1px solid #CCCCCC;display: block;font-weight: 400;line-height: 100%;margin: 2% 0 1%;padding: 4px;text-align: left;-ms-text-size-adjust: none!important;-webkit-text-size-adjust: none!important;">Articles & Tutorials</h2></td></tr><tr style="-ms-text-size-adjust: none!important;-webkit-text-size-adjust: none!important;"><td colspan="2" class="whitespace" height="10" style="font-size: 0;height: 10px;border-collapse: collapse;-ms-text-size-adjust: none!important;-webkit-text-size-adjust: none!important;"> </td></tr></table>
<table align="center" cellpadding="0" cellspacing="0" class="wrapper" width="510" style="border-collapse: collapse;text-align: left;width: 510px;background: #ffffff;color: #505050;font-family: Arial, sans-serif;font-size: 12px;-ms-text-size-adjust: none!important;-webkit-text-size-adjust: none!important;"><tr style="-ms-text-size-adjust: none!important;-webkit-text-size-adjust: none!important;"><td width="18%" valign="middle" align="left" style="font-family: Arial, sans-serif;vertical-align: middle;text-align: left;width: 18%;border-collapse: collapse;-ms-text-size-adjust: none!important;-webkit-text-size-adjust: none!important;">
<a href="https://blog.stylingandroid.com/d8-desugaring/" style="-ms-text-size-adjust: none!important;-webkit-text-size-adjust: none!important;">
<img style="border: 1px solid #333333;height: auto;line-height: 100%;outline: none;text-decoration: none;display: inline;-ms-text-size-adjust: none!important;-webkit-text-size-adjust: none!important;" src="https://androidweekly.net/system/images/5e928b/8a3c93bc382900414d/square_Bildschirmfoto_2020-04-12_um_16.32.17.png" alt="link image">
</a>
</td><td class="vertical-whitespace" height="20" style="height: 20px;width: 2%;border-collapse: collapse;-ms-text-size-adjust: none!important;-webkit-text-size-adjust: none!important;" valign="top" width="2%"> </td><td width="80%" valign="top" align="left" style="font-family: Arial, sans-serif;vertical-align: top;font-size: 14px;text-align: left;width: 80%;border-collapse: collapse;-ms-text-size-adjust: none!important;-webkit-text-size-adjust: none!important;">
<a class="article-headline" style="color: #0099CC;text-decoration: none;font-weight: bold;-ms-text-size-adjust: none!important;-webkit-text-size-adjust: none!important;" href="https://blog.stylingandroid.com/d8-desugaring/">
D8 Desugaring
</a>
<span class="main-url" style="color: #333333;font-size: 10px;-ms-text-size-adjust: none!important;-webkit-text-size-adjust: none!important;">
(blog.stylingandroid.com)
</span>
<p style="margin: 0;line-height: 1.5em;font-size: 12px;-ms-text-size-adjust: none!important;-webkit-text-size-adjust: none!important;">
Mark Allison looks at one of the features of the D8 dex compiler: desugaring. He’ll explain what that is and what benefits it can bring us.
</p>
</td></tr><tr style="-ms-text-size-adjust: none!important;-webkit-text-size-adjust: none!important;"><td colspan="2" class="whitespace" height="17" style="font-size: 0;height: 17px;border-collapse: collapse;-ms-text-size-adjust: none!important;-webkit-text-size-adjust: none!important;"> </td></tr></table>
<table align="center" cellpadding="0" cellspacing="0" class="wrapper" width="510" style="border-collapse: collapse;text-align: left;width: 510px;background: #ffffff;color: #505050;font-family: Arial, sans-serif;font-size: 12px;-ms-text-size-adjust: none!important;-webkit-text-size-adjust: none!important;"><tr style="-ms-text-size-adjust: none!important;-webkit-text-size-adjust: none!important;"><td valign="top" align="left" style="font-family: Arial, sans-serif;vertical-align: top;font-size: 14px;text-align: left;border-collapse: collapse;-ms-text-size-adjust: none!important;-webkit-text-size-adjust: none!important;">
<a class="article-headline" style="color: #0099CC;text-decoration: none;font-weight: bold;-ms-text-size-adjust: none!important;-webkit-text-size-adjust: none!important;" href="https://blog.plaid.com/securing-webviews-with-chrome-custom-tabs/">
Securing WebViews with Chrome Custom Tabs 
</a>
<span class="main-url" style="color: #333333;font-size: 10px;-ms-text-size-adjust: none!important;-webkit-text-size-adjust: none!important;">
(blog.plaid.com)
</span>
<p style="margin: 0;line-height: 1.5em;font-size: 12px;-ms-text-size-adjust: none!important;-webkit-text-size-adjust: none!important;">
In this article Zachary Sweigart explains why Chrome Custom Tabs were the most secure for entering sensitive information and how to overcome the technical issues encountered along the way.
</p>
</td></tr><tr style="-ms-text-size-adjust: none!important;-webkit-text-size-adjust: none!important;"><td colspan="2" class="whitespace" height="17" style="font-size: 0;height: 17px;border-collapse: collapse;-ms-text-size-adjust: none!important;-webkit-text-size-adjust: none!important;"> </td></tr></table>
<table align="center" cellpadding="0" cellspacing="0" class="wrapper" width="510" style="border-collapse: collapse;text-align: left;width: 510px;background: #ffffff;color: #505050;font-family: Arial, sans-serif;font-size: 12px;-ms-text-size-adjust: none!important;-webkit-text-size-adjust: none!important;"><tr style="-ms-text-size-adjust: none!important;-webkit-text-size-adjust: none!important;"><td valign="top" align="left" style="font-family: Arial, sans-serif;vertical-align: top;font-size: 14px;text-align: left;border-collapse: collapse;-ms-text-size-adjust: none!important;-webkit-text-size-adjust: none!important;">
<a class="article-headline" style="color: #0099CC;text-decoration: none;font-weight: bold;-ms-text-size-adjust: none!important;-webkit-text-size-adjust: none!important;" href="https://proandroiddev.com/building-a-devops-pipeline-for-your-app-choose-a-ci-cd-server-fd99e886ab76">
Building a DevOps pipeline for your App: Choose a CI/CD server 
</a>
<span class="main-url" style="color: #333333;font-size: 10px;-ms-text-size-adjust: none!important;-webkit-text-size-adjust: none!important;">
(proandroiddev.com)
</span>
<p style="margin: 0;line-height: 1.5em;font-size: 12px;-ms-text-size-adjust: none!important;-webkit-text-size-adjust: none!important;">
Peter-John Welcome compares and contrasts numerous online Continuous Integration services that can be used for mobile apps.
</p>
</td></tr><tr style="-ms-text-size-adjust: none!important;-webkit-text-size-adjust: none!important;"><td colspan="2" class="whitespace" height="17" style="font-size: 0;height: 17px;border-collapse: collapse;-ms-text-size-adjust: none!important;-webkit-text-size-adjust: none!important;"> </td></tr></table>
<table align="center" cellpadding="0" cellspacing="0" class="wrapper" width="510" style="border-collapse: collapse;text-align: left;width: 510px;background: #ffffff;color: #505050;font-family: Arial, sans-serif;font-size: 12px;-ms-text-size-adjust: none!important;-webkit-text-size-adjust: none!important;"><tr style="-ms-text-size-adjust: none!important;-webkit-text-size-adjust: none!important;"><td width="18%" valign="middle" align="left" style="font-family: Arial, sans-serif;vertical-align: middle;text-align: left;width: 18%;border-collapse: collapse;-ms-text-size-adjust: none!important;-webkit-text-size-adjust: none!important;">
<a href="https://joebirch.co/android/exploring-jetpack-compose-checkbox/" style="-ms-text-size-adjust: none!important;-webkit-text-size-adjust: none!important;">
<img style="border: 1px solid #333333;height: auto;line-height: 100%;outline: none;text-decoration: none;display: inline;-ms-text-size-adjust: none!important;-webkit-text-size-adjust: none!important;" src="https://androidweekly.net/system/images/5e928a/d23c93bc382900413b/square_Bildschirmfoto_2020-04-12_um_16.30.14.png" alt="link image">
</a>
</td><td class="vertical-whitespace" height="20" style="height: 20px;width: 2%;border-collapse: collapse;-ms-text-size-adjust: none!important;-webkit-text-size-adjust: none!important;" valign="top" width="2%"> </td><td width="80%" valign="top" align="left" style="font-family: Arial, sans-serif;vertical-align: top;font-size: 14px;text-align: left;width: 80%;border-collapse: collapse;-ms-text-size-adjust: none!important;-webkit-text-size-adjust: none!important;">
<a class="article-headline" style="color: #0099CC;text-decoration: none;font-weight: bold;-ms-text-size-adjust: none!important;-webkit-text-size-adjust: none!important;" href="https://joebirch.co/android/exploring-jetpack-compose-checkbox/">
Exploring Jetpack Compose: Checkbox
</a>
<span class="main-url" style="color: #333333;font-size: 10px;-ms-text-size-adjust: none!important;-webkit-text-size-adjust: none!important;">
(joebirch.co)
</span>
<p style="margin: 0;line-height: 1.5em;font-size: 12px;-ms-text-size-adjust: none!important;-webkit-text-size-adjust: none!important;">
In this post, Joe Birch takes a quick dive into the Checkbox component from Jetpack Compose. 
</p>
</td></tr><tr style="-ms-text-size-adjust: none!important;-webkit-text-size-adjust: none!important;"><td colspan="2" class="whitespace" height="17" style="font-size: 0;height: 17px;border-collapse: collapse;-ms-text-size-adjust: none!important;-webkit-text-size-adjust: none!important;"> </td></tr></table>
<table align="center" cellpadding="0" cellspacing="0" class="wrapper" width="510" style="border-collapse: collapse;text-align: left;width: 510px;background: #ffffff;color: #505050;font-family: Arial, sans-serif;font-size: 12px;-ms-text-size-adjust: none!important;-webkit-text-size-adjust: none!important;"><tr style="-ms-text-size-adjust: none!important;-webkit-text-size-adjust: none!important;"><td valign="top" align="left" style="font-family: Arial, sans-serif;vertical-align: top;font-size: 14px;text-align: left;border-collapse: collapse;-ms-text-size-adjust: none!important;-webkit-text-size-adjust: none!important;">
<a class="article-headline" style="color: #0099CC;text-decoration: none;font-weight: bold;-ms-text-size-adjust: none!important;-webkit-text-size-adjust: none!important;" href="https://medium.com/android-microsoft/android-battery-testing-at-microsoft-yourphone-a1d6068bf09e">
Android Battery Testing at Microsoft YourPhone
</a>
<span class="main-url" style="color: #333333;font-size: 10px;-ms-text-size-adjust: none!important;-webkit-text-size-adjust: none!important;">
(medium.com)
</span>
<p style="margin: 0;line-height: 1.5em;font-size: 12px;-ms-text-size-adjust: none!important;-webkit-text-size-adjust: none!important;">
Aaron Oertel describes battery testing for helping to reduce battery consumption in your app.
</p>
</td></tr><tr style="-ms-text-size-adjust: none!important;-webkit-text-size-adjust: none!important;"><td colspan="2" class="whitespace" height="17" style="font-size: 0;height: 17px;border-collapse: collapse;-ms-text-size-adjust: none!important;-webkit-text-size-adjust: none!important;"> </td></tr></table>
<table align="center" cellpadding="0" cellspacing="0" class="wrapper" width="510" style="border-collapse: collapse;text-align: left;width: 510px;background: #ffffff;color: #505050;font-family: Arial, sans-serif;font-size: 12px;-ms-text-size-adjust: none!important;-webkit-text-size-adjust: none!important;"><tr style="-ms-text-size-adjust: none!important;-webkit-text-size-adjust: none!important;"><td valign="top" align="left" style="font-family: Arial, sans-serif;vertical-align: top;font-size: 14px;text-align: left;border-collapse: collapse;-ms-text-size-adjust: none!important;-webkit-text-size-adjust: none!important;">
<a class="article-headline" style="color: #0099CC;text-decoration: none;font-weight: bold;-ms-text-size-adjust: none!important;-webkit-text-size-adjust: none!important;" href="https://medium.com/@sinankozak/android-lint-rule-for-immutable-kotlin-data-classes-5c91517c7611">
Android lint rule for immutable Kotlin data classes
</a>
<span class="main-url" style="color: #333333;font-size: 10px;-ms-text-size-adjust: none!important;-webkit-text-size-adjust: none!important;">
(medium.com)
</span>
<p style="margin: 0;line-height: 1.5em;font-size: 12px;-ms-text-size-adjust: none!important;-webkit-text-size-adjust: none!important;">
As Sinan Kozak was learning Kotlin, he notices several patterns that were leading to writing errors in code, so he wrote some Lint rules to help alleviate some of these issues.
</p>
</td></tr><tr style="-ms-text-size-adjust: none!important;-webkit-text-size-adjust: none!important;"><td colspan="2" class="whitespace" height="17" style="font-size: 0;height: 17px;border-collapse: collapse;-ms-text-size-adjust: none!important;-webkit-text-size-adjust: none!important;"> </td></tr></table>
<table align="center" cellpadding="0" cellspacing="0" class="wrapper" width="510" style="border-collapse: collapse;text-align: left;width: 510px;background: #ffffff;color: #505050;font-family: Arial, sans-serif;font-size: 12px;-ms-text-size-adjust: none!important;-webkit-text-size-adjust: none!important;"><tr style="-ms-text-size-adjust: none!important;-webkit-text-size-adjust: none!important;"><td valign="top" align="left" style="font-family: Arial, sans-serif;vertical-align: top;font-size: 14px;text-align: left;border-collapse: collapse;-ms-text-size-adjust: none!important;-webkit-text-size-adjust: none!important;">
<a class="article-headline" style="color: #0099CC;text-decoration: none;font-weight: bold;-ms-text-size-adjust: none!important;-webkit-text-size-adjust: none!important;" href="https://proandroiddev.com/easy-navigation-in-a-multi-module-android-project-2374ecbaa0ae">
Easy navigation in a multi-module Android project
</a>
<span class="main-url" style="color: #333333;font-size: 10px;-ms-text-size-adjust: none!important;-webkit-text-size-adjust: none!important;">
(proandroiddev.com)
</span>
<p style="margin: 0;line-height: 1.5em;font-size: 12px;-ms-text-size-adjust: none!important;-webkit-text-size-adjust: none!important;">
After adopting a multi-module approach where each Gradle module would contain a single feature, Gaël Marhic ran into some inter-activity navigation challenges. Here's how he solved them.
</p>
</td></tr><tr style="-ms-text-size-adjust: none!important;-webkit-text-size-adjust: none!important;"><td colspan="2" class="whitespace" height="17" style="font-size: 0;height: 17px;border-collapse: collapse;-ms-text-size-adjust: none!important;-webkit-text-size-adjust: none!important;"> </td></tr></table>
<table align="center" cellpadding="0" cellspacing="0" class="wrapper" width="510" style="border-collapse: collapse;text-align: left;width: 510px;background: #ffffff;color: #505050;font-family: Arial, sans-serif;font-size: 12px;-ms-text-size-adjust: none!important;-webkit-text-size-adjust: none!important;"><tr style="-ms-text-size-adjust: none!important;-webkit-text-size-adjust: none!important;"><td valign="top" align="left" style="font-family: Arial, sans-serif;vertical-align: top;font-size: 14px;text-align: left;border-collapse: collapse;-ms-text-size-adjust: none!important;-webkit-text-size-adjust: none!important;">
<a class="article-headline" style="color: #0099CC;text-decoration: none;font-weight: bold;-ms-text-size-adjust: none!important;-webkit-text-size-adjust: none!important;" href="https://medium.com/androiddevelopers/customizing-workmanager-fundamentals-fdaa17c46dd2">
Customizing WorkManager — Fundamentals
</a>
<span class="main-url" style="color: #333333;font-size: 10px;-ms-text-size-adjust: none!important;-webkit-text-size-adjust: none!important;">
(medium.com)
</span>
<p style="margin: 0;line-height: 1.5em;font-size: 12px;-ms-text-size-adjust: none!important;-webkit-text-size-adjust: none!important;">
In this article, Pietro Maggi talks about custom configurations of WorkManager for doing background work in your app.
</p>
</td></tr><tr style="-ms-text-size-adjust: none!important;-webkit-text-size-adjust: none!important;"><td colspan="2" class="whitespace" height="17" style="font-size: 0;height: 17px;border-collapse: collapse;-ms-text-size-adjust: none!important;-webkit-text-size-adjust: none!important;"> </td></tr></table>
<table align="center" cellpadding="0" cellspacing="0" class="wrapper" width="510" style="border-collapse: collapse;text-align: left;width: 510px;background: #ffffff;color: #505050;font-family: Arial, sans-serif;font-size: 12px;-ms-text-size-adjust: none!important;-webkit-text-size-adjust: none!important;"><tr style="-ms-text-size-adjust: none!important;-webkit-text-size-adjust: none!important;"><td valign="top" align="left" style="font-family: Arial, sans-serif;vertical-align: top;font-size: 14px;text-align: left;border-collapse: collapse;-ms-text-size-adjust: none!important;-webkit-text-size-adjust: none!important;">
<a class="article-headline" style="color: #0099CC;text-decoration: none;font-weight: bold;-ms-text-size-adjust: none!important;-webkit-text-size-adjust: none!important;" href="https://proandroiddev.com/android-canvas-api-from-noob-to-ninja-inroduction-9325307fb95a">
Android Canvas API from: Noob to Ninja
</a>
<span class="main-url" style="color: #333333;font-size: 10px;-ms-text-size-adjust: none!important;-webkit-text-size-adjust: none!important;">
(proandroiddev.com)
</span>
<p style="margin: 0;line-height: 1.5em;font-size: 12px;-ms-text-size-adjust: none!important;-webkit-text-size-adjust: none!important;">
Mohammad Sianaki lays the groundwork for how to work with the Android Canvas API.
</p>
</td></tr><tr style="-ms-text-size-adjust: none!important;-webkit-text-size-adjust: none!important;"><td colspan="2" class="whitespace" height="17" style="font-size: 0;height: 17px;border-collapse: collapse;-ms-text-size-adjust: none!important;-webkit-text-size-adjust: none!important;"> </td></tr></table>
<table align="center" cellpadding="0" cellspacing="0" class="wrapper" width="510" style="border-collapse: collapse;text-align: left;width: 510px;background: #ffffff;color: #505050;font-family: Arial, sans-serif;font-size: 12px;-ms-text-size-adjust: none!important;-webkit-text-size-adjust: none!important;"><tr style="-ms-text-size-adjust: none!important;-webkit-text-size-adjust: none!important;"><td valign="top" align="left" style="font-family: Arial, sans-serif;vertical-align: top;font-size: 14px;text-align: left;border-collapse: collapse;-ms-text-size-adjust: none!important;-webkit-text-size-adjust: none!important;">
<a class="article-headline" style="color: #0099CC;text-decoration: none;font-weight: bold;-ms-text-size-adjust: none!important;-webkit-text-size-adjust: none!important;" href="https://medium.com/google-developers/aog-protips-test-suite-for-smart-home-929a181e91e9">
AoG ProTips: Test Suite for Smart Home
</a>
<span class="main-url" style="color: #333333;font-size: 10px;-ms-text-size-adjust: none!important;-webkit-text-size-adjust: none!important;">
(medium.com)
</span>
<p style="margin: 0;line-height: 1.5em;font-size: 12px;-ms-text-size-adjust: none!important;-webkit-text-size-adjust: none!important;">
Dave Smith describes how the test suite for smart home allows you to self-test your smart home Action and verify that it meets all the necessary criteria before you submit for review.
</p>
</td></tr><tr style="-ms-text-size-adjust: none!important;-webkit-text-size-adjust: none!important;"><td colspan="2" class="whitespace" height="17" style="font-size: 0;height: 17px;border-collapse: collapse;-ms-text-size-adjust: none!important;-webkit-text-size-adjust: none!important;"> </td></tr></table>
<table align="center" cellpadding="0" cellspacing="0" class="wrapper" width="510" style="border-collapse: collapse;text-align: left;width: 510px;background: #ffffff;color: #505050;font-family: Arial, sans-serif;font-size: 12px;-ms-text-size-adjust: none!important;-webkit-text-size-adjust: none!important;"><tr style="-ms-text-size-adjust: none!important;-webkit-text-size-adjust: none!important;"><td valign="top" align="left" style="font-family: Arial, sans-serif;vertical-align: top;font-size: 14px;text-align: left;border-collapse: collapse;-ms-text-size-adjust: none!important;-webkit-text-size-adjust: none!important;">
<a class="article-headline" style="color: #0099CC;text-decoration: none;font-weight: bold;-ms-text-size-adjust: none!important;-webkit-text-size-adjust: none!important;" href="https://www.rockandnull.com/lottie-android/">
Lottie for Android primer
</a>
<span class="main-url" style="color: #333333;font-size: 10px;-ms-text-size-adjust: none!important;-webkit-text-size-adjust: none!important;">
(www.rockandnull.com)
</span>
<p style="margin: 0;line-height: 1.5em;font-size: 12px;-ms-text-size-adjust: none!important;-webkit-text-size-adjust: none!important;">
Bevan Steele demonstrates how simple it is to add delightful animations to your app with the Lottie library.
</p>
</td></tr><tr style="-ms-text-size-adjust: none!important;-webkit-text-size-adjust: none!important;"><td colspan="2" class="whitespace" height="17" style="font-size: 0;height: 17px;border-collapse: collapse;-ms-text-size-adjust: none!important;-webkit-text-size-adjust: none!important;"> </td></tr></table>
<table align="center" cellpadding="0" cellspacing="0" class="wrapper" width="510" style="border-collapse: collapse;text-align: left;width: 510px;background: #ffffff;color: #505050;font-family: Arial, sans-serif;font-size: 12px;-ms-text-size-adjust: none!important;-webkit-text-size-adjust: none!important;"><tr style="-ms-text-size-adjust: none!important;-webkit-text-size-adjust: none!important;"><td valign="top" align="left" style="font-family: Arial, sans-serif;vertical-align: top;font-size: 14px;text-align: left;border-collapse: collapse;-ms-text-size-adjust: none!important;-webkit-text-size-adjust: none!important;">
<a class="article-headline" style="color: #0099CC;text-decoration: none;font-weight: bold;-ms-text-size-adjust: none!important;-webkit-text-size-adjust: none!important;" href="https://medium.com/google-developer-experts/android-mvi-architecture-with-jetpack-coroutines-flow-part-2-bc1f3cb1dd2d">
Android MVI architecture with Jetpack & Coroutines/Flow — Part 2
</a>
<span class="main-url" style="color: #333333;font-size: 10px;-ms-text-size-adjust: none!important;-webkit-text-size-adjust: none!important;">
(medium.com)
</span>
<p style="margin: 0;line-height: 1.5em;font-size: 12px;-ms-text-size-adjust: none!important;-webkit-text-size-adjust: none!important;">
Now that there's a base RecyclerView adapter in order to bootstrap lists in part 1, Pavlos-Petros Tournaris shows how we will fetch, transform and present the data of our screen.
</p>
</td></tr><tr style="-ms-text-size-adjust: none!important;-webkit-text-size-adjust: none!important;"><td colspan="2" class="whitespace" height="17" style="font-size: 0;height: 17px;border-collapse: collapse;-ms-text-size-adjust: none!important;-webkit-text-size-adjust: none!important;"> </td></tr></table>
<table align="center" cellpadding="0" cellspacing="0" class="wrapper" width="510" style="border-collapse: collapse;text-align: left;width: 510px;background: #ffffff;color: #505050;font-family: Arial, sans-serif;font-size: 12px;-ms-text-size-adjust: none!important;-webkit-text-size-adjust: none!important;"><tr style="-ms-text-size-adjust: none!important;-webkit-text-size-adjust: none!important;"><td valign="top" align="left" style="font-family: Arial, sans-serif;vertical-align: top;font-size: 14px;text-align: left;border-collapse: collapse;-ms-text-size-adjust: none!important;-webkit-text-size-adjust: none!important;">
<a class="article-headline" style="color: #0099CC;text-decoration: none;font-weight: bold;-ms-text-size-adjust: none!important;-webkit-text-size-adjust: none!important;" href="https://www.raywenderlich.com/8220197-bubbles-tutorial-for-android-10-getting-started">
Bubbles Tutorial for Android 10: Getting Started
</a>
<span class="main-url" style="color: #333333;font-size: 10px;-ms-text-size-adjust: none!important;-webkit-text-size-adjust: none!important;">
(www.raywenderlich.com)
</span>
<p style="margin: 0;line-height: 1.5em;font-size: 12px;-ms-text-size-adjust: none!important;-webkit-text-size-adjust: none!important;">
In this Bubbles for Android 10 tutorial, Jenn Bailey shows how to use the Bubble API to create notification bubbles to let users easily multitask.
</p>
</td></tr><tr style="-ms-text-size-adjust: none!important;-webkit-text-size-adjust: none!important;"><td colspan="2" class="whitespace" height="17" style="font-size: 0;height: 17px;border-collapse: collapse;-ms-text-size-adjust: none!important;-webkit-text-size-adjust: none!important;"> </td></tr></table>
<table align="center" cellpadding="0" cellspacing="0" class="wrapper" width="510" style="border-collapse: collapse;text-align: left;width: 510px;background: #ffffff;color: #505050;font-family: Arial, sans-serif;font-size: 12px;-ms-text-size-adjust: none!important;-webkit-text-size-adjust: none!important;"><tr style="-ms-text-size-adjust: none!important;-webkit-text-size-adjust: none!important;"><td valign="top" align="left" style="font-family: Arial, sans-serif;vertical-align: top;font-size: 14px;text-align: left;border-collapse: collapse;-ms-text-size-adjust: none!important;-webkit-text-size-adjust: none!important;">
<a class="article-headline" style="color: #0099CC;text-decoration: none;font-weight: bold;-ms-text-size-adjust: none!important;-webkit-text-size-adjust: none!important;" href="https://blog.duolingo.com/migrating-duolingos-android-app-to-100-kotlin/">
Migrating Duolingo’s Android app to 100% Kotlin
</a>
<span class="main-url" style="color: #333333;font-size: 10px;-ms-text-size-adjust: none!important;-webkit-text-size-adjust: none!important;">
(blog.duolingo.com)
</span>
<p style="margin: 0;line-height: 1.5em;font-size: 12px;-ms-text-size-adjust: none!important;-webkit-text-size-adjust: none!important;">
Duolingo for Android was a Java app for its first five years of existence. Two years later, it’s now 100% Kotlin! Art Chaidarun describes how this migration proved to be a huge success in terms of code maintainability and developer happiness.
</p>
</td></tr><tr style="-ms-text-size-adjust: none!important;-webkit-text-size-adjust: none!important;"><td colspan="2" class="whitespace" height="17" style="font-size: 0;height: 17px;border-collapse: collapse;-ms-text-size-adjust: none!important;-webkit-text-size-adjust: none!important;"> </td></tr></table>
<table align="center" cellpadding="0" cellspacing="0" class="wrapper" width="510" style="border-collapse: collapse;text-align: left;width: 510px;background: #ffffff;color: #505050;font-family: Arial, sans-serif;font-size: 12px;-ms-text-size-adjust: none!important;-webkit-text-size-adjust: none!important;"><tr style="-ms-text-size-adjust: none!important;-webkit-text-size-adjust: none!important;"><td valign="top" align="left" style="font-family: Arial, sans-serif;vertical-align: top;font-size: 14px;text-align: left;border-collapse: collapse;-ms-text-size-adjust: none!important;-webkit-text-size-adjust: none!important;">
<a class="article-headline" style="color: #0099CC;text-decoration: none;font-weight: bold;-ms-text-size-adjust: none!important;-webkit-text-size-adjust: none!important;" href="https://hackernoon.com/a-code-review-checklist-to-focus-on-the-important-parts-au4f3ykj">
A Code Review Checklist to Focus on the Important Parts
</a>
<span class="main-url" style="color: #333333;font-size: 10px;-ms-text-size-adjust: none!important;-webkit-text-size-adjust: none!important;">
(hackernoon.com)
</span>
<p style="margin: 0;line-height: 1.5em;font-size: 12px;-ms-text-size-adjust: none!important;-webkit-text-size-adjust: none!important;">
Try following Michaela Greiler's code review checklist for improving your review practice to make it more beneficial for your team. 
</p>
</td></tr><tr style="-ms-text-size-adjust: none!important;-webkit-text-size-adjust: none!important;"><td colspan="2" class="whitespace" height="17" style="font-size: 0;height: 17px;border-collapse: collapse;-ms-text-size-adjust: none!important;-webkit-text-size-adjust: none!important;"> </td></tr></table>
<table align="center" cellpadding="0" cellspacing="0" class="wrapper" width="510" style="border-collapse: collapse;text-align: left;width: 510px;background: #ffffff;color: #505050;font-family: Arial, sans-serif;font-size: 12px;-ms-text-size-adjust: none!important;-webkit-text-size-adjust: none!important;"><tr style="-ms-text-size-adjust: none!important;-webkit-text-size-adjust: none!important;"><td valign="top" align="left" style="font-family: Arial, sans-serif;vertical-align: top;font-size: 14px;text-align: left;border-collapse: collapse;-ms-text-size-adjust: none!important;-webkit-text-size-adjust: none!important;">
<a class="article-headline" style="color: #0099CC;text-decoration: none;font-weight: bold;-ms-text-size-adjust: none!important;-webkit-text-size-adjust: none!important;" href="https://kotlinlang.org/docs/reference/mpp-dsl-reference.html">
Building Multiplatform Projects with Gradle
</a>
<span class="main-url" style="color: #333333;font-size: 10px;-ms-text-size-adjust: none!important;-webkit-text-size-adjust: none!important;">
(kotlinlang.org)
</span>
<p style="margin: 0;line-height: 1.5em;font-size: 12px;-ms-text-size-adjust: none!important;-webkit-text-size-adjust: none!important;">
Setting up a Kotlin Multiplatform project and want to check a correct block or target name for a Gradle script? Check out the new Kotlin Multiplatform DSL Reference!
</p>
</td></tr><tr style="-ms-text-size-adjust: none!important;-webkit-text-size-adjust: none!important;"><td colspan="2" class="whitespace" height="17" style="font-size: 0;height: 17px;border-collapse: collapse;-ms-text-size-adjust: none!important;-webkit-text-size-adjust: none!important;"> </td></tr></table>
<table align="center" cellpadding="0" cellspacing="0" class="wrapper" width="510" style="border-collapse: collapse;text-align: left;width: 510px;background: #ffffff;color: #505050;font-family: Arial, sans-serif;font-size: 12px;-ms-text-size-adjust: none!important;-webkit-text-size-adjust: none!important;"><tr style="-ms-text-size-adjust: none!important;-webkit-text-size-adjust: none!important;"><td valign="top" align="left" style="font-family: Arial, sans-serif;vertical-align: top;font-size: 14px;text-align: left;border-collapse: collapse;-ms-text-size-adjust: none!important;-webkit-text-size-adjust: none!important;">
<a class="article-headline" style="color: #0099CC;text-decoration: none;font-weight: bold;-ms-text-size-adjust: none!important;-webkit-text-size-adjust: none!important;" href="https://medium.com/@skydoves/building-a-beautiful-disney-mvvm-android-application-2-jetpack-architectures-6b13e062cacf">
Building a Beautiful MVVM Android Application: Jetpack + Architectures
</a>
<span class="main-url" style="color: #333333;font-size: 10px;-ms-text-size-adjust: none!important;-webkit-text-size-adjust: none!important;">
(medium.com)
</span>
<p style="margin: 0;line-height: 1.5em;font-size: 12px;-ms-text-size-adjust: none!important;-webkit-text-size-adjust: none!important;">
Jaewoong Eum continues the series, and in this post looks into modern Android development tools and architectures.
</p>
</td></tr><tr style="-ms-text-size-adjust: none!important;-webkit-text-size-adjust: none!important;"><td colspan="2" class="whitespace" height="17" style="font-size: 0;height: 17px;border-collapse: collapse;-ms-text-size-adjust: none!important;-webkit-text-size-adjust: none!important;"> </td></tr></table>
<table align="center" cellpadding="0" cellspacing="0" class="wrapper" width="510" style="border-collapse: collapse;text-align: left;width: 510px;background: #ffffff;color: #505050;font-family: Arial, sans-serif;font-size: 12px;-ms-text-size-adjust: none!important;-webkit-text-size-adjust: none!important;"><tr style="-ms-text-size-adjust: none!important;-webkit-text-size-adjust: none!important;"><td width="510" valign="middle" align="left" style="font-family: Arial, sans-serif;vertical-align: middle;text-align: left;width: 510px;border-collapse: collapse;-ms-text-size-adjust: none!important;-webkit-text-size-adjust: none!important;"><h2 style="font-size: 18px;text-transform: uppercase;border-bottom: 1px solid #CCCCCC;display: block;font-weight: 400;line-height: 100%;margin: 2% 0 1%;padding: 4px;text-align: left;-ms-text-size-adjust: none!important;-webkit-text-size-adjust: none!important;">Sponsored</h2></td></tr><tr style="-ms-text-size-adjust: none!important;-webkit-text-size-adjust: none!important;"><td colspan="2" class="whitespace" height="10" style="font-size: 0;height: 10px;border-collapse: collapse;-ms-text-size-adjust: none!important;-webkit-text-size-adjust: none!important;"> </td></tr></table>
<table align="center" cellpadding="0" cellspacing="0" class="wrapper" width="510" style="border-collapse: collapse;text-align: left;width: 510px;background: #ffffff;color: #505050;font-family: Arial, sans-serif;font-size: 12px;-ms-text-size-adjust: none!important;-webkit-text-size-adjust: none!important;"><tr style="-ms-text-size-adjust: none!important;-webkit-text-size-adjust: none!important;"><td width="18%" valign="middle" align="left" style="font-family: Arial, sans-serif;vertical-align: middle;text-align: left;width: 18%;border-collapse: collapse;-ms-text-size-adjust: none!important;-webkit-text-size-adjust: none!important;">
<a href="https://androidweekly.net/jobs/new" style="-ms-text-size-adjust: none!important;-webkit-text-size-adjust: none!important;">
<img style="border: 1px solid #333333;height: auto;line-height: 100%;outline: none;text-decoration: none;display: inline;-ms-text-size-adjust: none!important;-webkit-text-size-adjust: none!important;" src="https://androidweekly.net/system/images/5e9327/873c93bc382900491a/square_Bildschirmfoto_2020-04-12_um_16.36.44.png" alt="link image">
</a>
</td><td class="vertical-whitespace" height="20" style="height: 20px;width: 2%;border-collapse: collapse;-ms-text-size-adjust: none!important;-webkit-text-size-adjust: none!important;" valign="top" width="2%"> </td><td width="80%" valign="top" align="left" style="font-family: Arial, sans-serif;vertical-align: top;font-size: 14px;text-align: left;width: 80%;border-collapse: collapse;-ms-text-size-adjust: none!important;-webkit-text-size-adjust: none!important;">
<a class="article-headline" style="color: #0099CC;text-decoration: none;font-weight: bold;-ms-text-size-adjust: none!important;-webkit-text-size-adjust: none!important;" href="https://androidweekly.net/jobs/new">
Place a sponsored post & reach over 66k Android devs
</a>
<span class="main-url" style="color: #333333;font-size: 10px;-ms-text-size-adjust: none!important;-webkit-text-size-adjust: none!important;">
(androidweekly.net)
</span>
<p style="margin: 0;line-height: 1.5em;font-size: 12px;-ms-text-size-adjust: none!important;-webkit-text-size-adjust: none!important;">
Get a discount of 20% on all sponsored posts booked until the end of April 2020. They can be scheduled for any free issue in 2020. Contact martin@androidweekly.net for further details.
</p>
</td></tr><tr style="-ms-text-size-adjust: none!important;-webkit-text-size-adjust: none!important;"><td colspan="2" class="whitespace" height="17" style="font-size: 0;height: 17px;border-collapse: collapse;-ms-text-size-adjust: none!important;-webkit-text-size-adjust: none!important;"> </td></tr></table>
<table align="center" cellpadding="0" cellspacing="0" class="wrapper" width="510" style="border-collapse: collapse;text-align: left;width: 510px;background: #ffffff;color: #505050;font-family: Arial, sans-serif;font-size: 12px;-ms-text-size-adjust: none!important;-webkit-text-size-adjust: none!important;"><tr style="-ms-text-size-adjust: none!important;-webkit-text-size-adjust: none!important;"><td width="510" valign="middle" align="left" style="font-family: Arial, sans-serif;vertical-align: middle;text-align: left;width: 510px;border-collapse: collapse;-ms-text-size-adjust: none!important;-webkit-text-size-adjust: none!important;"><h2 style="font-size: 18px;text-transform: uppercase;border-bottom: 1px solid #CCCCCC;display: block;font-weight: 400;line-height: 100%;margin: 2% 0 1%;padding: 4px;text-align: left;-ms-text-size-adjust: none!important;-webkit-text-size-adjust: none!important;">Jobs</h2></td></tr><tr style="-ms-text-size-adjust: none!important;-webkit-text-size-adjust: none!important;"><td colspan="2" class="whitespace" height="10" style="font-size: 0;height: 10px;border-collapse: collapse;-ms-text-size-adjust: none!important;-webkit-text-size-adjust: none!important;"> </td></tr></table>
<table align="center" cellpadding="0" cellspacing="0" class="wrapper" width="510" style="border-collapse: collapse;text-align: left;width: 510px;background: #ffffff;color: #505050;font-family: Arial, sans-serif;font-size: 12px;-ms-text-size-adjust: none!important;-webkit-text-size-adjust: none!important;"><tr style="-ms-text-size-adjust: none!important;-webkit-text-size-adjust: none!important;"><td valign="top" align="left" style="font-family: Arial, sans-serif;vertical-align: top;font-size: 14px;text-align: left;border-collapse: collapse;-ms-text-size-adjust: none!important;-webkit-text-size-adjust: none!important;">
<a class="article-headline" style="color: #0099CC;text-decoration: none;font-weight: bold;-ms-text-size-adjust: none!important;-webkit-text-size-adjust: none!important;" href="https://cobibike.recruitee.com/o/senior-android-developer-fmx-frankfurt-am-main">
Senior Android Developer
</a>
<span class="main-url" style="color: #333333;font-size: 10px;-ms-text-size-adjust: none!important;-webkit-text-size-adjust: none!important;">
(Frankfurt am Main, Germany)
</span>
<p style="margin: 0;line-height: 1.5em;font-size: 12px;-ms-text-size-adjust: none!important;-webkit-text-size-adjust: none!important;">
The Bosch eBike / COBI.Bike Software Team is looking for a passionate & experienced Android Developer who is enthusiastic about connected mobility and hungry to take on development responsibilities on a new app at our rapidly growing start-up.
</p>
</td></tr><tr style="-ms-text-size-adjust: none!important;-webkit-text-size-adjust: none!important;"><td colspan="2" class="whitespace" height="17" style="font-size: 0;height: 17px;border-collapse: collapse;-ms-text-size-adjust: none!important;-webkit-text-size-adjust: none!important;"> </td></tr></table>
<table align="center" cellpadding="0" cellspacing="0" class="wrapper" width="510" style="border-collapse: collapse;text-align: left;width: 510px;background: #ffffff;color: #505050;font-family: Arial, sans-serif;font-size: 12px;-ms-text-size-adjust: none!important;-webkit-text-size-adjust: none!important;"><tr style="-ms-text-size-adjust: none!important;-webkit-text-size-adjust: none!important;"><td valign="top" align="left" style="font-family: Arial, sans-serif;vertical-align: top;font-size: 14px;text-align: left;border-collapse: collapse;-ms-text-size-adjust: none!important;-webkit-text-size-adjust: none!important;">
<a class="article-headline" style="color: #0099CC;text-decoration: none;font-weight: bold;-ms-text-size-adjust: none!important;-webkit-text-size-adjust: none!important;" href="https://blog.thefabulous.co/jobs-opening/android-developer/">
Senior Android at Fabulous, Material Design Winner
</a>
<span class="main-url" style="color: #333333;font-size: 10px;-ms-text-size-adjust: none!important;-webkit-text-size-adjust: none!important;">
(Remote)
</span>
<p style="margin: 0;line-height: 1.5em;font-size: 12px;-ms-text-size-adjust: none!important;-webkit-text-size-adjust: none!important;">
Join Fabulous, Best App Finalist in Google Play Awards, and contribute to positively impact people lives through behavioral change techniques.

</p>
</td></tr><tr style="-ms-text-size-adjust: none!important;-webkit-text-size-adjust: none!important;"><td colspan="2" class="whitespace" height="17" style="font-size: 0;height: 17px;border-collapse: collapse;-ms-text-size-adjust: none!important;-webkit-text-size-adjust: none!important;"> </td></tr></table>
<table align="center" cellpadding="0" cellspacing="0" class="wrapper" width="510" style="border-collapse: collapse;text-align: left;width: 510px;background: #ffffff;color: #505050;font-family: Arial, sans-serif;font-size: 12px;-ms-text-size-adjust: none!important;-webkit-text-size-adjust: none!important;"><tr style="-ms-text-size-adjust: none!important;-webkit-text-size-adjust: none!important;"><td width="510" valign="middle" align="left" style="font-family: Arial, sans-serif;vertical-align: middle;text-align: left;width: 510px;border-collapse: collapse;-ms-text-size-adjust: none!important;-webkit-text-size-adjust: none!important;"><h2 style="font-size: 18px;text-transform: uppercase;border-bottom: 1px solid #CCCCCC;display: block;font-weight: 400;line-height: 100%;margin: 2% 0 1%;padding: 4px;text-align: left;-ms-text-size-adjust: none!important;-webkit-text-size-adjust: none!important;">Libraries & Code</h2></td></tr><tr style="-ms-text-size-adjust: none!important;-webkit-text-size-adjust: none!important;"><td colspan="2" class="whitespace" height="10" style="font-size: 0;height: 10px;border-collapse: collapse;-ms-text-size-adjust: none!important;-webkit-text-size-adjust: none!important;"> </td></tr></table>
<table align="center" cellpadding="0" cellspacing="0" class="wrapper" width="510" style="border-collapse: collapse;text-align: left;width: 510px;background: #ffffff;color: #505050;font-family: Arial, sans-serif;font-size: 12px;-ms-text-size-adjust: none!important;-webkit-text-size-adjust: none!important;"><tr style="-ms-text-size-adjust: none!important;-webkit-text-size-adjust: none!important;"><td width="18%" valign="middle" align="left" style="font-family: Arial, sans-serif;vertical-align: middle;text-align: left;width: 18%;border-collapse: collapse;-ms-text-size-adjust: none!important;-webkit-text-size-adjust: none!important;">
<a href="https://github.com/ZieIony/GuideToCustomViews" style="-ms-text-size-adjust: none!important;-webkit-text-size-adjust: none!important;">
<img style="border: 1px solid #333333;height: auto;line-height: 100%;outline: none;text-decoration: none;display: inline;-ms-text-size-adjust: none!important;-webkit-text-size-adjust: none!important;" src="https://androidweekly.net/system/images/5e928d/a33c93bc3829004187/square_Bildschirmfoto_2020-04-12_um_16.33.38.png" alt="link image">
</a>
</td><td class="vertical-whitespace" height="20" style="height: 20px;width: 2%;border-collapse: collapse;-ms-text-size-adjust: none!important;-webkit-text-size-adjust: none!important;" valign="top" width="2%"> </td><td width="80%" valign="top" align="left" style="font-family: Arial, sans-serif;vertical-align: top;font-size: 14px;text-align: left;width: 80%;border-collapse: collapse;-ms-text-size-adjust: none!important;-webkit-text-size-adjust: none!important;">
<a class="article-headline" style="color: #0099CC;text-decoration: none;font-weight: bold;-ms-text-size-adjust: none!important;-webkit-text-size-adjust: none!important;" href="https://github.com/ZieIony/GuideToCustomViews">
GuideToCustomViews
</a>
<span class="main-url" style="color: #333333;font-size: 10px;-ms-text-size-adjust: none!important;-webkit-text-size-adjust: none!important;">
(github.com)
</span>
<p style="margin: 0;line-height: 1.5em;font-size: 12px;-ms-text-size-adjust: none!important;-webkit-text-size-adjust: none!important;">
The ultimate guide to Android custom views
</p>
</td></tr><tr style="-ms-text-size-adjust: none!important;-webkit-text-size-adjust: none!important;"><td colspan="2" class="whitespace" height="17" style="font-size: 0;height: 17px;border-collapse: collapse;-ms-text-size-adjust: none!important;-webkit-text-size-adjust: none!important;"> </td></tr></table>
<table align="center" cellpadding="0" cellspacing="0" class="wrapper" width="510" style="border-collapse: collapse;text-align: left;width: 510px;background: #ffffff;color: #505050;font-family: Arial, sans-serif;font-size: 12px;-ms-text-size-adjust: none!important;-webkit-text-size-adjust: none!important;"><tr style="-ms-text-size-adjust: none!important;-webkit-text-size-adjust: none!important;"><td valign="top" align="left" style="font-family: Arial, sans-serif;vertical-align: top;font-size: 14px;text-align: left;border-collapse: collapse;-ms-text-size-adjust: none!important;-webkit-text-size-adjust: none!important;">
<a class="article-headline" style="color: #0099CC;text-decoration: none;font-weight: bold;-ms-text-size-adjust: none!important;-webkit-text-size-adjust: none!important;" href="https://github.com/gaelmarhic/Quadrant">
Quadrant
</a>
<span class="main-url" style="color: #333333;font-size: 10px;-ms-text-size-adjust: none!important;-webkit-text-size-adjust: none!important;">
(github.com)
</span>
<p style="margin: 0;line-height: 1.5em;font-size: 12px;-ms-text-size-adjust: none!important;-webkit-text-size-adjust: none!important;">
A Gradle plugin for Android that makes navigation easy in multi-module projects
</p>
</td></tr><tr style="-ms-text-size-adjust: none!important;-webkit-text-size-adjust: none!important;"><td colspan="2" class="whitespace" height="17" style="font-size: 0;height: 17px;border-collapse: collapse;-ms-text-size-adjust: none!important;-webkit-text-size-adjust: none!important;"> </td></tr></table>
<table align="center" cellpadding="0" cellspacing="0" class="wrapper" width="510" style="border-collapse: collapse;text-align: left;width: 510px;background: #ffffff;color: #505050;font-family: Arial, sans-serif;font-size: 12px;-ms-text-size-adjust: none!important;-webkit-text-size-adjust: none!important;"><tr style="-ms-text-size-adjust: none!important;-webkit-text-size-adjust: none!important;"><td valign="top" align="left" style="font-family: Arial, sans-serif;vertical-align: top;font-size: 14px;text-align: left;border-collapse: collapse;-ms-text-size-adjust: none!important;-webkit-text-size-adjust: none!important;">
<a class="article-headline" style="color: #0099CC;text-decoration: none;font-weight: bold;-ms-text-size-adjust: none!important;-webkit-text-size-adjust: none!important;" href="https://github.com/kozaxinan/android-lints">
android-lints
</a>
<span class="main-url" style="color: #333333;font-size: 10px;-ms-text-size-adjust: none!important;-webkit-text-size-adjust: none!important;">
(github.com)
</span>
<p style="margin: 0;line-height: 1.5em;font-size: 12px;-ms-text-size-adjust: none!important;-webkit-text-size-adjust: none!important;">
A custom set of android lint rules
</p>
</td></tr><tr style="-ms-text-size-adjust: none!important;-webkit-text-size-adjust: none!important;"><td colspan="2" class="whitespace" height="17" style="font-size: 0;height: 17px;border-collapse: collapse;-ms-text-size-adjust: none!important;-webkit-text-size-adjust: none!important;"> </td></tr></table>
<table align="center" cellpadding="0" cellspacing="0" class="wrapper" width="510" style="border-collapse: collapse;text-align: left;width: 510px;background: #ffffff;color: #505050;font-family: Arial, sans-serif;font-size: 12px;-ms-text-size-adjust: none!important;-webkit-text-size-adjust: none!important;"><tr style="-ms-text-size-adjust: none!important;-webkit-text-size-adjust: none!important;"><td width="510" valign="middle" align="left" style="font-family: Arial, sans-serif;vertical-align: middle;text-align: left;width: 510px;border-collapse: collapse;-ms-text-size-adjust: none!important;-webkit-text-size-adjust: none!important;"><h2 style="font-size: 18px;text-transform: uppercase;border-bottom: 1px solid #CCCCCC;display: block;font-weight: 400;line-height: 100%;margin: 2% 0 1%;padding: 4px;text-align: left;-ms-text-size-adjust: none!important;-webkit-text-size-adjust: none!important;">News</h2></td></tr><tr style="-ms-text-size-adjust: none!important;-webkit-text-size-adjust: none!important;"><td colspan="2" class="whitespace" height="10" style="font-size: 0;height: 10px;border-collapse: collapse;-ms-text-size-adjust: none!important;-webkit-text-size-adjust: none!important;"> </td></tr></table>
<table align="center" cellpadding="0" cellspacing="0" class="wrapper" width="510" style="border-collapse: collapse;text-align: left;width: 510px;background: #ffffff;color: #505050;font-family: Arial, sans-serif;font-size: 12px;-ms-text-size-adjust: none!important;-webkit-text-size-adjust: none!important;"><tr style="-ms-text-size-adjust: none!important;-webkit-text-size-adjust: none!important;"><td width="18%" valign="middle" align="left" style="font-family: Arial, sans-serif;vertical-align: middle;text-align: left;width: 18%;border-collapse: collapse;-ms-text-size-adjust: none!important;-webkit-text-size-adjust: none!important;">
<a href="https://www.online.droidcon.com/" style="-ms-text-size-adjust: none!important;-webkit-text-size-adjust: none!important;">
<img style="border: 1px solid #333333;height: auto;line-height: 100%;outline: none;text-decoration: none;display: inline;-ms-text-size-adjust: none!important;-webkit-text-size-adjust: none!important;" src="https://androidweekly.net/system/images/5e9292/723c93bc38290041e6/square_Bildschirmfoto_2020-04-12_um_16.33.59.png" alt="link image">
</a>
</td><td class="vertical-whitespace" height="20" style="height: 20px;width: 2%;border-collapse: collapse;-ms-text-size-adjust: none!important;-webkit-text-size-adjust: none!important;" valign="top" width="2%"> </td><td width="80%" valign="top" align="left" style="font-family: Arial, sans-serif;vertical-align: top;font-size: 14px;text-align: left;width: 80%;border-collapse: collapse;-ms-text-size-adjust: none!important;-webkit-text-size-adjust: none!important;">
<a class="article-headline" style="color: #0099CC;text-decoration: none;font-weight: bold;-ms-text-size-adjust: none!important;-webkit-text-size-adjust: none!important;" href="https://www.online.droidcon.com/">
droidcon Online
</a>
<span class="main-url" style="color: #333333;font-size: 10px;-ms-text-size-adjust: none!important;-webkit-text-size-adjust: none!important;">
(www.online.droidcon.com)
</span>
<p style="margin: 0;line-height: 1.5em;font-size: 12px;-ms-text-size-adjust: none!important;-webkit-text-size-adjust: none!important;">
Over the next months, Droidcon will host a series of virtual gatherings featuring GDEs and other Android experts from our communities across the globe on a wide range of Android development topics. These webinars will be highly informative and fully interactive
</p>
</td></tr><tr style="-ms-text-size-adjust: none!important;-webkit-text-size-adjust: none!important;"><td colspan="2" class="whitespace" height="17" style="font-size: 0;height: 17px;border-collapse: collapse;-ms-text-size-adjust: none!important;-webkit-text-size-adjust: none!important;"> </td></tr></table>
<table align="center" cellpadding="0" cellspacing="0" class="wrapper" width="510" style="border-collapse: collapse;text-align: left;width: 510px;background: #ffffff;color: #505050;font-family: Arial, sans-serif;font-size: 12px;-ms-text-size-adjust: none!important;-webkit-text-size-adjust: none!important;"><tr style="-ms-text-size-adjust: none!important;-webkit-text-size-adjust: none!important;"><td valign="top" align="left" style="font-family: Arial, sans-serif;vertical-align: top;font-size: 14px;text-align: left;border-collapse: collapse;-ms-text-size-adjust: none!important;-webkit-text-size-adjust: none!important;">
<a class="article-headline" style="color: #0099CC;text-decoration: none;font-weight: bold;-ms-text-size-adjust: none!important;-webkit-text-size-adjust: none!important;" href="https://developers.googleblog.com/2020/04/local-home-sdk-ready-for-actions.html?linkId=85936598&m=1">
Local Home SDK Ready for Actions
</a>
<span class="main-url" style="color: #333333;font-size: 10px;-ms-text-size-adjust: none!important;-webkit-text-size-adjust: none!important;">
(developers.googleblog.com)
</span>
<p style="margin: 0;line-height: 1.5em;font-size: 12px;-ms-text-size-adjust: none!important;-webkit-text-size-adjust: none!important;">
Dave Smith announces that Google is now allowing you to submit local fulfillment apps along with your smart home Action through the Actions console using Local Home SDK v1.0.
</p>
</td></tr><tr style="-ms-text-size-adjust: none!important;-webkit-text-size-adjust: none!important;"><td colspan="2" class="whitespace" height="17" style="font-size: 0;height: 17px;border-collapse: collapse;-ms-text-size-adjust: none!important;-webkit-text-size-adjust: none!important;"> </td></tr></table>
<table align="center" cellpadding="0" cellspacing="0" class="wrapper" width="510" style="border-collapse: collapse;text-align: left;width: 510px;background: #ffffff;color: #505050;font-family: Arial, sans-serif;font-size: 12px;-ms-text-size-adjust: none!important;-webkit-text-size-adjust: none!important;"><tr style="-ms-text-size-adjust: none!important;-webkit-text-size-adjust: none!important;"><td valign="top" align="left" style="font-family: Arial, sans-serif;vertical-align: top;font-size: 14px;text-align: left;border-collapse: collapse;-ms-text-size-adjust: none!important;-webkit-text-size-adjust: none!important;">
<a class="article-headline" style="color: #0099CC;text-decoration: none;font-weight: bold;-ms-text-size-adjust: none!important;-webkit-text-size-adjust: none!important;" href="https://android-developers.googleblog.com/2020/04/google-play-updates-and-information.html?utm_source=feedburner&utm_medium=feed&utm_campaign=Feed:+blogspot/hsDu+(Android+Developers+Blog)&m=1">
Google Play updates and information: Resources for developers
</a>
<span class="main-url" style="color: #333333;font-size: 10px;-ms-text-size-adjust: none!important;-webkit-text-size-adjust: none!important;">
(android-developers.googleblog.com)
</span>
<p style="margin: 0;line-height: 1.5em;font-size: 12px;-ms-text-size-adjust: none!important;-webkit-text-size-adjust: none!important;">
Google has pulled together some important information to help you maintain business continuity, as well as best practices to help you stay nimble in the changing landscape. 
</p>
</td></tr><tr style="-ms-text-size-adjust: none!important;-webkit-text-size-adjust: none!important;"><td colspan="2" class="whitespace" height="17" style="font-size: 0;height: 17px;border-collapse: collapse;-ms-text-size-adjust: none!important;-webkit-text-size-adjust: none!important;"> </td></tr></table></div>

      <!-- separator -->
      <table align="center" cellpadding="0" cellspacing="0" class="wrapper" width="570" style="border-collapse: collapse;text-align: center;width: 570px;background: #ffffff;color: #505050;font-family: Arial, sans-serif;font-size: 12px;-ms-text-size-adjust: none!important;-webkit-text-size-adjust: none!important;">
        <!-- whitespace -->
        <tr style="-ms-text-size-adjust: none!important;-webkit-text-size-adjust: none!important;">
            <td class="whitespace" height="10" style="font-size: 0;height: 10px;border-collapse: collapse;-ms-text-size-adjust: none!important;-webkit-text-size-adjust: none!important;">&nbsp;</td>
        </tr>
        <!-- whitespace - end -->
        <tr style="-ms-text-size-adjust: none!important;-webkit-text-size-adjust: none!important;">
            <td width="570" class="whitespace" height="3" style="background-color: #909090;font-size: 0;height: 3px;width: 570px;border-collapse: collapse;-ms-text-size-adjust: none!important;-webkit-text-size-adjust: none!important;">&nbsp;</td>
        </tr>
        <!-- whitespace -->
        <tr style="-ms-text-size-adjust: none!important;-webkit-text-size-adjust: none!important;">
            <td class="whitespace" height="30" style="font-size: 0;height: 30px;border-collapse: collapse;-ms-text-size-adjust: none!important;-webkit-text-size-adjust: none!important;">&nbsp;</td>
        </tr>
        <!-- whitespace - end -->
      </table>
      <!-- separator - end -->

      <!-- Mailchimp Footer -->
      <table align="center" cellpadding="0" cellspacing="0" class="wrapper" width="510" style="border-collapse: collapse;text-align: center;width: 510px;background: #ffffff;color: #505050;font-family: Arial, sans-serif;font-size: 12px;-ms-text-size-adjust: none!important;-webkit-text-size-adjust: none!important;">
        <tr style="-ms-text-size-adjust: none!important;-webkit-text-size-adjust: none!important;">
          <td colspan="3" valign="top" align="center" style="font-family: Arial, sans-serif;vertical-align: top;font-size: 12px;text-align: center;border-collapse: collapse;-ms-text-size-adjust: none!important;-webkit-text-size-adjust: none!important;">
            <div style="-ms-text-size-adjust: none!important;-webkit-text-size-adjust: none!important;">
              <em style="-ms-text-size-adjust: none!important;-webkit-text-size-adjust: none!important;">Copyright &copy; 2020 Android Weekly, All rights reserved.</em>
              <br style="-ms-text-size-adjust: none!important;-webkit-text-size-adjust: none!important;">
              You came here because you want all the new stuff in the android dev world!
              <br style="-ms-text-size-adjust: none!important;-webkit-text-size-adjust: none!important;">
              <br style="-ms-text-size-adjust: none!important;-webkit-text-size-adjust: none!important;">
              <strong style="-ms-text-size-adjust: none!important;-webkit-text-size-adjust: none!important;">Our mailing address is:</strong>
              <br style="-ms-text-size-adjust: none!important;-webkit-text-size-adjust: none!important;">
              <div class="vcard"><span class="org fn">Android Weekly</span><div class="adr"><div class="street-address">Kortumstr. 19-21</div><span class="locality">Bochum</span> <span class="postal-code">44787</span> <div class="country-name">Germany</div></div><br><a href="https://androidweekly.us2.list-manage.com/vcard?u=887caf4f48db76fd91e20a06d&id=4eb677ad19" class="hcard-download">Add us to your address book</a></div>
            </div>
          </td>
        </tr>
        <!-- whitespace -->
        <tr style="-ms-text-size-adjust: none!important;-webkit-text-size-adjust: none!important;">
            <td colspan="3" class="whitespace" height="15" style="font-size: 0;height: 15px;border-collapse: collapse;-ms-text-size-adjust: none!important;-webkit-text-size-adjust: none!important;">&nbsp;</td>
        </tr>
        <!-- whitespace - end -->
      <!-- separator - end -->
        <tr style="-ms-text-size-adjust: none!important;-webkit-text-size-adjust: none!important;">
          <td width="40%" valign="top" align="left" style="font-family: Arial, sans-serif;vertical-align: top;font-size: 11px;text-align: right;width: 40%;border-collapse: collapse;-ms-text-size-adjust: none!important;-webkit-text-size-adjust: none!important;">
            <div style="-ms-text-size-adjust: none!important;-webkit-text-size-adjust: none!important;">
              <a style="color: #505050;-ms-text-size-adjust: none!important;-webkit-text-size-adjust: none!important;" href="https://androidweekly.us2.list-manage.com/profile?u=887caf4f48db76fd91e20a06d&id=4eb677ad19&e=[UNIQID]">update subscription preferences</a>
            </div>
          </td>
          <td width="10%" valign="top" align="left" style="font-family: Arial, sans-serif;vertical-align: top;font-size: 11px;text-align: center;width: 10%;border-collapse: collapse;-ms-text-size-adjust: none!important;-webkit-text-size-adjust: none!important;">
            or
          </td>
          <td width="40%" valign="top" align="right" style="font-family: Arial, sans-serif;vertical-align: top;font-size: 11px;text-align: left;width: 40%;border-collapse: collapse;-ms-text-size-adjust: none!important;-webkit-text-size-adjust: none!important;">
            <div style="-ms-text-size-adjust: none!important;-webkit-text-size-adjust: none!important;">
              <a style="color: #505050;-ms-text-size-adjust: none!important;-webkit-text-size-adjust: none!important;" href="https://androidweekly.us2.list-manage.com/unsubscribe?u=887caf4f48db76fd91e20a06d&id=4eb677ad19&e=[UNIQID]&c=a05dd714c7">unsubscribe from this list</a>&nbsp;
            </div>
          </td>
        </tr>
        <!-- whitespace -->
        <tr style="-ms-text-size-adjust: none!important;-webkit-text-size-adjust: none!important;">
            <td class="whitespace" height="20" style="font-size: 0;height: 20px;border-collapse: collapse;-ms-text-size-adjust: none!important;-webkit-text-size-adjust: none!important;">&nbsp;</td>
        </tr>
        <!-- whitespace - end -->
      <!-- separator - end -->
      </table>
      <!-- Mailchimp Footer - end -->
    </center>
  </body>
</html>
]]></description>
      <content:encoded><![CDATA[<!DOCTYPE html PUBLIC "-//W3C//DTD XHTML 1.0 Transitional//EN" "http://www.w3.org/TR/xhtml1/DTD/xhtml1-transitional.dtd">
<html xmlns="http://www.w3.org/1999/xhtml">
  <head>
    <meta http-equiv="Content-Type" content="text/html; charset=UTF-8">
    <meta name="viewport" content="width=device-width, initial-scale=1">
    <meta name="format-detection" content="telephone=no">
    <title>Android Weekly #409</title>
	  
<style type="text/css">
		#outlook a{
			padding:0;
		}
		body{
			width:100% !important;
			margin:0;
			padding:0;
		}
		body *{
			-ms-text-size-adjust:none!important;
			-webkit-text-size-adjust:none!important;
		}
		body,.wrapper{
			background:#ffffff;
			color:#505050;
			font-family:Arial, sans-serif;
			font-size:12px;
		}
		table,table td{
			border-collapse:collapse;
		}
		h1,span.date{
			font-weight:normal;
			margin:0;
			padding:0;
		}
		h2{
			text-transform:uppercase
        border-bottom: 1px solid #CCCCCC;
			display:block;
			font-size:18px;
			font-weight:400;
			line-height:100%;
			margin:2% 0 1%;
			padding:4px;
			text-align:left;
		}
		img{
			outline:none;
			text-decoration:none;
			border:0;
			height:auto;
			line-height:100%;
		}
		a img{
			border:none;
		}
		a:hover{
			text-decoration:underline!important;
		}
		h1 a:hover{
			text-decoration:none!important;
		}
		.header span{
			font-size:36px;
			font-weight:bold;
			margin-left:15px;
			padding-top:9px;
		}
	@media only screen and (max-width: 540px){
		body[yahoo]{
			width:100%!important;
		}

}	@media only screen and (max-width: 540px){
		body[yahoo] .wrapper{
			margin:0 2%;
			width:96%!important;
		}

}	@media only screen and (max-width: 540px){
		body[yahoo] .wrapper tr,body[yahoo] .wrapper td{
			display:block;
			width:auto!important;
		}

}	@media only screen and (max-width: 540px){
		body[yahoo] .mobile-hidden{
			display:none!important;
		}

}	@media only screen and (max-width: 540px){
		body[yahoo] .wrapper td h1{
			display:block!important;
		}

}	@media only screen and (max-width: 540px){
		body[yahoo] .wrapper td h1 img{
			display:block!important;
			height:auto!important;
			margin-left:auto!important;
			margin-right:auto!important;
		}

}	@media only screen and (max-width: 540px){
		body[yahoo] .wrapper td h1 img:first-child{
			width:90%!important;
			margin-bottom:5px!important;
		}

}	@media only screen and (max-width: 540px){
		body[yahoo] .wrapper td h1 img:last-child{
			width:75%!important;
		}

}	@media only screen and (max-width: 540px){
		body[yahoo] .wrapper td h1 span{
			visibility:visible!important;
			opacity:1!important;
			display:block!important;
			overflow:visible!important;
			height:auto!important;
			width:100%!important;
		}

}	@media only screen and (max-width: 540px){
		body[yahoo] .wrapper td p{
			text-align:justify!important;
		}

}	@media only screen and (max-width: 540px){
		body[yahoo] .wrapper td span.issue-number{
			text-align:center!important;
			display:block!important;
			margin:10px 0 10px 0!important;
			font-size:30px!important;
		}

}	@media only screen and (max-width: 540px){
		body[yahoo] .wrapper td span.date{
			text-align:center!important;
		}

}	@media only screen and (max-width: 540px){
		body[yahoo] .wrapper td h2{
			text-align:center!important;
			font-size:32px!important;
			border:none!important;
			margin-bottom:15px!important;
		}

}	@media only screen and (max-width: 540px){
		body[yahoo] .wrapper td a{
			display:block;
			text-align:center;
			margin:0 auto 5px;
		}

}	@media only screen and (max-width: 540px){
		body[yahoo] .wrapper td span.main-url{
			display:none!important;
		}

}	@media only screen and (max-width: 540px){
		body[yahoo] .wrapper td a.article-headline{
			font-size:20px!important;
		}

}	@media only screen and (max-width: 540px){
		body[yahoo] .wrapper td p{
			font-size:18px!important;
			font-weight:100!important;
		}

}</style></head>
  <body bgcolor="#ffffff" text="#505050" style="background-color: #ffffff;font-family: Arial, sans-serif;font-size: 12px;margin: 0;padding: 0;text-align: center;background: #ffffff;color: #505050;width: 100% !important;" yahoo="fix">
  	<center style="-ms-text-size-adjust: none!important;-webkit-text-size-adjust: none!important;">
      <!-- Pre Header -->
      <table align="center" cellpadding="0" cellspacing="0" class="wrapper" width="510" style="border-collapse: collapse;text-align: center;width: 510px;background: #ffffff;color: #505050;font-family: Arial, sans-serif;font-size: 12px;-ms-text-size-adjust: none!important;-webkit-text-size-adjust: none!important;">
        <!-- whitespace -->
        <tr style="-ms-text-size-adjust: none!important;-webkit-text-size-adjust: none!important;">
            <td class="whitespace" height="20" style="font-size: 0;height: 20px;border-collapse: collapse;-ms-text-size-adjust: none!important;-webkit-text-size-adjust: none!important;">&nbsp;</td>
        </tr>
        <!-- whitespace - end -->
        <tr class="mobile-hidden" style="-ms-text-size-adjust: none!important;-webkit-text-size-adjust: none!important;">
          <td valign="middle" align="center" style="font-family: Arial, sans-serif;font-size: 10px;vertical-align: middle;text-align: center;border-collapse: collapse;-ms-text-size-adjust: none!important;-webkit-text-size-adjust: none!important;">
              <div style="-ms-text-size-adjust: none!important;-webkit-text-size-adjust: none!important;"><a href="https://mailchi.mp/androidweekly/android-weekly-409?e=[UNIQID]" style="border-radius: 4px;background-color: #DDDDDD;padding: 3px;color: white !important;text-decoration: none;-ms-text-size-adjust: none!important;-webkit-text-size-adjust: none!important;">View in browser</a><br style="-ms-text-size-adjust: none!important;-webkit-text-size-adjust: none!important;"></div>
          </td>
        </tr>
        <!-- whitespace -->
        <tr class="mobile-hidden" style="-ms-text-size-adjust: none!important;-webkit-text-size-adjust: none!important;">
            <td class="whitespace" height="20" style="font-size: 0;height: 20px;border-collapse: collapse;-ms-text-size-adjust: none!important;-webkit-text-size-adjust: none!important;">&nbsp;</td>
        </tr>
      </table>
      <!-- Pre Header - End -->

      <!-- Header -->
      <table align="center" cellpadding="0" cellspacing="0" class="wrapper" width="540" style="border-collapse: collapse;text-align: left;width: 540px;background: #ffffff;color: #505050;font-family: Arial, sans-serif;font-size: 12px;-ms-text-size-adjust: none!important;-webkit-text-size-adjust: none!important;">
        <tr style="-ms-text-size-adjust: none!important;-webkit-text-size-adjust: none!important;">
          <td valign="middle" align="left" style="font-family: Arial, sans-serif;vertical-align: middle;text-align: left;border-collapse: collapse;-ms-text-size-adjust: none!important;-webkit-text-size-adjust: none!important;">
            <div style="-ms-text-size-adjust: none!important;-webkit-text-size-adjust: none!important;"><h1 style="display: inline;font-family: Arial;font-size: 36px;font-weight: bold;line-height: 100%;text-align: left;color: #333333;margin: 0;padding: 0;-ms-text-size-adjust: none!important;-webkit-text-size-adjust: none!important;"><a href="http://androidweekly.net" style="text-decoration: none;-ms-text-size-adjust: none!important;-webkit-text-size-adjust: none!important;"><img alt="Android" height="28" src="http://androidweekly.net/assets/newsletter/font-android.jpg" style="border: none;line-height: 100%;outline: none;text-decoration: none;height: 28px;width: auto;-ms-text-size-adjust: none!important;-webkit-text-size-adjust: none!important;" width="auto"> <img alt="Weekly" height="27" src="http://androidweekly.net/assets/newsletter/font-weekly.jpg" style="border: none;line-height: 100%;outline: none;text-decoration: none;height: 27px;width: auto;-ms-text-size-adjust: none!important;-webkit-text-size-adjust: none!important;" width="auto"> </a></h1>
<strong class="issue-number" style="color: #333333;font-size: 36px;font-weight: bold;margin-left: 15px;-ms-text-size-adjust: none!important;-webkit-text-size-adjust: none!important;">#409</strong></div>
          </td>
        </tr>
        <tr style="-ms-text-size-adjust: none!important;-webkit-text-size-adjust: none!important;">
          <td valign="middle" align="left" style="font-family: Arial, sans-serif;vertical-align: middle;text-align: left;border-collapse: collapse;-ms-text-size-adjust: none!important;-webkit-text-size-adjust: none!important;">
            <div style="-ms-text-size-adjust: none!important;-webkit-text-size-adjust: none!important;"><span class="date" style="color: #333333;display: block;font-size: 12px;font-weight: normal;margin: 0;padding: 0;-ms-text-size-adjust: none!important;-webkit-text-size-adjust: none!important;">April 12, 2020</span></div>
          </td>
        </tr>
        <!-- whitespace -->
        <tr style="-ms-text-size-adjust: none!important;-webkit-text-size-adjust: none!important;">
            <td class="whitespace" height="10" style="font-size: 0;height: 10px;border-collapse: collapse;-ms-text-size-adjust: none!important;-webkit-text-size-adjust: none!important;">&nbsp;</td>
        </tr>
        <!-- whitespace - end -->
      </table>
      <!-- Header - End -->

      <!-- separator -->
      <table align="center" cellpadding="0" cellspacing="0" class="wrapper" width="570" style="border-collapse: collapse;text-align: center;width: 570px;background: #ffffff;color: #505050;font-family: Arial, sans-serif;font-size: 12px;-ms-text-size-adjust: none!important;-webkit-text-size-adjust: none!important;">
        <tr style="-ms-text-size-adjust: none!important;-webkit-text-size-adjust: none!important;">
            <td width="570" class="whitespace" height="5" style="background-color: #505050;font-size: 0;height: 5px;width: 570px;border-collapse: collapse;-ms-text-size-adjust: none!important;-webkit-text-size-adjust: none!important;">&nbsp;</td>
        </tr>
        <!-- whitespace -->
        <tr style="-ms-text-size-adjust: none!important;-webkit-text-size-adjust: none!important;">
            <td class="whitespace" height="15" style="font-size: 0;height: 15px;border-collapse: collapse;-ms-text-size-adjust: none!important;-webkit-text-size-adjust: none!important;">&nbsp;</td>
        </tr>
        <!-- whitespace - end -->
      </table>
      <!-- separator - end -->

      <div style="-ms-text-size-adjust: none!important;-webkit-text-size-adjust: none!important;"><table align="center" cellpadding="0" cellspacing="0" class="wrapper" width="510" style="border-collapse: collapse;text-align: left;width: 510px;background: #ffffff;color: #505050;font-family: Arial, sans-serif;font-size: 12px;-ms-text-size-adjust: none!important;-webkit-text-size-adjust: none!important;"><tr style="-ms-text-size-adjust: none!important;-webkit-text-size-adjust: none!important;"><td width="510" valign="middle" align="left" style="font-family: Arial, sans-serif;vertical-align: middle;text-align: left;width: 510px;border-collapse: collapse;-ms-text-size-adjust: none!important;-webkit-text-size-adjust: none!important;"><h2 style="font-size: 18px;text-transform: uppercase;border-bottom: 1px solid #CCCCCC;display: block;font-weight: 400;line-height: 100%;margin: 2% 0 1%;padding: 4px;text-align: left;-ms-text-size-adjust: none!important;-webkit-text-size-adjust: none!important;">Android Weekly Updates</h2></td></tr><tr style="-ms-text-size-adjust: none!important;-webkit-text-size-adjust: none!important;"><td colspan="2" class="whitespace" height="10" style="font-size: 0;height: 10px;border-collapse: collapse;-ms-text-size-adjust: none!important;-webkit-text-size-adjust: none!important;"> </td></tr></table>
<table align="center" cellpadding="0" cellspacing="0" class="wrapper" width="510" style="border-collapse: collapse;text-align: left;width: 510px;background: #ffffff;color: #505050;font-family: Arial, sans-serif;font-size: 12px;-ms-text-size-adjust: none!important;-webkit-text-size-adjust: none!important;"><tr style="-ms-text-size-adjust: none!important;-webkit-text-size-adjust: none!important;"><td valign="top" align="left" style="font-family: Arial, sans-serif;vertical-align: top;font-size: 14px;text-align: left;border-collapse: collapse;-ms-text-size-adjust: none!important;-webkit-text-size-adjust: none!important;">
<a class="article-headline" style="color: #0099CC;text-decoration: none;font-weight: bold;-ms-text-size-adjust: none!important;-webkit-text-size-adjust: none!important;" href="https://androidweekly.net">
We'll move from Mailchimp to Constant Contact
</a>
<span class="main-url" style="color: #333333;font-size: 10px;-ms-text-size-adjust: none!important;-webkit-text-size-adjust: none!important;">
(androidweekly.net)
</span>
<p style="margin: 0;line-height: 1.5em;font-size: 12px;-ms-text-size-adjust: none!important;-webkit-text-size-adjust: none!important;">
Due to the temporary loss of income because of Covid-19 and high costs using Mailchimp to send our weekly issues to more than 66k subscribers, we take advantage of a good offer and move from Mailchimp to Constant Contact as our email sending service. For you, the newsletter reader, nothing should change. Consider adding contact@androidweekly.net to your contact list, so it's not getting filtered.
</p>
</td></tr><tr style="-ms-text-size-adjust: none!important;-webkit-text-size-adjust: none!important;"><td colspan="2" class="whitespace" height="17" style="font-size: 0;height: 17px;border-collapse: collapse;-ms-text-size-adjust: none!important;-webkit-text-size-adjust: none!important;"> </td></tr></table>
<table align="center" cellpadding="0" cellspacing="0" class="wrapper" width="510" style="border-collapse: collapse;text-align: left;width: 510px;background: #ffffff;color: #505050;font-family: Arial, sans-serif;font-size: 12px;-ms-text-size-adjust: none!important;-webkit-text-size-adjust: none!important;"><tr style="-ms-text-size-adjust: none!important;-webkit-text-size-adjust: none!important;"><td width="510" valign="middle" align="left" style="font-family: Arial, sans-serif;vertical-align: middle;text-align: left;width: 510px;border-collapse: collapse;-ms-text-size-adjust: none!important;-webkit-text-size-adjust: none!important;"><h2 style="font-size: 18px;text-transform: uppercase;border-bottom: 1px solid #CCCCCC;display: block;font-weight: 400;line-height: 100%;margin: 2% 0 1%;padding: 4px;text-align: left;-ms-text-size-adjust: none!important;-webkit-text-size-adjust: none!important;">Articles & Tutorials</h2></td></tr><tr style="-ms-text-size-adjust: none!important;-webkit-text-size-adjust: none!important;"><td colspan="2" class="whitespace" height="10" style="font-size: 0;height: 10px;border-collapse: collapse;-ms-text-size-adjust: none!important;-webkit-text-size-adjust: none!important;"> </td></tr></table>
<table align="center" cellpadding="0" cellspacing="0" class="wrapper" width="510" style="border-collapse: collapse;text-align: left;width: 510px;background: #ffffff;color: #505050;font-family: Arial, sans-serif;font-size: 12px;-ms-text-size-adjust: none!important;-webkit-text-size-adjust: none!important;"><tr style="-ms-text-size-adjust: none!important;-webkit-text-size-adjust: none!important;"><td width="18%" valign="middle" align="left" style="font-family: Arial, sans-serif;vertical-align: middle;text-align: left;width: 18%;border-collapse: collapse;-ms-text-size-adjust: none!important;-webkit-text-size-adjust: none!important;">
<a href="https://blog.stylingandroid.com/d8-desugaring/" style="-ms-text-size-adjust: none!important;-webkit-text-size-adjust: none!important;">
<img style="border: 1px solid #333333;height: auto;line-height: 100%;outline: none;text-decoration: none;display: inline;-ms-text-size-adjust: none!important;-webkit-text-size-adjust: none!important;" src="https://androidweekly.net/system/images/5e928b/8a3c93bc382900414d/square_Bildschirmfoto_2020-04-12_um_16.32.17.png" alt="link image">
</a>
</td><td class="vertical-whitespace" height="20" style="height: 20px;width: 2%;border-collapse: collapse;-ms-text-size-adjust: none!important;-webkit-text-size-adjust: none!important;" valign="top" width="2%"> </td><td width="80%" valign="top" align="left" style="font-family: Arial, sans-serif;vertical-align: top;font-size: 14px;text-align: left;width: 80%;border-collapse: collapse;-ms-text-size-adjust: none!important;-webkit-text-size-adjust: none!important;">
<a class="article-headline" style="color: #0099CC;text-decoration: none;font-weight: bold;-ms-text-size-adjust: none!important;-webkit-text-size-adjust: none!important;" href="https://blog.stylingandroid.com/d8-desugaring/">
D8 Desugaring
</a>
<span class="main-url" style="color: #333333;font-size: 10px;-ms-text-size-adjust: none!important;-webkit-text-size-adjust: none!important;">
(blog.stylingandroid.com)
</span>
<p style="margin: 0;line-height: 1.5em;font-size: 12px;-ms-text-size-adjust: none!important;-webkit-text-size-adjust: none!important;">
Mark Allison looks at one of the features of the D8 dex compiler: desugaring. He’ll explain what that is and what benefits it can bring us.
</p>
</td></tr><tr style="-ms-text-size-adjust: none!important;-webkit-text-size-adjust: none!important;"><td colspan="2" class="whitespace" height="17" style="font-size: 0;height: 17px;border-collapse: collapse;-ms-text-size-adjust: none!important;-webkit-text-size-adjust: none!important;"> </td></tr></table>
<table align="center" cellpadding="0" cellspacing="0" class="wrapper" width="510" style="border-collapse: collapse;text-align: left;width: 510px;background: #ffffff;color: #505050;font-family: Arial, sans-serif;font-size: 12px;-ms-text-size-adjust: none!important;-webkit-text-size-adjust: none!important;"><tr style="-ms-text-size-adjust: none!important;-webkit-text-size-adjust: none!important;"><td valign="top" align="left" style="font-family: Arial, sans-serif;vertical-align: top;font-size: 14px;text-align: left;border-collapse: collapse;-ms-text-size-adjust: none!important;-webkit-text-size-adjust: none!important;">
<a class="article-headline" style="color: #0099CC;text-decoration: none;font-weight: bold;-ms-text-size-adjust: none!important;-webkit-text-size-adjust: none!important;" href="https://blog.plaid.com/securing-webviews-with-chrome-custom-tabs/">
Securing WebViews with Chrome Custom Tabs 
</a>
<span class="main-url" style="color: #333333;font-size: 10px;-ms-text-size-adjust: none!important;-webkit-text-size-adjust: none!important;">
(blog.plaid.com)
</span>
<p style="margin: 0;line-height: 1.5em;font-size: 12px;-ms-text-size-adjust: none!important;-webkit-text-size-adjust: none!important;">
In this article Zachary Sweigart explains why Chrome Custom Tabs were the most secure for entering sensitive information and how to overcome the technical issues encountered along the way.
</p>
</td></tr><tr style="-ms-text-size-adjust: none!important;-webkit-text-size-adjust: none!important;"><td colspan="2" class="whitespace" height="17" style="font-size: 0;height: 17px;border-collapse: collapse;-ms-text-size-adjust: none!important;-webkit-text-size-adjust: none!important;"> </td></tr></table>
<table align="center" cellpadding="0" cellspacing="0" class="wrapper" width="510" style="border-collapse: collapse;text-align: left;width: 510px;background: #ffffff;color: #505050;font-family: Arial, sans-serif;font-size: 12px;-ms-text-size-adjust: none!important;-webkit-text-size-adjust: none!important;"><tr style="-ms-text-size-adjust: none!important;-webkit-text-size-adjust: none!important;"><td valign="top" align="left" style="font-family: Arial, sans-serif;vertical-align: top;font-size: 14px;text-align: left;border-collapse: collapse;-ms-text-size-adjust: none!important;-webkit-text-size-adjust: none!important;">
<a class="article-headline" style="color: #0099CC;text-decoration: none;font-weight: bold;-ms-text-size-adjust: none!important;-webkit-text-size-adjust: none!important;" href="https://proandroiddev.com/building-a-devops-pipeline-for-your-app-choose-a-ci-cd-server-fd99e886ab76">
Building a DevOps pipeline for your App: Choose a CI/CD server 
</a>
<span class="main-url" style="color: #333333;font-size: 10px;-ms-text-size-adjust: none!important;-webkit-text-size-adjust: none!important;">
(proandroiddev.com)
</span>
<p style="margin: 0;line-height: 1.5em;font-size: 12px;-ms-text-size-adjust: none!important;-webkit-text-size-adjust: none!important;">
Peter-John Welcome compares and contrasts numerous online Continuous Integration services that can be used for mobile apps.
</p>
</td></tr><tr style="-ms-text-size-adjust: none!important;-webkit-text-size-adjust: none!important;"><td colspan="2" class="whitespace" height="17" style="font-size: 0;height: 17px;border-collapse: collapse;-ms-text-size-adjust: none!important;-webkit-text-size-adjust: none!important;"> </td></tr></table>
<table align="center" cellpadding="0" cellspacing="0" class="wrapper" width="510" style="border-collapse: collapse;text-align: left;width: 510px;background: #ffffff;color: #505050;font-family: Arial, sans-serif;font-size: 12px;-ms-text-size-adjust: none!important;-webkit-text-size-adjust: none!important;"><tr style="-ms-text-size-adjust: none!important;-webkit-text-size-adjust: none!important;"><td width="18%" valign="middle" align="left" style="font-family: Arial, sans-serif;vertical-align: middle;text-align: left;width: 18%;border-collapse: collapse;-ms-text-size-adjust: none!important;-webkit-text-size-adjust: none!important;">
<a href="https://joebirch.co/android/exploring-jetpack-compose-checkbox/" style="-ms-text-size-adjust: none!important;-webkit-text-size-adjust: none!important;">
<img style="border: 1px solid #333333;height: auto;line-height: 100%;outline: none;text-decoration: none;display: inline;-ms-text-size-adjust: none!important;-webkit-text-size-adjust: none!important;" src="https://androidweekly.net/system/images/5e928a/d23c93bc382900413b/square_Bildschirmfoto_2020-04-12_um_16.30.14.png" alt="link image">
</a>
</td><td class="vertical-whitespace" height="20" style="height: 20px;width: 2%;border-collapse: collapse;-ms-text-size-adjust: none!important;-webkit-text-size-adjust: none!important;" valign="top" width="2%"> </td><td width="80%" valign="top" align="left" style="font-family: Arial, sans-serif;vertical-align: top;font-size: 14px;text-align: left;width: 80%;border-collapse: collapse;-ms-text-size-adjust: none!important;-webkit-text-size-adjust: none!important;">
<a class="article-headline" style="color: #0099CC;text-decoration: none;font-weight: bold;-ms-text-size-adjust: none!important;-webkit-text-size-adjust: none!important;" href="https://joebirch.co/android/exploring-jetpack-compose-checkbox/">
Exploring Jetpack Compose: Checkbox
</a>
<span class="main-url" style="color: #333333;font-size: 10px;-ms-text-size-adjust: none!important;-webkit-text-size-adjust: none!important;">
(joebirch.co)
</span>
<p style="margin: 0;line-height: 1.5em;font-size: 12px;-ms-text-size-adjust: none!important;-webkit-text-size-adjust: none!important;">
In this post, Joe Birch takes a quick dive into the Checkbox component from Jetpack Compose. 
</p>
</td></tr><tr style="-ms-text-size-adjust: none!important;-webkit-text-size-adjust: none!important;"><td colspan="2" class="whitespace" height="17" style="font-size: 0;height: 17px;border-collapse: collapse;-ms-text-size-adjust: none!important;-webkit-text-size-adjust: none!important;"> </td></tr></table>
<table align="center" cellpadding="0" cellspacing="0" class="wrapper" width="510" style="border-collapse: collapse;text-align: left;width: 510px;background: #ffffff;color: #505050;font-family: Arial, sans-serif;font-size: 12px;-ms-text-size-adjust: none!important;-webkit-text-size-adjust: none!important;"><tr style="-ms-text-size-adjust: none!important;-webkit-text-size-adjust: none!important;"><td valign="top" align="left" style="font-family: Arial, sans-serif;vertical-align: top;font-size: 14px;text-align: left;border-collapse: collapse;-ms-text-size-adjust: none!important;-webkit-text-size-adjust: none!important;">
<a class="article-headline" style="color: #0099CC;text-decoration: none;font-weight: bold;-ms-text-size-adjust: none!important;-webkit-text-size-adjust: none!important;" href="https://medium.com/android-microsoft/android-battery-testing-at-microsoft-yourphone-a1d6068bf09e">
Android Battery Testing at Microsoft YourPhone
</a>
<span class="main-url" style="color: #333333;font-size: 10px;-ms-text-size-adjust: none!important;-webkit-text-size-adjust: none!important;">
(medium.com)
</span>
<p style="margin: 0;line-height: 1.5em;font-size: 12px;-ms-text-size-adjust: none!important;-webkit-text-size-adjust: none!important;">
Aaron Oertel describes battery testing for helping to reduce battery consumption in your app.
</p>
</td></tr><tr style="-ms-text-size-adjust: none!important;-webkit-text-size-adjust: none!important;"><td colspan="2" class="whitespace" height="17" style="font-size: 0;height: 17px;border-collapse: collapse;-ms-text-size-adjust: none!important;-webkit-text-size-adjust: none!important;"> </td></tr></table>
<table align="center" cellpadding="0" cellspacing="0" class="wrapper" width="510" style="border-collapse: collapse;text-align: left;width: 510px;background: #ffffff;color: #505050;font-family: Arial, sans-serif;font-size: 12px;-ms-text-size-adjust: none!important;-webkit-text-size-adjust: none!important;"><tr style="-ms-text-size-adjust: none!important;-webkit-text-size-adjust: none!important;"><td valign="top" align="left" style="font-family: Arial, sans-serif;vertical-align: top;font-size: 14px;text-align: left;border-collapse: collapse;-ms-text-size-adjust: none!important;-webkit-text-size-adjust: none!important;">
<a class="article-headline" style="color: #0099CC;text-decoration: none;font-weight: bold;-ms-text-size-adjust: none!important;-webkit-text-size-adjust: none!important;" href="https://medium.com/@sinankozak/android-lint-rule-for-immutable-kotlin-data-classes-5c91517c7611">
Android lint rule for immutable Kotlin data classes
</a>
<span class="main-url" style="color: #333333;font-size: 10px;-ms-text-size-adjust: none!important;-webkit-text-size-adjust: none!important;">
(medium.com)
</span>
<p style="margin: 0;line-height: 1.5em;font-size: 12px;-ms-text-size-adjust: none!important;-webkit-text-size-adjust: none!important;">
As Sinan Kozak was learning Kotlin, he notices several patterns that were leading to writing errors in code, so he wrote some Lint rules to help alleviate some of these issues.
</p>
</td></tr><tr style="-ms-text-size-adjust: none!important;-webkit-text-size-adjust: none!important;"><td colspan="2" class="whitespace" height="17" style="font-size: 0;height: 17px;border-collapse: collapse;-ms-text-size-adjust: none!important;-webkit-text-size-adjust: none!important;"> </td></tr></table>
<table align="center" cellpadding="0" cellspacing="0" class="wrapper" width="510" style="border-collapse: collapse;text-align: left;width: 510px;background: #ffffff;color: #505050;font-family: Arial, sans-serif;font-size: 12px;-ms-text-size-adjust: none!important;-webkit-text-size-adjust: none!important;"><tr style="-ms-text-size-adjust: none!important;-webkit-text-size-adjust: none!important;"><td valign="top" align="left" style="font-family: Arial, sans-serif;vertical-align: top;font-size: 14px;text-align: left;border-collapse: collapse;-ms-text-size-adjust: none!important;-webkit-text-size-adjust: none!important;">
<a class="article-headline" style="color: #0099CC;text-decoration: none;font-weight: bold;-ms-text-size-adjust: none!important;-webkit-text-size-adjust: none!important;" href="https://proandroiddev.com/easy-navigation-in-a-multi-module-android-project-2374ecbaa0ae">
Easy navigation in a multi-module Android project
</a>
<span class="main-url" style="color: #333333;font-size: 10px;-ms-text-size-adjust: none!important;-webkit-text-size-adjust: none!important;">
(proandroiddev.com)
</span>
<p style="margin: 0;line-height: 1.5em;font-size: 12px;-ms-text-size-adjust: none!important;-webkit-text-size-adjust: none!important;">
After adopting a multi-module approach where each Gradle module would contain a single feature, Gaël Marhic ran into some inter-activity navigation challenges. Here's how he solved them.
</p>
</td></tr><tr style="-ms-text-size-adjust: none!important;-webkit-text-size-adjust: none!important;"><td colspan="2" class="whitespace" height="17" style="font-size: 0;height: 17px;border-collapse: collapse;-ms-text-size-adjust: none!important;-webkit-text-size-adjust: none!important;"> </td></tr></table>
<table align="center" cellpadding="0" cellspacing="0" class="wrapper" width="510" style="border-collapse: collapse;text-align: left;width: 510px;background: #ffffff;color: #505050;font-family: Arial, sans-serif;font-size: 12px;-ms-text-size-adjust: none!important;-webkit-text-size-adjust: none!important;"><tr style="-ms-text-size-adjust: none!important;-webkit-text-size-adjust: none!important;"><td valign="top" align="left" style="font-family: Arial, sans-serif;vertical-align: top;font-size: 14px;text-align: left;border-collapse: collapse;-ms-text-size-adjust: none!important;-webkit-text-size-adjust: none!important;">
<a class="article-headline" style="color: #0099CC;text-decoration: none;font-weight: bold;-ms-text-size-adjust: none!important;-webkit-text-size-adjust: none!important;" href="https://medium.com/androiddevelopers/customizing-workmanager-fundamentals-fdaa17c46dd2">
Customizing WorkManager — Fundamentals
</a>
<span class="main-url" style="color: #333333;font-size: 10px;-ms-text-size-adjust: none!important;-webkit-text-size-adjust: none!important;">
(medium.com)
</span>
<p style="margin: 0;line-height: 1.5em;font-size: 12px;-ms-text-size-adjust: none!important;-webkit-text-size-adjust: none!important;">
In this article, Pietro Maggi talks about custom configurations of WorkManager for doing background work in your app.
</p>
</td></tr><tr style="-ms-text-size-adjust: none!important;-webkit-text-size-adjust: none!important;"><td colspan="2" class="whitespace" height="17" style="font-size: 0;height: 17px;border-collapse: collapse;-ms-text-size-adjust: none!important;-webkit-text-size-adjust: none!important;"> </td></tr></table>
<table align="center" cellpadding="0" cellspacing="0" class="wrapper" width="510" style="border-collapse: collapse;text-align: left;width: 510px;background: #ffffff;color: #505050;font-family: Arial, sans-serif;font-size: 12px;-ms-text-size-adjust: none!important;-webkit-text-size-adjust: none!important;"><tr style="-ms-text-size-adjust: none!important;-webkit-text-size-adjust: none!important;"><td valign="top" align="left" style="font-family: Arial, sans-serif;vertical-align: top;font-size: 14px;text-align: left;border-collapse: collapse;-ms-text-size-adjust: none!important;-webkit-text-size-adjust: none!important;">
<a class="article-headline" style="color: #0099CC;text-decoration: none;font-weight: bold;-ms-text-size-adjust: none!important;-webkit-text-size-adjust: none!important;" href="https://proandroiddev.com/android-canvas-api-from-noob-to-ninja-inroduction-9325307fb95a">
Android Canvas API from: Noob to Ninja
</a>
<span class="main-url" style="color: #333333;font-size: 10px;-ms-text-size-adjust: none!important;-webkit-text-size-adjust: none!important;">
(proandroiddev.com)
</span>
<p style="margin: 0;line-height: 1.5em;font-size: 12px;-ms-text-size-adjust: none!important;-webkit-text-size-adjust: none!important;">
Mohammad Sianaki lays the groundwork for how to work with the Android Canvas API.
</p>
</td></tr><tr style="-ms-text-size-adjust: none!important;-webkit-text-size-adjust: none!important;"><td colspan="2" class="whitespace" height="17" style="font-size: 0;height: 17px;border-collapse: collapse;-ms-text-size-adjust: none!important;-webkit-text-size-adjust: none!important;"> </td></tr></table>
<table align="center" cellpadding="0" cellspacing="0" class="wrapper" width="510" style="border-collapse: collapse;text-align: left;width: 510px;background: #ffffff;color: #505050;font-family: Arial, sans-serif;font-size: 12px;-ms-text-size-adjust: none!important;-webkit-text-size-adjust: none!important;"><tr style="-ms-text-size-adjust: none!important;-webkit-text-size-adjust: none!important;"><td valign="top" align="left" style="font-family: Arial, sans-serif;vertical-align: top;font-size: 14px;text-align: left;border-collapse: collapse;-ms-text-size-adjust: none!important;-webkit-text-size-adjust: none!important;">
<a class="article-headline" style="color: #0099CC;text-decoration: none;font-weight: bold;-ms-text-size-adjust: none!important;-webkit-text-size-adjust: none!important;" href="https://medium.com/google-developers/aog-protips-test-suite-for-smart-home-929a181e91e9">
AoG ProTips: Test Suite for Smart Home
</a>
<span class="main-url" style="color: #333333;font-size: 10px;-ms-text-size-adjust: none!important;-webkit-text-size-adjust: none!important;">
(medium.com)
</span>
<p style="margin: 0;line-height: 1.5em;font-size: 12px;-ms-text-size-adjust: none!important;-webkit-text-size-adjust: none!important;">
Dave Smith describes how the test suite for smart home allows you to self-test your smart home Action and verify that it meets all the necessary criteria before you submit for review.
</p>
</td></tr><tr style="-ms-text-size-adjust: none!important;-webkit-text-size-adjust: none!important;"><td colspan="2" class="whitespace" height="17" style="font-size: 0;height: 17px;border-collapse: collapse;-ms-text-size-adjust: none!important;-webkit-text-size-adjust: none!important;"> </td></tr></table>
<table align="center" cellpadding="0" cellspacing="0" class="wrapper" width="510" style="border-collapse: collapse;text-align: left;width: 510px;background: #ffffff;color: #505050;font-family: Arial, sans-serif;font-size: 12px;-ms-text-size-adjust: none!important;-webkit-text-size-adjust: none!important;"><tr style="-ms-text-size-adjust: none!important;-webkit-text-size-adjust: none!important;"><td valign="top" align="left" style="font-family: Arial, sans-serif;vertical-align: top;font-size: 14px;text-align: left;border-collapse: collapse;-ms-text-size-adjust: none!important;-webkit-text-size-adjust: none!important;">
<a class="article-headline" style="color: #0099CC;text-decoration: none;font-weight: bold;-ms-text-size-adjust: none!important;-webkit-text-size-adjust: none!important;" href="https://www.rockandnull.com/lottie-android/">
Lottie for Android primer
</a>
<span class="main-url" style="color: #333333;font-size: 10px;-ms-text-size-adjust: none!important;-webkit-text-size-adjust: none!important;">
(www.rockandnull.com)
</span>
<p style="margin: 0;line-height: 1.5em;font-size: 12px;-ms-text-size-adjust: none!important;-webkit-text-size-adjust: none!important;">
Bevan Steele demonstrates how simple it is to add delightful animations to your app with the Lottie library.
</p>
</td></tr><tr style="-ms-text-size-adjust: none!important;-webkit-text-size-adjust: none!important;"><td colspan="2" class="whitespace" height="17" style="font-size: 0;height: 17px;border-collapse: collapse;-ms-text-size-adjust: none!important;-webkit-text-size-adjust: none!important;"> </td></tr></table>
<table align="center" cellpadding="0" cellspacing="0" class="wrapper" width="510" style="border-collapse: collapse;text-align: left;width: 510px;background: #ffffff;color: #505050;font-family: Arial, sans-serif;font-size: 12px;-ms-text-size-adjust: none!important;-webkit-text-size-adjust: none!important;"><tr style="-ms-text-size-adjust: none!important;-webkit-text-size-adjust: none!important;"><td valign="top" align="left" style="font-family: Arial, sans-serif;vertical-align: top;font-size: 14px;text-align: left;border-collapse: collapse;-ms-text-size-adjust: none!important;-webkit-text-size-adjust: none!important;">
<a class="article-headline" style="color: #0099CC;text-decoration: none;font-weight: bold;-ms-text-size-adjust: none!important;-webkit-text-size-adjust: none!important;" href="https://medium.com/google-developer-experts/android-mvi-architecture-with-jetpack-coroutines-flow-part-2-bc1f3cb1dd2d">
Android MVI architecture with Jetpack & Coroutines/Flow — Part 2
</a>
<span class="main-url" style="color: #333333;font-size: 10px;-ms-text-size-adjust: none!important;-webkit-text-size-adjust: none!important;">
(medium.com)
</span>
<p style="margin: 0;line-height: 1.5em;font-size: 12px;-ms-text-size-adjust: none!important;-webkit-text-size-adjust: none!important;">
Now that there's a base RecyclerView adapter in order to bootstrap lists in part 1, Pavlos-Petros Tournaris shows how we will fetch, transform and present the data of our screen.
</p>
</td></tr><tr style="-ms-text-size-adjust: none!important;-webkit-text-size-adjust: none!important;"><td colspan="2" class="whitespace" height="17" style="font-size: 0;height: 17px;border-collapse: collapse;-ms-text-size-adjust: none!important;-webkit-text-size-adjust: none!important;"> </td></tr></table>
<table align="center" cellpadding="0" cellspacing="0" class="wrapper" width="510" style="border-collapse: collapse;text-align: left;width: 510px;background: #ffffff;color: #505050;font-family: Arial, sans-serif;font-size: 12px;-ms-text-size-adjust: none!important;-webkit-text-size-adjust: none!important;"><tr style="-ms-text-size-adjust: none!important;-webkit-text-size-adjust: none!important;"><td valign="top" align="left" style="font-family: Arial, sans-serif;vertical-align: top;font-size: 14px;text-align: left;border-collapse: collapse;-ms-text-size-adjust: none!important;-webkit-text-size-adjust: none!important;">
<a class="article-headline" style="color: #0099CC;text-decoration: none;font-weight: bold;-ms-text-size-adjust: none!important;-webkit-text-size-adjust: none!important;" href="https://www.raywenderlich.com/8220197-bubbles-tutorial-for-android-10-getting-started">
Bubbles Tutorial for Android 10: Getting Started
</a>
<span class="main-url" style="color: #333333;font-size: 10px;-ms-text-size-adjust: none!important;-webkit-text-size-adjust: none!important;">
(www.raywenderlich.com)
</span>
<p style="margin: 0;line-height: 1.5em;font-size: 12px;-ms-text-size-adjust: none!important;-webkit-text-size-adjust: none!important;">
In this Bubbles for Android 10 tutorial, Jenn Bailey shows how to use the Bubble API to create notification bubbles to let users easily multitask.
</p>
</td></tr><tr style="-ms-text-size-adjust: none!important;-webkit-text-size-adjust: none!important;"><td colspan="2" class="whitespace" height="17" style="font-size: 0;height: 17px;border-collapse: collapse;-ms-text-size-adjust: none!important;-webkit-text-size-adjust: none!important;"> </td></tr></table>
<table align="center" cellpadding="0" cellspacing="0" class="wrapper" width="510" style="border-collapse: collapse;text-align: left;width: 510px;background: #ffffff;color: #505050;font-family: Arial, sans-serif;font-size: 12px;-ms-text-size-adjust: none!important;-webkit-text-size-adjust: none!important;"><tr style="-ms-text-size-adjust: none!important;-webkit-text-size-adjust: none!important;"><td valign="top" align="left" style="font-family: Arial, sans-serif;vertical-align: top;font-size: 14px;text-align: left;border-collapse: collapse;-ms-text-size-adjust: none!important;-webkit-text-size-adjust: none!important;">
<a class="article-headline" style="color: #0099CC;text-decoration: none;font-weight: bold;-ms-text-size-adjust: none!important;-webkit-text-size-adjust: none!important;" href="https://blog.duolingo.com/migrating-duolingos-android-app-to-100-kotlin/">
Migrating Duolingo’s Android app to 100% Kotlin
</a>
<span class="main-url" style="color: #333333;font-size: 10px;-ms-text-size-adjust: none!important;-webkit-text-size-adjust: none!important;">
(blog.duolingo.com)
</span>
<p style="margin: 0;line-height: 1.5em;font-size: 12px;-ms-text-size-adjust: none!important;-webkit-text-size-adjust: none!important;">
Duolingo for Android was a Java app for its first five years of existence. Two years later, it’s now 100% Kotlin! Art Chaidarun describes how this migration proved to be a huge success in terms of code maintainability and developer happiness.
</p>
</td></tr><tr style="-ms-text-size-adjust: none!important;-webkit-text-size-adjust: none!important;"><td colspan="2" class="whitespace" height="17" style="font-size: 0;height: 17px;border-collapse: collapse;-ms-text-size-adjust: none!important;-webkit-text-size-adjust: none!important;"> </td></tr></table>
<table align="center" cellpadding="0" cellspacing="0" class="wrapper" width="510" style="border-collapse: collapse;text-align: left;width: 510px;background: #ffffff;color: #505050;font-family: Arial, sans-serif;font-size: 12px;-ms-text-size-adjust: none!important;-webkit-text-size-adjust: none!important;"><tr style="-ms-text-size-adjust: none!important;-webkit-text-size-adjust: none!important;"><td valign="top" align="left" style="font-family: Arial, sans-serif;vertical-align: top;font-size: 14px;text-align: left;border-collapse: collapse;-ms-text-size-adjust: none!important;-webkit-text-size-adjust: none!important;">
<a class="article-headline" style="color: #0099CC;text-decoration: none;font-weight: bold;-ms-text-size-adjust: none!important;-webkit-text-size-adjust: none!important;" href="https://hackernoon.com/a-code-review-checklist-to-focus-on-the-important-parts-au4f3ykj">
A Code Review Checklist to Focus on the Important Parts
</a>
<span class="main-url" style="color: #333333;font-size: 10px;-ms-text-size-adjust: none!important;-webkit-text-size-adjust: none!important;">
(hackernoon.com)
</span>
<p style="margin: 0;line-height: 1.5em;font-size: 12px;-ms-text-size-adjust: none!important;-webkit-text-size-adjust: none!important;">
Try following Michaela Greiler's code review checklist for improving your review practice to make it more beneficial for your team. 
</p>
</td></tr><tr style="-ms-text-size-adjust: none!important;-webkit-text-size-adjust: none!important;"><td colspan="2" class="whitespace" height="17" style="font-size: 0;height: 17px;border-collapse: collapse;-ms-text-size-adjust: none!important;-webkit-text-size-adjust: none!important;"> </td></tr></table>
<table align="center" cellpadding="0" cellspacing="0" class="wrapper" width="510" style="border-collapse: collapse;text-align: left;width: 510px;background: #ffffff;color: #505050;font-family: Arial, sans-serif;font-size: 12px;-ms-text-size-adjust: none!important;-webkit-text-size-adjust: none!important;"><tr style="-ms-text-size-adjust: none!important;-webkit-text-size-adjust: none!important;"><td valign="top" align="left" style="font-family: Arial, sans-serif;vertical-align: top;font-size: 14px;text-align: left;border-collapse: collapse;-ms-text-size-adjust: none!important;-webkit-text-size-adjust: none!important;">
<a class="article-headline" style="color: #0099CC;text-decoration: none;font-weight: bold;-ms-text-size-adjust: none!important;-webkit-text-size-adjust: none!important;" href="https://kotlinlang.org/docs/reference/mpp-dsl-reference.html">
Building Multiplatform Projects with Gradle
</a>
<span class="main-url" style="color: #333333;font-size: 10px;-ms-text-size-adjust: none!important;-webkit-text-size-adjust: none!important;">
(kotlinlang.org)
</span>
<p style="margin: 0;line-height: 1.5em;font-size: 12px;-ms-text-size-adjust: none!important;-webkit-text-size-adjust: none!important;">
Setting up a Kotlin Multiplatform project and want to check a correct block or target name for a Gradle script? Check out the new Kotlin Multiplatform DSL Reference!
</p>
</td></tr><tr style="-ms-text-size-adjust: none!important;-webkit-text-size-adjust: none!important;"><td colspan="2" class="whitespace" height="17" style="font-size: 0;height: 17px;border-collapse: collapse;-ms-text-size-adjust: none!important;-webkit-text-size-adjust: none!important;"> </td></tr></table>
<table align="center" cellpadding="0" cellspacing="0" class="wrapper" width="510" style="border-collapse: collapse;text-align: left;width: 510px;background: #ffffff;color: #505050;font-family: Arial, sans-serif;font-size: 12px;-ms-text-size-adjust: none!important;-webkit-text-size-adjust: none!important;"><tr style="-ms-text-size-adjust: none!important;-webkit-text-size-adjust: none!important;"><td valign="top" align="left" style="font-family: Arial, sans-serif;vertical-align: top;font-size: 14px;text-align: left;border-collapse: collapse;-ms-text-size-adjust: none!important;-webkit-text-size-adjust: none!important;">
<a class="article-headline" style="color: #0099CC;text-decoration: none;font-weight: bold;-ms-text-size-adjust: none!important;-webkit-text-size-adjust: none!important;" href="https://medium.com/@skydoves/building-a-beautiful-disney-mvvm-android-application-2-jetpack-architectures-6b13e062cacf">
Building a Beautiful MVVM Android Application: Jetpack + Architectures
</a>
<span class="main-url" style="color: #333333;font-size: 10px;-ms-text-size-adjust: none!important;-webkit-text-size-adjust: none!important;">
(medium.com)
</span>
<p style="margin: 0;line-height: 1.5em;font-size: 12px;-ms-text-size-adjust: none!important;-webkit-text-size-adjust: none!important;">
Jaewoong Eum continues the series, and in this post looks into modern Android development tools and architectures.
</p>
</td></tr><tr style="-ms-text-size-adjust: none!important;-webkit-text-size-adjust: none!important;"><td colspan="2" class="whitespace" height="17" style="font-size: 0;height: 17px;border-collapse: collapse;-ms-text-size-adjust: none!important;-webkit-text-size-adjust: none!important;"> </td></tr></table>
<table align="center" cellpadding="0" cellspacing="0" class="wrapper" width="510" style="border-collapse: collapse;text-align: left;width: 510px;background: #ffffff;color: #505050;font-family: Arial, sans-serif;font-size: 12px;-ms-text-size-adjust: none!important;-webkit-text-size-adjust: none!important;"><tr style="-ms-text-size-adjust: none!important;-webkit-text-size-adjust: none!important;"><td width="510" valign="middle" align="left" style="font-family: Arial, sans-serif;vertical-align: middle;text-align: left;width: 510px;border-collapse: collapse;-ms-text-size-adjust: none!important;-webkit-text-size-adjust: none!important;"><h2 style="font-size: 18px;text-transform: uppercase;border-bottom: 1px solid #CCCCCC;display: block;font-weight: 400;line-height: 100%;margin: 2% 0 1%;padding: 4px;text-align: left;-ms-text-size-adjust: none!important;-webkit-text-size-adjust: none!important;">Sponsored</h2></td></tr><tr style="-ms-text-size-adjust: none!important;-webkit-text-size-adjust: none!important;"><td colspan="2" class="whitespace" height="10" style="font-size: 0;height: 10px;border-collapse: collapse;-ms-text-size-adjust: none!important;-webkit-text-size-adjust: none!important;"> </td></tr></table>
<table align="center" cellpadding="0" cellspacing="0" class="wrapper" width="510" style="border-collapse: collapse;text-align: left;width: 510px;background: #ffffff;color: #505050;font-family: Arial, sans-serif;font-size: 12px;-ms-text-size-adjust: none!important;-webkit-text-size-adjust: none!important;"><tr style="-ms-text-size-adjust: none!important;-webkit-text-size-adjust: none!important;"><td width="18%" valign="middle" align="left" style="font-family: Arial, sans-serif;vertical-align: middle;text-align: left;width: 18%;border-collapse: collapse;-ms-text-size-adjust: none!important;-webkit-text-size-adjust: none!important;">
<a href="https://androidweekly.net/jobs/new" style="-ms-text-size-adjust: none!important;-webkit-text-size-adjust: none!important;">
<img style="border: 1px solid #333333;height: auto;line-height: 100%;outline: none;text-decoration: none;display: inline;-ms-text-size-adjust: none!important;-webkit-text-size-adjust: none!important;" src="https://androidweekly.net/system/images/5e9327/873c93bc382900491a/square_Bildschirmfoto_2020-04-12_um_16.36.44.png" alt="link image">
</a>
</td><td class="vertical-whitespace" height="20" style="height: 20px;width: 2%;border-collapse: collapse;-ms-text-size-adjust: none!important;-webkit-text-size-adjust: none!important;" valign="top" width="2%"> </td><td width="80%" valign="top" align="left" style="font-family: Arial, sans-serif;vertical-align: top;font-size: 14px;text-align: left;width: 80%;border-collapse: collapse;-ms-text-size-adjust: none!important;-webkit-text-size-adjust: none!important;">
<a class="article-headline" style="color: #0099CC;text-decoration: none;font-weight: bold;-ms-text-size-adjust: none!important;-webkit-text-size-adjust: none!important;" href="https://androidweekly.net/jobs/new">
Place a sponsored post & reach over 66k Android devs
</a>
<span class="main-url" style="color: #333333;font-size: 10px;-ms-text-size-adjust: none!important;-webkit-text-size-adjust: none!important;">
(androidweekly.net)
</span>
<p style="margin: 0;line-height: 1.5em;font-size: 12px;-ms-text-size-adjust: none!important;-webkit-text-size-adjust: none!important;">
Get a discount of 20% on all sponsored posts booked until the end of April 2020. They can be scheduled for any free issue in 2020. Contact martin@androidweekly.net for further details.
</p>
</td></tr><tr style="-ms-text-size-adjust: none!important;-webkit-text-size-adjust: none!important;"><td colspan="2" class="whitespace" height="17" style="font-size: 0;height: 17px;border-collapse: collapse;-ms-text-size-adjust: none!important;-webkit-text-size-adjust: none!important;"> </td></tr></table>
<table align="center" cellpadding="0" cellspacing="0" class="wrapper" width="510" style="border-collapse: collapse;text-align: left;width: 510px;background: #ffffff;color: #505050;font-family: Arial, sans-serif;font-size: 12px;-ms-text-size-adjust: none!important;-webkit-text-size-adjust: none!important;"><tr style="-ms-text-size-adjust: none!important;-webkit-text-size-adjust: none!important;"><td width="510" valign="middle" align="left" style="font-family: Arial, sans-serif;vertical-align: middle;text-align: left;width: 510px;border-collapse: collapse;-ms-text-size-adjust: none!important;-webkit-text-size-adjust: none!important;"><h2 style="font-size: 18px;text-transform: uppercase;border-bottom: 1px solid #CCCCCC;display: block;font-weight: 400;line-height: 100%;margin: 2% 0 1%;padding: 4px;text-align: left;-ms-text-size-adjust: none!important;-webkit-text-size-adjust: none!important;">Jobs</h2></td></tr><tr style="-ms-text-size-adjust: none!important;-webkit-text-size-adjust: none!important;"><td colspan="2" class="whitespace" height="10" style="font-size: 0;height: 10px;border-collapse: collapse;-ms-text-size-adjust: none!important;-webkit-text-size-adjust: none!important;"> </td></tr></table>
<table align="center" cellpadding="0" cellspacing="0" class="wrapper" width="510" style="border-collapse: collapse;text-align: left;width: 510px;background: #ffffff;color: #505050;font-family: Arial, sans-serif;font-size: 12px;-ms-text-size-adjust: none!important;-webkit-text-size-adjust: none!important;"><tr style="-ms-text-size-adjust: none!important;-webkit-text-size-adjust: none!important;"><td valign="top" align="left" style="font-family: Arial, sans-serif;vertical-align: top;font-size: 14px;text-align: left;border-collapse: collapse;-ms-text-size-adjust: none!important;-webkit-text-size-adjust: none!important;">
<a class="article-headline" style="color: #0099CC;text-decoration: none;font-weight: bold;-ms-text-size-adjust: none!important;-webkit-text-size-adjust: none!important;" href="https://cobibike.recruitee.com/o/senior-android-developer-fmx-frankfurt-am-main">
Senior Android Developer
</a>
<span class="main-url" style="color: #333333;font-size: 10px;-ms-text-size-adjust: none!important;-webkit-text-size-adjust: none!important;">
(Frankfurt am Main, Germany)
</span>
<p style="margin: 0;line-height: 1.5em;font-size: 12px;-ms-text-size-adjust: none!important;-webkit-text-size-adjust: none!important;">
The Bosch eBike / COBI.Bike Software Team is looking for a passionate & experienced Android Developer who is enthusiastic about connected mobility and hungry to take on development responsibilities on a new app at our rapidly growing start-up.
</p>
</td></tr><tr style="-ms-text-size-adjust: none!important;-webkit-text-size-adjust: none!important;"><td colspan="2" class="whitespace" height="17" style="font-size: 0;height: 17px;border-collapse: collapse;-ms-text-size-adjust: none!important;-webkit-text-size-adjust: none!important;"> </td></tr></table>
<table align="center" cellpadding="0" cellspacing="0" class="wrapper" width="510" style="border-collapse: collapse;text-align: left;width: 510px;background: #ffffff;color: #505050;font-family: Arial, sans-serif;font-size: 12px;-ms-text-size-adjust: none!important;-webkit-text-size-adjust: none!important;"><tr style="-ms-text-size-adjust: none!important;-webkit-text-size-adjust: none!important;"><td valign="top" align="left" style="font-family: Arial, sans-serif;vertical-align: top;font-size: 14px;text-align: left;border-collapse: collapse;-ms-text-size-adjust: none!important;-webkit-text-size-adjust: none!important;">
<a class="article-headline" style="color: #0099CC;text-decoration: none;font-weight: bold;-ms-text-size-adjust: none!important;-webkit-text-size-adjust: none!important;" href="https://blog.thefabulous.co/jobs-opening/android-developer/">
Senior Android at Fabulous, Material Design Winner
</a>
<span class="main-url" style="color: #333333;font-size: 10px;-ms-text-size-adjust: none!important;-webkit-text-size-adjust: none!important;">
(Remote)
</span>
<p style="margin: 0;line-height: 1.5em;font-size: 12px;-ms-text-size-adjust: none!important;-webkit-text-size-adjust: none!important;">
Join Fabulous, Best App Finalist in Google Play Awards, and contribute to positively impact people lives through behavioral change techniques.

</p>
</td></tr><tr style="-ms-text-size-adjust: none!important;-webkit-text-size-adjust: none!important;"><td colspan="2" class="whitespace" height="17" style="font-size: 0;height: 17px;border-collapse: collapse;-ms-text-size-adjust: none!important;-webkit-text-size-adjust: none!important;"> </td></tr></table>
<table align="center" cellpadding="0" cellspacing="0" class="wrapper" width="510" style="border-collapse: collapse;text-align: left;width: 510px;background: #ffffff;color: #505050;font-family: Arial, sans-serif;font-size: 12px;-ms-text-size-adjust: none!important;-webkit-text-size-adjust: none!important;"><tr style="-ms-text-size-adjust: none!important;-webkit-text-size-adjust: none!important;"><td width="510" valign="middle" align="left" style="font-family: Arial, sans-serif;vertical-align: middle;text-align: left;width: 510px;border-collapse: collapse;-ms-text-size-adjust: none!important;-webkit-text-size-adjust: none!important;"><h2 style="font-size: 18px;text-transform: uppercase;border-bottom: 1px solid #CCCCCC;display: block;font-weight: 400;line-height: 100%;margin: 2% 0 1%;padding: 4px;text-align: left;-ms-text-size-adjust: none!important;-webkit-text-size-adjust: none!important;">Libraries & Code</h2></td></tr><tr style="-ms-text-size-adjust: none!important;-webkit-text-size-adjust: none!important;"><td colspan="2" class="whitespace" height="10" style="font-size: 0;height: 10px;border-collapse: collapse;-ms-text-size-adjust: none!important;-webkit-text-size-adjust: none!important;"> </td></tr></table>
<table align="center" cellpadding="0" cellspacing="0" class="wrapper" width="510" style="border-collapse: collapse;text-align: left;width: 510px;background: #ffffff;color: #505050;font-family: Arial, sans-serif;font-size: 12px;-ms-text-size-adjust: none!important;-webkit-text-size-adjust: none!important;"><tr style="-ms-text-size-adjust: none!important;-webkit-text-size-adjust: none!important;"><td width="18%" valign="middle" align="left" style="font-family: Arial, sans-serif;vertical-align: middle;text-align: left;width: 18%;border-collapse: collapse;-ms-text-size-adjust: none!important;-webkit-text-size-adjust: none!important;">
<a href="https://github.com/ZieIony/GuideToCustomViews" style="-ms-text-size-adjust: none!important;-webkit-text-size-adjust: none!important;">
<img style="border: 1px solid #333333;height: auto;line-height: 100%;outline: none;text-decoration: none;display: inline;-ms-text-size-adjust: none!important;-webkit-text-size-adjust: none!important;" src="https://androidweekly.net/system/images/5e928d/a33c93bc3829004187/square_Bildschirmfoto_2020-04-12_um_16.33.38.png" alt="link image">
</a>
</td><td class="vertical-whitespace" height="20" style="height: 20px;width: 2%;border-collapse: collapse;-ms-text-size-adjust: none!important;-webkit-text-size-adjust: none!important;" valign="top" width="2%"> </td><td width="80%" valign="top" align="left" style="font-family: Arial, sans-serif;vertical-align: top;font-size: 14px;text-align: left;width: 80%;border-collapse: collapse;-ms-text-size-adjust: none!important;-webkit-text-size-adjust: none!important;">
<a class="article-headline" style="color: #0099CC;text-decoration: none;font-weight: bold;-ms-text-size-adjust: none!important;-webkit-text-size-adjust: none!important;" href="https://github.com/ZieIony/GuideToCustomViews">
GuideToCustomViews
</a>
<span class="main-url" style="color: #333333;font-size: 10px;-ms-text-size-adjust: none!important;-webkit-text-size-adjust: none!important;">
(github.com)
</span>
<p style="margin: 0;line-height: 1.5em;font-size: 12px;-ms-text-size-adjust: none!important;-webkit-text-size-adjust: none!important;">
The ultimate guide to Android custom views
</p>
</td></tr><tr style="-ms-text-size-adjust: none!important;-webkit-text-size-adjust: none!important;"><td colspan="2" class="whitespace" height="17" style="font-size: 0;height: 17px;border-collapse: collapse;-ms-text-size-adjust: none!important;-webkit-text-size-adjust: none!important;"> </td></tr></table>
<table align="center" cellpadding="0" cellspacing="0" class="wrapper" width="510" style="border-collapse: collapse;text-align: left;width: 510px;background: #ffffff;color: #505050;font-family: Arial, sans-serif;font-size: 12px;-ms-text-size-adjust: none!important;-webkit-text-size-adjust: none!important;"><tr style="-ms-text-size-adjust: none!important;-webkit-text-size-adjust: none!important;"><td valign="top" align="left" style="font-family: Arial, sans-serif;vertical-align: top;font-size: 14px;text-align: left;border-collapse: collapse;-ms-text-size-adjust: none!important;-webkit-text-size-adjust: none!important;">
<a class="article-headline" style="color: #0099CC;text-decoration: none;font-weight: bold;-ms-text-size-adjust: none!important;-webkit-text-size-adjust: none!important;" href="https://github.com/gaelmarhic/Quadrant">
Quadrant
</a>
<span class="main-url" style="color: #333333;font-size: 10px;-ms-text-size-adjust: none!important;-webkit-text-size-adjust: none!important;">
(github.com)
</span>
<p style="margin: 0;line-height: 1.5em;font-size: 12px;-ms-text-size-adjust: none!important;-webkit-text-size-adjust: none!important;">
A Gradle plugin for Android that makes navigation easy in multi-module projects
</p>
</td></tr><tr style="-ms-text-size-adjust: none!important;-webkit-text-size-adjust: none!important;"><td colspan="2" class="whitespace" height="17" style="font-size: 0;height: 17px;border-collapse: collapse;-ms-text-size-adjust: none!important;-webkit-text-size-adjust: none!important;"> </td></tr></table>
<table align="center" cellpadding="0" cellspacing="0" class="wrapper" width="510" style="border-collapse: collapse;text-align: left;width: 510px;background: #ffffff;color: #505050;font-family: Arial, sans-serif;font-size: 12px;-ms-text-size-adjust: none!important;-webkit-text-size-adjust: none!important;"><tr style="-ms-text-size-adjust: none!important;-webkit-text-size-adjust: none!important;"><td valign="top" align="left" style="font-family: Arial, sans-serif;vertical-align: top;font-size: 14px;text-align: left;border-collapse: collapse;-ms-text-size-adjust: none!important;-webkit-text-size-adjust: none!important;">
<a class="article-headline" style="color: #0099CC;text-decoration: none;font-weight: bold;-ms-text-size-adjust: none!important;-webkit-text-size-adjust: none!important;" href="https://github.com/kozaxinan/android-lints">
android-lints
</a>
<span class="main-url" style="color: #333333;font-size: 10px;-ms-text-size-adjust: none!important;-webkit-text-size-adjust: none!important;">
(github.com)
</span>
<p style="margin: 0;line-height: 1.5em;font-size: 12px;-ms-text-size-adjust: none!important;-webkit-text-size-adjust: none!important;">
A custom set of android lint rules
</p>
</td></tr><tr style="-ms-text-size-adjust: none!important;-webkit-text-size-adjust: none!important;"><td colspan="2" class="whitespace" height="17" style="font-size: 0;height: 17px;border-collapse: collapse;-ms-text-size-adjust: none!important;-webkit-text-size-adjust: none!important;"> </td></tr></table>
<table align="center" cellpadding="0" cellspacing="0" class="wrapper" width="510" style="border-collapse: collapse;text-align: left;width: 510px;background: #ffffff;color: #505050;font-family: Arial, sans-serif;font-size: 12px;-ms-text-size-adjust: none!important;-webkit-text-size-adjust: none!important;"><tr style="-ms-text-size-adjust: none!important;-webkit-text-size-adjust: none!important;"><td width="510" valign="middle" align="left" style="font-family: Arial, sans-serif;vertical-align: middle;text-align: left;width: 510px;border-collapse: collapse;-ms-text-size-adjust: none!important;-webkit-text-size-adjust: none!important;"><h2 style="font-size: 18px;text-transform: uppercase;border-bottom: 1px solid #CCCCCC;display: block;font-weight: 400;line-height: 100%;margin: 2% 0 1%;padding: 4px;text-align: left;-ms-text-size-adjust: none!important;-webkit-text-size-adjust: none!important;">News</h2></td></tr><tr style="-ms-text-size-adjust: none!important;-webkit-text-size-adjust: none!important;"><td colspan="2" class="whitespace" height="10" style="font-size: 0;height: 10px;border-collapse: collapse;-ms-text-size-adjust: none!important;-webkit-text-size-adjust: none!important;"> </td></tr></table>
<table align="center" cellpadding="0" cellspacing="0" class="wrapper" width="510" style="border-collapse: collapse;text-align: left;width: 510px;background: #ffffff;color: #505050;font-family: Arial, sans-serif;font-size: 12px;-ms-text-size-adjust: none!important;-webkit-text-size-adjust: none!important;"><tr style="-ms-text-size-adjust: none!important;-webkit-text-size-adjust: none!important;"><td width="18%" valign="middle" align="left" style="font-family: Arial, sans-serif;vertical-align: middle;text-align: left;width: 18%;border-collapse: collapse;-ms-text-size-adjust: none!important;-webkit-text-size-adjust: none!important;">
<a href="https://www.online.droidcon.com/" style="-ms-text-size-adjust: none!important;-webkit-text-size-adjust: none!important;">
<img style="border: 1px solid #333333;height: auto;line-height: 100%;outline: none;text-decoration: none;display: inline;-ms-text-size-adjust: none!important;-webkit-text-size-adjust: none!important;" src="https://androidweekly.net/system/images/5e9292/723c93bc38290041e6/square_Bildschirmfoto_2020-04-12_um_16.33.59.png" alt="link image">
</a>
</td><td class="vertical-whitespace" height="20" style="height: 20px;width: 2%;border-collapse: collapse;-ms-text-size-adjust: none!important;-webkit-text-size-adjust: none!important;" valign="top" width="2%"> </td><td width="80%" valign="top" align="left" style="font-family: Arial, sans-serif;vertical-align: top;font-size: 14px;text-align: left;width: 80%;border-collapse: collapse;-ms-text-size-adjust: none!important;-webkit-text-size-adjust: none!important;">
<a class="article-headline" style="color: #0099CC;text-decoration: none;font-weight: bold;-ms-text-size-adjust: none!important;-webkit-text-size-adjust: none!important;" href="https://www.online.droidcon.com/">
droidcon Online
</a>
<span class="main-url" style="color: #333333;font-size: 10px;-ms-text-size-adjust: none!important;-webkit-text-size-adjust: none!important;">
(www.online.droidcon.com)
</span>
<p style="margin: 0;line-height: 1.5em;font-size: 12px;-ms-text-size-adjust: none!important;-webkit-text-size-adjust: none!important;">
Over the next months, Droidcon will host a series of virtual gatherings featuring GDEs and other Android experts from our communities across the globe on a wide range of Android development topics. These webinars will be highly informative and fully interactive
</p>
</td></tr><tr style="-ms-text-size-adjust: none!important;-webkit-text-size-adjust: none!important;"><td colspan="2" class="whitespace" height="17" style="font-size: 0;height: 17px;border-collapse: collapse;-ms-text-size-adjust: none!important;-webkit-text-size-adjust: none!important;"> </td></tr></table>
<table align="center" cellpadding="0" cellspacing="0" class="wrapper" width="510" style="border-collapse: collapse;text-align: left;width: 510px;background: #ffffff;color: #505050;font-family: Arial, sans-serif;font-size: 12px;-ms-text-size-adjust: none!important;-webkit-text-size-adjust: none!important;"><tr style="-ms-text-size-adjust: none!important;-webkit-text-size-adjust: none!important;"><td valign="top" align="left" style="font-family: Arial, sans-serif;vertical-align: top;font-size: 14px;text-align: left;border-collapse: collapse;-ms-text-size-adjust: none!important;-webkit-text-size-adjust: none!important;">
<a class="article-headline" style="color: #0099CC;text-decoration: none;font-weight: bold;-ms-text-size-adjust: none!important;-webkit-text-size-adjust: none!important;" href="https://developers.googleblog.com/2020/04/local-home-sdk-ready-for-actions.html?linkId=85936598&m=1">
Local Home SDK Ready for Actions
</a>
<span class="main-url" style="color: #333333;font-size: 10px;-ms-text-size-adjust: none!important;-webkit-text-size-adjust: none!important;">
(developers.googleblog.com)
</span>
<p style="margin: 0;line-height: 1.5em;font-size: 12px;-ms-text-size-adjust: none!important;-webkit-text-size-adjust: none!important;">
Dave Smith announces that Google is now allowing you to submit local fulfillment apps along with your smart home Action through the Actions console using Local Home SDK v1.0.
</p>
</td></tr><tr style="-ms-text-size-adjust: none!important;-webkit-text-size-adjust: none!important;"><td colspan="2" class="whitespace" height="17" style="font-size: 0;height: 17px;border-collapse: collapse;-ms-text-size-adjust: none!important;-webkit-text-size-adjust: none!important;"> </td></tr></table>
<table align="center" cellpadding="0" cellspacing="0" class="wrapper" width="510" style="border-collapse: collapse;text-align: left;width: 510px;background: #ffffff;color: #505050;font-family: Arial, sans-serif;font-size: 12px;-ms-text-size-adjust: none!important;-webkit-text-size-adjust: none!important;"><tr style="-ms-text-size-adjust: none!important;-webkit-text-size-adjust: none!important;"><td valign="top" align="left" style="font-family: Arial, sans-serif;vertical-align: top;font-size: 14px;text-align: left;border-collapse: collapse;-ms-text-size-adjust: none!important;-webkit-text-size-adjust: none!important;">
<a class="article-headline" style="color: #0099CC;text-decoration: none;font-weight: bold;-ms-text-size-adjust: none!important;-webkit-text-size-adjust: none!important;" href="https://android-developers.googleblog.com/2020/04/google-play-updates-and-information.html?utm_source=feedburner&utm_medium=feed&utm_campaign=Feed:+blogspot/hsDu+(Android+Developers+Blog)&m=1">
Google Play updates and information: Resources for developers
</a>
<span class="main-url" style="color: #333333;font-size: 10px;-ms-text-size-adjust: none!important;-webkit-text-size-adjust: none!important;">
(android-developers.googleblog.com)
</span>
<p style="margin: 0;line-height: 1.5em;font-size: 12px;-ms-text-size-adjust: none!important;-webkit-text-size-adjust: none!important;">
Google has pulled together some important information to help you maintain business continuity, as well as best practices to help you stay nimble in the changing landscape. 
</p>
</td></tr><tr style="-ms-text-size-adjust: none!important;-webkit-text-size-adjust: none!important;"><td colspan="2" class="whitespace" height="17" style="font-size: 0;height: 17px;border-collapse: collapse;-ms-text-size-adjust: none!important;-webkit-text-size-adjust: none!important;"> </td></tr></table></div>

      <!-- separator -->
      <table align="center" cellpadding="0" cellspacing="0" class="wrapper" width="570" style="border-collapse: collapse;text-align: center;width: 570px;background: #ffffff;color: #505050;font-family: Arial, sans-serif;font-size: 12px;-ms-text-size-adjust: none!important;-webkit-text-size-adjust: none!important;">
        <!-- whitespace -->
        <tr style="-ms-text-size-adjust: none!important;-webkit-text-size-adjust: none!important;">
            <td class="whitespace" height="10" style="font-size: 0;height: 10px;border-collapse: collapse;-ms-text-size-adjust: none!important;-webkit-text-size-adjust: none!important;">&nbsp;</td>
        </tr>
        <!-- whitespace - end -->
        <tr style="-ms-text-size-adjust: none!important;-webkit-text-size-adjust: none!important;">
            <td width="570" class="whitespace" height="3" style="background-color: #909090;font-size: 0;height: 3px;width: 570px;border-collapse: collapse;-ms-text-size-adjust: none!important;-webkit-text-size-adjust: none!important;">&nbsp;</td>
        </tr>
        <!-- whitespace -->
        <tr style="-ms-text-size-adjust: none!important;-webkit-text-size-adjust: none!important;">
            <td class="whitespace" height="30" style="font-size: 0;height: 30px;border-collapse: collapse;-ms-text-size-adjust: none!important;-webkit-text-size-adjust: none!important;">&nbsp;</td>
        </tr>
        <!-- whitespace - end -->
      </table>
      <!-- separator - end -->

      <!-- Mailchimp Footer -->
      <table align="center" cellpadding="0" cellspacing="0" class="wrapper" width="510" style="border-collapse: collapse;text-align: center;width: 510px;background: #ffffff;color: #505050;font-family: Arial, sans-serif;font-size: 12px;-ms-text-size-adjust: none!important;-webkit-text-size-adjust: none!important;">
        <tr style="-ms-text-size-adjust: none!important;-webkit-text-size-adjust: none!important;">
          <td colspan="3" valign="top" align="center" style="font-family: Arial, sans-serif;vertical-align: top;font-size: 12px;text-align: center;border-collapse: collapse;-ms-text-size-adjust: none!important;-webkit-text-size-adjust: none!important;">
            <div style="-ms-text-size-adjust: none!important;-webkit-text-size-adjust: none!important;">
              <em style="-ms-text-size-adjust: none!important;-webkit-text-size-adjust: none!important;">Copyright &copy; 2020 Android Weekly, All rights reserved.</em>
              <br style="-ms-text-size-adjust: none!important;-webkit-text-size-adjust: none!important;">
              You came here because you want all the new stuff in the android dev world!
              <br style="-ms-text-size-adjust: none!important;-webkit-text-size-adjust: none!important;">
              <br style="-ms-text-size-adjust: none!important;-webkit-text-size-adjust: none!important;">
              <strong style="-ms-text-size-adjust: none!important;-webkit-text-size-adjust: none!important;">Our mailing address is:</strong>
              <br style="-ms-text-size-adjust: none!important;-webkit-text-size-adjust: none!important;">
              <div class="vcard"><span class="org fn">Android Weekly</span><div class="adr"><div class="street-address">Kortumstr. 19-21</div><span class="locality">Bochum</span> <span class="postal-code">44787</span> <div class="country-name">Germany</div></div><br><a href="https://androidweekly.us2.list-manage.com/vcard?u=887caf4f48db76fd91e20a06d&id=4eb677ad19" class="hcard-download">Add us to your address book</a></div>
            </div>
          </td>
        </tr>
        <!-- whitespace -->
        <tr style="-ms-text-size-adjust: none!important;-webkit-text-size-adjust: none!important;">
            <td colspan="3" class="whitespace" height="15" style="font-size: 0;height: 15px;border-collapse: collapse;-ms-text-size-adjust: none!important;-webkit-text-size-adjust: none!important;">&nbsp;</td>
        </tr>
        <!-- whitespace - end -->
      <!-- separator - end -->
        <tr style="-ms-text-size-adjust: none!important;-webkit-text-size-adjust: none!important;">
          <td width="40%" valign="top" align="left" style="font-family: Arial, sans-serif;vertical-align: top;font-size: 11px;text-align: right;width: 40%;border-collapse: collapse;-ms-text-size-adjust: none!important;-webkit-text-size-adjust: none!important;">
            <div style="-ms-text-size-adjust: none!important;-webkit-text-size-adjust: none!important;">
              <a style="color: #505050;-ms-text-size-adjust: none!important;-webkit-text-size-adjust: none!important;" href="https://androidweekly.us2.list-manage.com/profile?u=887caf4f48db76fd91e20a06d&id=4eb677ad19&e=[UNIQID]">update subscription preferences</a>
            </div>
          </td>
          <td width="10%" valign="top" align="left" style="font-family: Arial, sans-serif;vertical-align: top;font-size: 11px;text-align: center;width: 10%;border-collapse: collapse;-ms-text-size-adjust: none!important;-webkit-text-size-adjust: none!important;">
            or
          </td>
          <td width="40%" valign="top" align="right" style="font-family: Arial, sans-serif;vertical-align: top;font-size: 11px;text-align: left;width: 40%;border-collapse: collapse;-ms-text-size-adjust: none!important;-webkit-text-size-adjust: none!important;">
            <div style="-ms-text-size-adjust: none!important;-webkit-text-size-adjust: none!important;">
              <a style="color: #505050;-ms-text-size-adjust: none!important;-webkit-text-size-adjust: none!important;" href="https://androidweekly.us2.list-manage.com/unsubscribe?u=887caf4f48db76fd91e20a06d&id=4eb677ad19&e=[UNIQID]&c=a05dd714c7">unsubscribe from this list</a>&nbsp;
            </div>
          </td>
        </tr>
        <!-- whitespace -->
        <tr style="-ms-text-size-adjust: none!important;-webkit-text-size-adjust: none!important;">
            <td class="whitespace" height="20" style="font-size: 0;height: 20px;border-collapse: collapse;-ms-text-size-adjust: none!important;-webkit-text-size-adjust: none!important;">&nbsp;</td>
        </tr>
        <!-- whitespace - end -->
      <!-- separator - end -->
      </table>
      <!-- Mailchimp Footer - end -->
    </center>
  </body>
</html>
]]></content:encoded>
      <pubDate>Sun, 12 Apr 2020 16:00:00 +0000</pubDate>
    </item>
  </channel>
</rss>
